Job Id listed below:
57059544

Lmod is automatically replacing "clang/2022.1.2" with "intel/2022.1.2".


Lmod is automatically replacing "gcc/10.3.0" with "clang/2022.1.2".

-------------------------------------------------------------------------------
The following dependent module(s) are not currently loaded: gcc/10.3.0 (required by: python/3.10.4)
-------------------------------------------------------------------------------

Lmod is automatically replacing "clang/2022.1.2" with "gcc/10.3.0".

2023-08-02 11:43:53.844095: I tensorflow/core/platform/cpu_feature_guard.cc:182] This TensorFlow binary is optimized to use available CPU instructions in performance-critical operations.
To enable the following instructions: AVX2 AVX512F FMA, in other operations, rebuild TensorFlow with the appropriate compiler flags.
2023-08-02 11:43:55.771852: W tensorflow/compiler/tf2tensorrt/utils/py_utils.cc:38] TF-TRT Warning: Could not find TensorRT
GAME IS SYMMETRIC. ONLY 1 SET OF RETURNS

TRIAL 0:

ITERATION 0:
KL Divergence Data Individual 0:  [7.6623774, 7.5360637, 7.242888, 7.574238, 7.8108907, 7.6181293, 7.3952503, 7.339751, 7.4101706, 7.494671]
Expected welfare:  187.6367259165

ITERATION 1:
[1.000e-04 9.999e-01] [145.815 110.355]
Individual regret vector:  [[21.00163704175]]
KL Divergence Data Individual 0:  [8.756147, 8.96164, 8.874799, 8.819771, 8.980433, 9.127528, 8.830848, 9.082872, 9.086803, 9.146781]
Expected welfare:  122.14566893322034

ITERATION 2:
[1.00000000e-04 3.48398152e-01 6.51501848e-01] [134.055 112.16   35.675]
Individual regret vector:  [[21.00163704175, 1.2592361726388432]]
KL Divergence Data Individual 0:  [9.317223, 9.609098, 8.5998, 8.859184, 9.066661, 9.068245, 8.845209, 8.660825, 9.077701, 9.456556]
Expected welfare:  108.9773905759176

ITERATION 3:
[1.00000000e-04 2.36161437e-01 1.73098848e-02 7.46428678e-01] [145.025 109.77   36.84   35.17 ]
Individual regret vector:  [[21.00163704175, 1.2592361726388432, 2.7413047120411917]]
KL Divergence Data Individual 0:  [13.724909, 14.106019, 14.4219265, 14.060806, 14.0376215, 14.120435, 13.92854, 13.984364, 14.125551, 13.922646]
Expected welfare:  108.95332889327229

ITERATION 4:
[1.00000000e-04 2.35978080e-01 1.52751386e-02 7.48546781e-01
 1.00000000e-04] [136.5   110.395  33.965  36.63   37.68 ]
Individual regret vector:  [[21.00163704175, 1.2592361726388432, 2.7413047120411917, 2.0333355533638553]]
KL Divergence Data Individual 0:  [13.094341, 12.937317, 12.925691, 12.806555, 13.022825, 12.862252, 12.801941, 13.031377, 13.2982, 12.702175]
Expected welfare:  108.95081723768531

ITERATION 5:
[1.00000000e-04 2.35958636e-01 1.49104607e-02 7.48830903e-01
 1.00000000e-04 1.00000000e-04] [140.755 106.295  36.245  36.39   34.075  34.46 ]
Individual regret vector:  [[21.00163704175, 1.2592361726388432, 2.7413047120411917, 2.0333355533638553, 3.7145913811573408]]
KL Divergence Data Individual 0:  [13.321807, 13.570561, 13.499563, 13.390768, 13.563299, 13.456504, 13.426996, 12.95725, 13.095974, 13.747423]
Expected welfare:  108.9351269840805

ITERATION 6:
[1.00000000e-04 2.35841783e-01 1.36081701e-02 7.50150046e-01
 1.00000000e-04 1.00000000e-04 1.00000000e-04] [145.625 109.415  36.665  37.14   33.87   35.005  37.75 ]
Individual regret vector:  [[21.00163704175, 1.2592361726388432, 2.7413047120411917, 2.0333355533638553, 3.7145913811573408, 9.042436507959735]]
KL Divergence Data Individual 0:  [13.02725, 13.00795, 13.182971, 13.038693, 12.807744, 13.123882, 13.220566, 13.121653, 13.056559, 12.8351145]
Expected welfare:  108.99463504596501

ITERATION 7:
[1.00000000e-04 2.36299841e-01 1.82811862e-02 7.44918973e-01
 1.00000000e-04 1.00000000e-04 1.00000000e-04 1.00000000e-04] [140.24  114.94   37.63   34.49   32.795  35.31   38.095  33.55 ]
Individual regret vector:  [[21.00163704175, 1.2592361726388432, 2.7413047120411917, 2.0333355533638553, 3.7145913811573408, 9.042436507959735, 4.082682477017485]]
KL Divergence Data Individual 0:  [11.566877, 11.36361, 11.116757, 11.289198, 11.682971, 11.098532, 11.288892, 11.219644, 11.724201, 11.345572]
Expected welfare:  108.74312790188772

ITERATION 8:
[1.00000000e-04 2.34389983e-01 1.00000000e-04 7.64910017e-01
 1.00000000e-04 1.00000000e-04 1.00000000e-04 1.00000000e-04
 1.00000000e-04] [143.88  107.69   36.195  36.245  36.67   37.165  38.5    35.875  37.01 ]
Individual regret vector:  [[21.00163704175, 1.2592361726388432, 2.7413047120411917, 2.0333355533638553, 3.7145913811573408, 9.042436507959735, 4.082682477017485, 5.028436049056147]]
KL Divergence Data Individual 0:  [12.934591, 12.836094, 12.4705515, 12.599222, 13.126044, 12.613747, 13.061591, 12.727833, 12.480734, 12.976055]
Expected welfare:  108.7431718175027

ITERATION 9:
[1.00000000e-04 2.34393978e-01 1.00000000e-04 7.64806022e-01
 1.00000000e-04 1.00000000e-04 1.00000000e-04 1.00000000e-04
 1.00000000e-04 1.00000000e-04] [146.71  109.02   34.42   37.66   35.185  33.075  36.44   34.705  38.195
  35.125]
Individual regret vector:  [[21.00163704175, 1.2592361726388432, 2.7413047120411917, 2.0333355533638553, 3.7145913811573408, 9.042436507959735, 4.082682477017485, 5.028436049056147, 8.43841409124866]]
KL Divergence Data Individual 0:  [11.8458805, 12.060664, 12.541369, 11.962287, 12.488794, 11.640214, 12.039341, 12.265545, 11.990691, 11.56171]
Expected welfare:  108.74410793826186

ITERATION 10:
[1.00000000e-04 2.34403241e-01 1.00000000e-04 7.64696759e-01
 1.00000000e-04 1.00000000e-04 1.00000000e-04 1.00000000e-04
 1.00000000e-04 1.00000000e-04 1.00000000e-04] [145.36  111.535  35.625  35.37   37.015  32.725  38.94   34.98   33.115
  36.21   36.295]
Individual regret vector:  [[21.00163704175, 1.2592361726388432, 2.7413047120411917, 2.0333355533638553, 3.7145913811573408, 9.042436507959735, 4.082682477017485, 5.028436049056147, 8.43841409124866, -1.1375375989771754]]
KL Divergence Data Individual 0:  [14.080516, 13.872207, 13.683881, 13.651929, 13.8153925, 13.774791, 13.891306, 13.944238, 13.688339, 13.722419]
Expected welfare:  108.74493105530833

ITERATION 11:
[1.00000000e-04 2.34412874e-01 1.00000000e-04 7.64587126e-01
 1.00000000e-04 1.00000000e-04 1.00000000e-04 1.00000000e-04
 1.00000000e-04 1.00000000e-04 1.00000000e-04 1.00000000e-04] [141.015 111.345  34.12   37.07   36.36   35.595  34.84   35.83   31.39
  32.51   38.685  37.7  ]
Individual regret vector:  [[21.00163704175, 1.2592361726388432, 2.7413047120411917, 2.0333355533638553, 3.7145913811573408, 9.042436507959735, 4.082682477017485, 5.028436049056147, 8.43841409124866, -1.1375375989771754, 0.11728517235310676]]
KL Divergence Data Individual 0:  [11.964307, 12.11859, 12.077976, 12.1812725, 11.753126, 12.246028, 11.594214, 11.914578, 11.724586, 12.247584]
Expected welfare:  108.74462052977552

ITERATION 12:
[1.00000000e-04 2.34406993e-01 1.00000000e-04 7.64493007e-01
 1.00000000e-04 1.00000000e-04 1.00000000e-04 1.00000000e-04
 1.00000000e-04 1.00000000e-04 1.00000000e-04 1.00000000e-04
 1.00000000e-04] [140.765 109.22   36.68   33.715  35.955  36.23   37.5    36.585  35.815
  37.565  35.825  37.435  37.015]
Individual regret vector:  [[21.00163704175, 1.2592361726388432, 2.7413047120411917, 2.0333355533638553, 3.7145913811573408, 9.042436507959735, 4.082682477017485, 5.028436049056147, 8.43841409124866, -1.1375375989771754, 0.11728517235310676, 4.327689735112251]]
KL Divergence Data Individual 0:  [11.82556, 11.843945, 11.584245, 11.54214, 11.939729, 11.750145, 12.0473795, 11.807838, 11.6567745, 11.917552]
Expected welfare:  108.74070316514067

ITERATION 13:
[1.00000000e-04 2.34384165e-01 1.00000000e-04 7.64415835e-01
 1.00000000e-04 1.00000000e-04 1.00000000e-04 1.00000000e-04
 1.00000000e-04 1.00000000e-04 1.00000000e-04 1.00000000e-04
 1.00000000e-04 1.00000000e-04] [137.52  108.51   32.525  37.455  34.125  36.805  34.525  34.96   35.475
  33.42   37.38   36.455  35.56   35.04 ]
Individual regret vector:  [[21.00163704175, 1.2592361726388432, 2.7413047120411917, 2.0333355533638553, 3.7145913811573408, 9.042436507959735, 4.082682477017485, 5.028436049056147, 8.43841409124866, -1.1375375989771754, 0.11728517235310676, 4.327689735112251, 3.7996484174296583]]
KL Divergence Data Individual 0:  [11.373143, 11.936265, 11.32177, 11.869692, 11.546497, 11.773113, 11.535639, 11.36533, 11.543639, 11.484144]
Expected welfare:  108.74323748081018

ITERATION 14:
[1.0000000e-04 2.3440605e-01 1.0000000e-04 7.6429395e-01 1.0000000e-04
 1.0000000e-04 1.0000000e-04 1.0000000e-04 1.0000000e-04 1.0000000e-04
 1.0000000e-04 1.0000000e-04 1.0000000e-04 1.0000000e-04 1.0000000e-04] [147.61  109.15   32.475  35.515  33.905  32.92   37.74   36.575  36.775
  35.25   35.24   39.5    33.98   34.12   38.16 ]
Individual regret vector:  [[21.00163704175, 1.2592361726388432, 2.7413047120411917, 2.0333355533638553, 3.7145913811573408, 9.042436507959735, 4.082682477017485, 5.028436049056147, 8.43841409124866, -1.1375375989771754, 0.11728517235310676, 4.327689735112251, 3.7996484174296583, 6.54838125959494]]
KL Divergence Data Individual 0:  [12.62626, 12.947093, 12.6691675, 12.620029, 12.766404, 12.881828, 12.8399315, 12.990909, 13.0819, 12.618835]
Expected welfare:  108.74368269914702

ITERATION 15:
[1.0000000e-04 2.3440945e-01 1.0000000e-04 7.6419055e-01 1.0000000e-04
 1.0000000e-04 1.0000000e-04 1.0000000e-04 1.0000000e-04 1.0000000e-04
 1.0000000e-04 1.0000000e-04 1.0000000e-04 1.0000000e-04 1.0000000e-04
 1.0000000e-04] [145.34  112.885  37.155  36.715  35.8    39.865  36.955  36.77   37.185
  36.725  39.315  36.505  37.96   32.77   32.95   36.36 ]
Individual regret vector:  [[21.00163704175, 1.2592361726388432, 2.7413047120411917, 2.0333355533638553, 3.7145913811573408, 9.042436507959735, 4.082682477017485, 5.028436049056147, 8.43841409124866, -1.1375375989771754, 0.11728517235310676, 4.327689735112251, 3.7996484174296583, 6.54838125959494, 8.47815865042648]]
KL Divergence Data Individual 0:  [13.258934, 12.974759, 13.218938, 13.048987, 12.863881, 13.061606, 13.205283, 13.205803, 13.080873, 13.200808]
Expected welfare:  112.6949833874815

ITERATION 16:
[1.00000000e-04 2.59648582e-01 1.00000000e-04 4.23150097e-01
 1.00000000e-04 1.00000000e-04 1.00000000e-04 1.00000000e-04
 1.26081782e-01 1.00000000e-04 1.00000000e-04 1.00000000e-04
 1.00000000e-04 1.00000000e-04 1.00000000e-04 1.00000000e-04
 1.89819539e-01] [142.04  113.23   34.13   33.115  31.39   33.025  36.96   35.925  32.7
  36.765  35.94   33.095  35.8    36.97   36.055  34.275  33.125]
Individual regret vector:  [[21.00163704175, 1.2592361726388432, 2.7413047120411917, 2.0333355533638553, 3.7145913811573408, 9.042436507959735, 4.082682477017485, 5.028436049056147, 8.43841409124866, -1.1375375989771754, 0.11728517235310676, 4.327689735112251, 3.7996484174296583, 6.54838125959494, 8.47815865042648, 3.292508306259265]]
KL Divergence Data Individual 0:  [12.669201, 12.324733, 12.336571, 12.402646, 12.420773, 12.504575, 12.694221, 12.6893635, 12.70022, 12.719249]
Expected welfare:  112.69686989590582

ITERATION 17:
[1.00000000e-04 2.59668295e-01 1.00000000e-04 4.23026185e-01
 1.00000000e-04 1.00000000e-04 1.00000000e-04 1.00000000e-04
 1.26119702e-01 1.00000000e-04 1.00000000e-04 1.00000000e-04
 1.00000000e-04 1.00000000e-04 1.00000000e-04 1.00000000e-04
 1.89785817e-01 1.00000000e-04] [139.755 113.94   36.06   34.66   38.165  35.77   33.275  35.83   37.095
  36.79   36.14   34.     32.165  33.385  37.945  34.485  39.23   35.435]
Individual regret vector:  [[21.00163704175, 1.2592361726388432, 2.7413047120411917, 2.0333355533638553, 3.7145913811573408, 9.042436507959735, 4.082682477017485, 5.028436049056147, 8.43841409124866, -1.1375375989771754, 0.11728517235310676, 4.327689735112251, 3.7996484174296583, 6.54838125959494, 8.47815865042648, 3.292508306259265, 4.301565052047103]]
KL Divergence Data Individual 0:  [12.874485, 12.856854, 12.510456, 12.366858, 12.613201, 12.939719, 12.422532, 12.905171, 12.981828, 12.8278055]
Expected welfare:  115.68843728610784

ITERATION 18:
[1.00000000e-04 2.72038750e-01 1.00000000e-04 1.00000000e-04
 1.00000000e-04 1.00000000e-04 1.00000000e-04 1.00000000e-04
 3.92477003e-01 1.00000000e-04 1.00000000e-04 1.00000000e-04
 1.00000000e-04 1.00000000e-04 1.00000000e-04 1.00000000e-04
 1.85682409e-01 1.00000000e-04 1.48301839e-01] [143.075 105.795  35.25   31.75   36.46   37.91   34.91   38.72   30.97
  37.99   31.755  36.105  36.34   34.145  34.41   35.405  35.565  33.725
  37.67 ]
Individual regret vector:  [[21.00163704175, 1.2592361726388432, 2.7413047120411917, 2.0333355533638553, 3.7145913811573408, 9.042436507959735, 4.082682477017485, 5.028436049056147, 8.43841409124866, -1.1375375989771754, 0.11728517235310676, 4.327689735112251, 3.7996484174296583, 6.54838125959494, 8.47815865042648, 3.292508306259265, 4.301565052047103, 5.840781356946081]]
KL Divergence Data Individual 0:  [13.751322, 13.4177265, 13.645125, 13.397487, 13.67999, 13.585519, 13.56119, 13.67307, 13.554718, 13.468434]
Expected welfare:  115.6870882420254

ITERATION 19:
[1.00000000e-04 2.72039949e-01 1.00000000e-04 1.00000000e-04
 1.00000000e-04 1.00000000e-04 1.00000000e-04 1.00000000e-04
 3.92457799e-01 1.00000000e-04 1.00000000e-04 1.00000000e-04
 1.00000000e-04 1.00000000e-04 1.00000000e-04 1.00000000e-04
 1.85642267e-01 1.00000000e-04 1.48259984e-01 1.00000000e-04] [140.37  110.95   35.635  36.725  35.28   37.385  39.135  33.845  39.815
  35.195  37.945  38.125  37.675  32.39   37.455  35.66   35.945  37.625
  36.615  35.695]
Individual regret vector:  [[21.00163704175, 1.2592361726388432, 2.7413047120411917, 2.0333355533638553, 3.7145913811573408, 9.042436507959735, 4.082682477017485, 5.028436049056147, 8.43841409124866, -1.1375375989771754, 0.11728517235310676, 4.327689735112251, 3.7996484174296583, 6.54838125959494, 8.47815865042648, 3.292508306259265, 4.301565052047103, 5.840781356946081, 1.5864558789873087]]
KL Divergence Data Individual 0:  [13.405595, 13.336321, 13.265956, 13.543254, 13.42425, 13.682174, 13.505697, 13.405199, 13.408566, 13.626259]
Expected welfare:  116.75445319718274

ITERATION 20:
[1.00000000e-04 2.77752478e-01 1.00000000e-04 1.00000000e-04
 1.00000000e-04 1.00000000e-04 1.00000000e-04 1.00000000e-04
 4.64587552e-01 1.00000000e-04 1.00000000e-04 1.00000000e-04
 1.00000000e-04 1.00000000e-04 1.00000000e-04 1.00000000e-04
 1.00000000e-04 1.00000000e-04 1.00000000e-04 1.00000000e-04
 2.55859969e-01] [142.14  109.48   36.145  36.675  31.37   36.47   35.155  35.985  32.835
  35.985  36.255  33.855  36.395  31.8    34.62   32.425  34.965  35.32
  35.45   36.05   35.245]
Individual regret vector:  [[21.00163704175, 1.2592361726388432, 2.7413047120411917, 2.0333355533638553, 3.7145913811573408, 9.042436507959735, 4.082682477017485, 5.028436049056147, 8.43841409124866, -1.1375375989771754, 0.11728517235310676, 4.327689735112251, 3.7996484174296583, 6.54838125959494, 8.47815865042648, 3.292508306259265, 4.301565052047103, 5.840781356946081, 1.5864558789873087, 4.782773401408626]]
KL Divergence Data Individual 0:  [11.514053, 11.144061, 11.4100065, 11.496101, 11.156387, 11.43238, 11.773449, 11.571058, 11.455155, 11.343075]
Expected welfare:  116.7534748639813

TRIAL 1:

ITERATION 0:
KL Divergence Data Individual 0:  [7.87402, 7.676146, 8.089219, 7.654904, 7.7293425, 7.6024947, 8.06854, 7.821439, 8.066135, 8.060506]
Expected welfare:  198.48511599645002

ITERATION 1:
[1.000e-04 9.999e-01] [189.24  133.935]
Individual regret vector:  [[34.697972501774984]]
KL Divergence Data Individual 0:  [7.497545, 7.2959924, 7.732346, 7.413207, 7.4739795, 7.3841934, 7.4410853, 7.6054525, 7.7489247, 7.4944825]
Expected welfare:  121.55821080219825

ITERATION 2:
[1.00000000e-04 5.76540237e-02 9.42245976e-01] [109.78  98.28  81.55]
Individual regret vector:  [[34.697972501774984, 26.82089459890087]]
KL Divergence Data Individual 0:  [11.08214, 11.356046, 11.071018, 10.922912, 11.462452, 11.014823, 11.385628, 11.272004, 11.038053, 11.423353]
Expected welfare:  120.68028561239335

ITERATION 3:
[1.00000000e-04 1.00000000e-04 5.73248026e-01 4.26551974e-01] [94.065 93.53  80.2   57.435]
Individual regret vector:  [[34.697972501774984, 26.82089459890087, 14.504857193803339]]
KL Divergence Data Individual 0:  [13.509767, 13.24416, 13.224064, 13.388335, 13.526985, 13.454454, 13.370713, 13.496757, 13.567372, 13.360586]
Expected welfare:  125.82387250690051

ITERATION 4:
[1.00000000e-04 1.00000000e-04 4.12428680e-01 1.43489083e-01
 4.43882237e-01] [96.67  96.03  83.095 43.86  69.545]
Individual regret vector:  [[34.697972501774984, 26.82089459890087, 14.504857193803339, 8.541316272214956]]
KL Divergence Data Individual 0:  [13.312751, 13.357578, 13.229069, 13.282284, 13.180212, 13.194735, 13.283113, 13.308654, 13.399541, 13.392633]
Expected welfare:  120.83744798496325

ITERATION 5:
[1.00000000e-04 1.00000000e-04 1.88919043e-01 1.00000000e-04
 2.03722718e-01 6.07058240e-01] [128.6   108.815  69.585  81.86   72.77   89.13 ]
Individual regret vector:  [[34.697972501774984, 26.82089459890087, 14.504857193803339, 8.541316272214956, 21.69113815864855]]
KL Divergence Data Individual 0:  [12.288686, 12.441685, 12.668676, 12.464177, 12.205253, 12.589059, 12.742615, 12.866645, 12.72125, 12.5860815]
Expected welfare:  129.49307586785

ITERATION 6:
[1.000e-04 1.000e-04 1.000e-04 1.000e-04 1.000e-04 1.000e-04 9.994e-01] [145.42  112.06   81.     91.005  91.97   89.445  93.17 ]
Individual regret vector:  [[34.697972501774984, 26.82089459890087, 14.504857193803339, 8.541316272214956, 21.69113815864855, 31.20346206607499]]
KL Divergence Data Individual 0:  [12.281184, 12.593421, 12.2446995, 12.115237, 12.379263, 12.414522, 12.161592, 12.5738325, 12.35478, 12.377863]
Expected welfare:  124.59321938946283

ITERATION 7:
[1.00000000e-04 1.00000000e-04 1.00000000e-04 1.00000000e-04
 1.00000000e-04 1.00000000e-04 4.43609162e-01 5.55790838e-01] [131.295 106.46   75.54   80.07   79.49   83.775  83.12   74.19 ]
Individual regret vector:  [[34.697972501774984, 26.82089459890087, 14.504857193803339, 8.541316272214956, 21.69113815864855, 31.20346206607499, 18.23839030526858]]
KL Divergence Data Individual 0:  [11.41539, 11.269313, 11.228456, 11.46777, 11.636868, 11.42237, 11.413789, 11.447824, 11.810608, 11.645663]
Expected welfare:  152.12124359906633

ITERATION 8:
[1.00000000e-04 1.00000000e-04 1.00000000e-04 1.00000000e-04
 1.00000000e-04 1.00000000e-04 1.00000000e-04 6.07239314e-02
 9.38576069e-01] [127.525 108.79   74.95   84.865  81.515  83.705  88.11   73.325  77.205]
Individual regret vector:  [[34.697972501774984, 26.82089459890087, 14.504857193803339, 8.541316272214956, 21.69113815864855, 31.20346206607499, 18.23839030526858, 6.529378200466837]]
KL Divergence Data Individual 0:  [12.293393, 12.549057, 12.596108, 12.602269, 12.83398, 12.68536, 12.533405, 12.515032, 12.796804, 12.577068]
Expected welfare:  151.97020116385457

ITERATION 9:
[1.00000000e-04 1.00000000e-04 1.00000000e-04 1.00000000e-04
 1.00000000e-04 1.00000000e-04 1.00000000e-04 7.00600026e-02
 3.24498082e-01 6.04741915e-01] [105.85  105.18   57.295  72.11   70.675  79.92   67.485  46.22   79.74
  83.115]
Individual regret vector:  [[34.697972501774984, 26.82089459890087, 14.504857193803339, 8.541316272214956, 21.69113815864855, 31.20346206607499, 18.23839030526858, 6.529378200466837, 11.414899418072707]]
KL Divergence Data Individual 0:  [13.06552, 13.159668, 12.924655, 13.031851, 12.98772, 12.86322, 12.908532, 12.815848, 12.86483, 12.656116]
Expected welfare:  144.21298485095102

ITERATION 10:
[1.00000000e-04 1.00000000e-04 1.00000000e-04 1.00000000e-04
 1.00000000e-04 1.00000000e-04 1.00000000e-04 1.00000000e-04
 1.00000000e-04 6.87234877e-01 3.11865123e-01] [133.63  109.825  73.63   71.4    76.78   84.29   78.905  39.76   88.055
  88.005  62.91 ]
Individual regret vector:  [[34.697972501774984, 26.82089459890087, 14.504857193803339, 8.541316272214956, 21.69113815864855, 31.20346206607499, 18.23839030526858, 6.529378200466837, 11.414899418072707, 11.363507574524476]]
KL Divergence Data Individual 0:  [11.558403, 11.953866, 11.744933, 11.867881, 11.853576, 12.028236, 12.045245, 11.969673, 11.428394, 11.46654]
Expected welfare:  144.4823220308

ITERATION 11:
[1.000e-04 1.000e-04 1.000e-04 1.000e-04 1.000e-04 1.000e-04 1.000e-04
 1.000e-04 1.000e-04 1.000e-04 1.000e-04 9.989e-01] [100.515  95.62   47.835  59.38   66.715  73.895  60.775  42.405  79.005
  75.44   48.055  77.695]
Individual regret vector:  [[34.697972501774984, 26.82089459890087, 14.504857193803339, 8.541316272214956, 21.69113815864855, 31.20346206607499, 18.23839030526858, 6.529378200466837, 11.414899418072707, 11.363507574524476, 11.473838984600022]]
KL Divergence Data Individual 0:  [12.455594, 12.291179, 12.583425, 12.447378, 12.280129, 12.255245, 12.178681, 12.379005, 12.310869, 12.44977]
Expected welfare:  139.47057824284744

ITERATION 12:
[1.0000000e-04 1.0000000e-04 1.0000000e-04 1.0000000e-04 1.0000000e-04
 1.0000000e-04 1.0000000e-04 1.0000000e-04 1.0000000e-04 1.0000000e-04
 1.0000000e-04 7.7422102e-01 2.2467898e-01] [113.535 102.365  56.15   67.19   59.57   72.235  71.21   42.345  78.74
  80.52   64.275  75.31   61.52 ]
Individual regret vector:  [[34.697972501774984, 26.82089459890087, 14.504857193803339, 8.541316272214956, 21.69113815864855, 31.20346206607499, 18.23839030526858, 6.529378200466837, 11.414899418072707, 11.363507574524476, 11.473838984600022, 7.2297108785762845]]
KL Divergence Data Individual 0:  [11.334927, 11.029482, 11.450354, 11.214834, 11.433101, 11.109557, 11.265082, 11.254485, 11.117404, 11.061286]
Expected welfare:  136.04940946820003

ITERATION 13:
[1.000e-04 1.000e-04 1.000e-04 1.000e-04 1.000e-04 1.000e-04 1.000e-04
 1.000e-04 1.000e-04 1.000e-04 1.000e-04 1.000e-04 1.000e-04 9.987e-01] [112.35  102.145  57.49   67.55   61.14   75.085  71.72   46.61   75.93
  76.71   67.795  74.96   60.53   67.085]
Individual regret vector:  [[34.697972501774984, 26.82089459890087, 14.504857193803339, 8.541316272214956, 21.69113815864855, 31.20346206607499, 18.23839030526858, 6.529378200466837, 11.414899418072707, 11.363507574524476, 11.473838984600022, 7.2297108785762845, 2.9552952658999914]]
KL Divergence Data Individual 0:  [12.02675, 12.037189, 11.938657, 11.804443, 11.8556595, 12.212434, 12.20459, 11.949596, 11.968378, 12.1174]
Expected welfare:  136.04909609255006

ITERATION 14:
[1.000e-04 1.000e-04 1.000e-04 1.000e-04 1.000e-04 1.000e-04 1.000e-04
 1.000e-04 1.000e-04 1.000e-04 1.000e-04 1.000e-04 1.000e-04 9.986e-01
 1.000e-04] [118.465  98.495  51.635  65.345  63.22   67.26   61.19   47.69   77.385
  81.43   52.345  69.81   59.755  76.1    71.42 ]
Individual regret vector:  [[34.697972501774984, 26.82089459890087, 14.504857193803339, 8.541316272214956, 21.69113815864855, 31.20346206607499, 18.23839030526858, 6.529378200466837, 11.414899418072707, 11.363507574524476, 11.473838984600022, 7.2297108785762845, 2.9552952658999914, 11.10045195372497]]
KL Divergence Data Individual 0:  [12.41692, 12.231461, 11.93472, 12.196244, 12.216686, 12.168768, 12.360194, 11.924842, 12.316721, 12.090763]
Expected welfare:  130.05283526095315

ITERATION 15:
[1.00000000e-04 1.00000000e-04 1.00000000e-04 1.00000000e-04
 1.00000000e-04 1.00000000e-04 1.00000000e-04 1.00000000e-04
 1.00000000e-04 1.00000000e-04 1.00000000e-04 1.00000000e-04
 1.00000000e-04 5.55746121e-01 1.00000000e-04 4.42853879e-01] [122.26  100.025  52.185  64.35   64.985  65.405  65.33   45.72   80.81
  81.73   55.33   72.805  57.145  71.525  70.275  50.33 ]
Individual regret vector:  [[34.697972501774984, 26.82089459890087, 14.504857193803339, 8.541316272214956, 21.69113815864855, 31.20346206607499, 18.23839030526858, 6.529378200466837, 11.414899418072707, 11.363507574524476, 11.473838984600022, 7.2297108785762845, 2.9552952658999914, 11.10045195372497, 2.1085823695234467]]
KL Divergence Data Individual 0:  [13.133802, 13.121954, 13.161043, 13.056725, 12.796893, 12.958014, 12.846669, 12.852603, 12.851303, 13.0651245]
Expected welfare:  130.05202660857054

ITERATION 16:
[1.00000000e-04 1.00000000e-04 1.00000000e-04 1.00000000e-04
 1.00000000e-04 1.00000000e-04 1.00000000e-04 1.00000000e-04
 1.00000000e-04 1.00000000e-04 1.00000000e-04 1.00000000e-04
 1.00000000e-04 5.55746473e-01 1.00000000e-04 4.42753527e-01
 1.00000000e-04] [106.695  89.86   55.     55.53   60.825  63.37   58.76   48.29   74.31
  75.57   56.73   69.7    53.735  67.525  67.055  63.255  60.97 ]
Individual regret vector:  [[34.697972501774984, 26.82089459890087, 14.504857193803339, 8.541316272214956, 21.69113815864855, 31.20346206607499, 18.23839030526858, 6.529378200466837, 11.414899418072707, 11.363507574524476, 11.473838984600022, 7.2297108785762845, 2.9552952658999914, 11.10045195372497, 2.1085823695234467, 5.858986695714719]]
KL Divergence Data Individual 0:  [12.129011, 12.237377, 12.476133, 12.4274435, 12.271526, 12.640712, 12.32415, 12.556015, 12.128773, 12.066652]
Expected welfare:  130.04913048727087

ITERATION 17:
[1.00000000e-04 1.00000000e-04 1.00000000e-04 1.00000000e-04
 1.00000000e-04 1.00000000e-04 1.00000000e-04 1.00000000e-04
 1.00000000e-04 1.00000000e-04 1.00000000e-04 1.00000000e-04
 1.00000000e-04 5.55652193e-01 1.00000000e-04 4.42747807e-01
 1.00000000e-04 1.00000000e-04] [112.535  93.71   57.355  54.36   54.275  61.455  60.4    46.7    78.5
  75.965  61.29   71.835  55.695  67.3    67.13   57.675  60.095  53.78 ]
Individual regret vector:  [[34.697972501774984, 26.82089459890087, 14.504857193803339, 8.541316272214956, 21.69113815864855, 31.20346206607499, 18.23839030526858, 6.529378200466837, 11.414899418072707, 11.363507574524476, 11.473838984600022, 7.2297108785762845, 2.9552952658999914, 11.10045195372497, 2.1085823695234467, 5.858986695714719, -1.9871848885842027]]
KL Divergence Data Individual 0:  [12.936693, 12.301671, 12.60987, 12.565005, 12.533456, 12.332294, 12.602874, 12.611438, 12.388742, 12.726996]
Expected welfare:  130.04718735932585

ITERATION 18:
[1.00000000e-04 1.00000000e-04 1.00000000e-04 1.00000000e-04
 1.00000000e-04 1.00000000e-04 1.00000000e-04 1.00000000e-04
 1.00000000e-04 1.00000000e-04 1.00000000e-04 1.00000000e-04
 1.00000000e-04 5.55603715e-01 1.00000000e-04 4.42696285e-01
 1.00000000e-04 1.00000000e-04 1.00000000e-04] [113.11   94.89   56.295  56.655  60.04   64.785  60.505  49.52   79.485
  79.565  55.155  72.185  52.38   71.08   70.2    58.65   59.365  56.755
  52.96 ]
Individual regret vector:  [[34.697972501774984, 26.82089459890087, 14.504857193803339, 8.541316272214956, 21.69113815864855, 31.20346206607499, 18.23839030526858, 6.529378200466837, 11.414899418072707, 11.363507574524476, 11.473838984600022, 7.2297108785762845, 2.9552952658999914, 11.10045195372497, 2.1085823695234467, 5.858986695714719, -1.9871848885842027, 0.5462405038878018]]
KL Divergence Data Individual 0:  [13.5258875, 13.414775, 13.583991, 13.34596, 13.490699, 13.100821, 13.569174, 13.563303, 13.669567, 13.2469015]
Expected welfare:  113.87926056260166

ITERATION 19:
[1.00000000e-04 1.00000000e-04 1.00000000e-04 1.00000000e-04
 1.00000000e-04 1.00000000e-04 1.00000000e-04 1.00000000e-04
 1.00000000e-04 1.00000000e-04 1.00000000e-04 1.00000000e-04
 1.00000000e-04 1.00000000e-04 1.00000000e-04 2.92644777e-01
 1.00000000e-04 5.36549506e-01 1.00000000e-04 1.69105718e-01] [99.41  93.82  54.355 48.95  54.595 60.67  60.61  43.68  82.4   81.68
 56.49  70.86  55.315 71.535 67.99  57.255 57.695 56.725 54.45  58.   ]
Individual regret vector:  [[34.697972501774984, 26.82089459890087, 14.504857193803339, 8.541316272214956, 21.69113815864855, 31.20346206607499, 18.23839030526858, 6.529378200466837, 11.414899418072707, 11.363507574524476, 11.473838984600022, 7.2297108785762845, 2.9552952658999914, 11.10045195372497, 2.1085823695234467, 5.858986695714719, -1.9871848885842027, 0.5462405038878018, 0.17109924025751866]]
KL Divergence Data Individual 0:  [13.246939, 13.558172, 13.455699, 13.514678, 13.084969, 13.42386, 13.445239, 13.213948, 13.523394, 13.412249]
Expected welfare:  113.87920689777232

ITERATION 20:
[1.00000000e-04 1.00000000e-04 1.00000000e-04 1.00000000e-04
 1.00000000e-04 1.00000000e-04 1.00000000e-04 1.00000000e-04
 1.00000000e-04 1.00000000e-04 1.00000000e-04 1.00000000e-04
 1.00000000e-04 1.00000000e-04 1.00000000e-04 2.92607122e-01
 1.00000000e-04 5.36459340e-01 1.00000000e-04 1.69133538e-01
 1.00000000e-04] [102.15   95.715  56.88   61.155  55.37   61.27   59.69   48.91   73.1
  78.915  55.31   72.835  50.035  68.14   68.295  58.775  61.445  54.125
  55.44   53.81   57.48 ]
Individual regret vector:  [[34.697972501774984, 26.82089459890087, 14.504857193803339, 8.541316272214956, 21.69113815864855, 31.20346206607499, 18.23839030526858, 6.529378200466837, 11.414899418072707, 11.363507574524476, 11.473838984600022, 7.2297108785762845, 2.9552952658999914, 11.10045195372497, 2.1085823695234467, 5.858986695714719, -1.9871848885842027, 0.5462405038878018, 0.17109924025751866, 0.9353965511138327]]
KL Divergence Data Individual 0:  [13.636158, 13.313601, 13.541643, 13.736734, 13.382156, 13.355435, 13.666578, 13.558373, 13.29383, 13.5863]
Expected welfare:  113.87836218455593

ITERATION 21:
[1.00000000e-04 1.00000000e-04 1.00000000e-04 1.00000000e-04
 1.00000000e-04 1.00000000e-04 1.00000000e-04 1.00000000e-04
 1.00000000e-04 1.00000000e-04 1.00000000e-04 1.00000000e-04
 1.00000000e-04 1.00000000e-04 1.00000000e-04 2.92600112e-01
 1.00000000e-04 5.36432158e-01 1.00000000e-04 1.69067730e-01
 1.00000000e-04 1.00000000e-04] [109.415  92.315  55.15   56.08   55.96   62.075  64.545  49.1    76.74
  79.445  57.29   70.855  57.095  68.88   69.755  61.725  57.95   51.545
  56.34   57.645  53.62   55.615]
Individual regret vector:  [[34.697972501774984, 26.82089459890087, 14.504857193803339, 8.541316272214956, 21.69113815864855, 31.20346206607499, 18.23839030526858, 6.529378200466837, 11.414899418072707, 11.363507574524476, 11.473838984600022, 7.2297108785762845, 2.9552952658999914, 11.10045195372497, 2.1085823695234467, 5.858986695714719, -1.9871848885842027, 0.5462405038878018, 0.17109924025751866, 0.9353965511138327, -1.3573118013243857]]
KL Divergence Data Individual 0:  [12.561395, 12.564034, 12.724802, 12.930871, 12.721632, 12.789756, 12.548595, 12.7431755, 12.897857, 12.623688]
Expected welfare:  113.87810853463381

ITERATION 22:
[1.00000000e-04 1.00000000e-04 1.00000000e-04 1.00000000e-04
 1.00000000e-04 1.00000000e-04 1.00000000e-04 1.00000000e-04
 1.00000000e-04 1.00000000e-04 1.00000000e-04 1.00000000e-04
 1.00000000e-04 1.00000000e-04 1.00000000e-04 2.92561928e-01
 1.00000000e-04 5.36296388e-01 1.00000000e-04 1.69141684e-01
 1.00000000e-04 1.00000000e-04 1.00000000e-04] [103.81   93.95   50.05   57.745  56.105  66.355  60.28   47.94   77.47
  76.75   56.085  72.085  49.005  67.07   66.4    58.63   59.43   55.165
  57.515  54.4    57.58   53.585  52.97 ]
Individual regret vector:  [[34.697972501774984, 26.82089459890087, 14.504857193803339, 8.541316272214956, 21.69113815864855, 31.20346206607499, 18.23839030526858, 6.529378200466837, 11.414899418072707, 11.363507574524476, 11.473838984600022, 7.2297108785762845, 2.9552952658999914, 11.10045195372497, 2.1085823695234467, 5.858986695714719, -1.9871848885842027, 0.5462405038878018, 0.17109924025751866, 0.9353965511138327, -1.3573118013243857, -0.8718325763813723]]
KL Divergence Data Individual 0:  [12.395646, 12.046245, 12.062562, 12.25173, 12.218449, 11.988889, 12.535918, 12.6106205, 12.585571, 12.329648]
Expected welfare:  113.87757334095541

TRIAL 2:

ITERATION 0:
KL Divergence Data Individual 0:  [7.202029, 7.3148093, 7.4799113, 7.124879, 7.271408, 7.3854256, 7.3209887, 7.2844853, 7.491817, 7.0507846]
Expected welfare:  193.90455309330002

ITERATION 1:
[1.000e-04 9.999e-01] [177.33  130.555]
Individual regret vector:  [[34.95272345335]]
KL Divergence Data Individual 0:  [7.556517, 7.452978, 7.76322, 7.1478825, 7.637023, 7.4384975, 7.7286596, 7.5841208, 7.494213, 7.523881]
Expected welfare:  119.84489583670037

ITERATION 2:
[1.00000000e-04 1.50858323e-01 8.49041677e-01] [177.245 132.435  50.92 ]
Individual regret vector:  [[34.95272345335, 29.577552081649813]]
KL Divergence Data Individual 0:  [11.497454, 11.225564, 10.954208, 11.272166, 11.362132, 10.938326, 11.399333, 11.147819, 11.314264, 11.136423]
Expected welfare:  115.383309153113

ITERATION 3:
[1.00000000e-04 1.06283661e-01 2.51637138e-01 6.41979202e-01] [177.45  130.245  51.25   48.12 ]
Individual regret vector:  [[34.95272345335, 29.577552081649813, 30.203345423443487]]
KL Divergence Data Individual 0:  [11.240508, 10.880681, 11.131762, 11.288388, 11.218722, 11.195303, 11.246676, 10.819405, 11.36119, 11.270204]
Expected welfare:  105.6190294201136

ITERATION 4:
[1.00000000e-04 3.39958658e-02 3.51202599e-01 1.00000000e-04
 6.14601535e-01] [46.64  49.37  56.075 63.835 56.72 ]
Individual regret vector:  [[34.95272345335, 29.577552081649813, 30.203345423443487, 29.855485289943203]]
KL Divergence Data Individual 0:  [10.405788, 10.46365, 10.262279, 10.685744, 10.633844, 10.349717, 10.176679, 10.548203, 10.4643135, 10.288528]
Expected welfare:  81.42424009700085

ITERATION 5:
[1.00000000e-04 1.00000000e-04 1.26545256e-01 1.00000000e-04
 3.09025629e-01 5.64129115e-01] [29.06  30.19  38.705 37.005 37.36  27.155]
Individual regret vector:  [[34.95272345335, 29.577552081649813, 30.203345423443487, 29.855485289943203, -4.262120048500414]]
KL Divergence Data Individual 0:  [10.870307, 11.093833, 11.185695, 11.251726, 11.092972, 11.337174, 11.048816, 10.966448, 11.095753, 11.27728]
Expected welfare:  81.41573781725256

ITERATION 6:
[1.00000000e-04 1.00000000e-04 1.26285171e-01 1.00000000e-04
 3.09194556e-01 5.64120273e-01 1.00000000e-04] [27.31  30.995 37.515 37.99  38.56  27.125 18.705]
Individual regret vector:  [[34.95272345335, 29.577552081649813, 30.203345423443487, 29.855485289943203, -4.262120048500414, -2.647868908626272]]
KL Divergence Data Individual 0:  [12.072874, 11.9386015, 11.649931, 11.673647, 11.801939, 11.688936, 11.840416, 12.112207, 11.7449255, 11.739721]
Expected welfare:  81.40714136460315

ITERATION 7:
[1.00000000e-04 1.00000000e-04 1.26043530e-01 1.00000000e-04
 3.09345712e-01 5.64110758e-01 1.00000000e-04 1.00000000e-04] [27.375 28.725 37.095 35.78  34.    26.165 18.07  16.215]
Individual regret vector:  [[34.95272345335, 29.577552081649813, 30.203345423443487, 29.855485289943203, -4.262120048500414, -2.647868908626272, -3.393570682301579]]
KL Divergence Data Individual 0:  [11.807902, 12.163218, 12.329567, 12.116304, 12.198493, 12.400544, 12.3887415, 11.957024, 12.029497, 11.957855]
Expected welfare:  81.39648615964167

ITERATION 8:
[1.00000000e-04 1.00000000e-04 1.25747663e-01 1.00000000e-04
 3.09516585e-01 5.64135753e-01 1.00000000e-04 1.00000000e-04
 1.00000000e-04] [27.29  30.505 39.16  36.765 34.785 25.17  19.38  16.735 16.06 ]
Individual regret vector:  [[34.95272345335, 29.577552081649813, 30.203345423443487, 29.855485289943203, -4.262120048500414, -2.647868908626272, -3.393570682301579, -5.4332430798208335]]
KL Divergence Data Individual 0:  [13.316981, 13.734869, 13.249956, 14.116306, 13.643791, 13.715502, 13.439067, 13.629526, 13.809076, 13.894065]
Expected welfare:  81.38711283494261

ITERATION 9:
[1.00000000e-04 1.00000000e-04 1.25450382e-01 1.00000000e-04
 3.09720157e-01 5.64129462e-01 1.00000000e-04 1.00000000e-04
 1.00000000e-04 1.00000000e-04] [29.17  30.74  36.14  34.25  37.05  23.615 17.075 16.6   18.08  16.6  ]
Individual regret vector:  [[34.95272345335, 29.577552081649813, 30.203345423443487, 29.855485289943203, -4.262120048500414, -2.647868908626272, -3.393570682301579, -5.4332430798208335, -4.46355641747131]]
KL Divergence Data Individual 0:  [11.522595, 11.278917, 11.099993, 11.446714, 11.058606, 10.758534, 11.10421, 11.09964, 11.143791, 11.396257]
Expected welfare:  81.37744474866219

ITERATION 10:
[1.00000000e-04 1.00000000e-04 1.25145538e-01 1.00000000e-04
 3.09925398e-01 5.64129064e-01 1.00000000e-04 1.00000000e-04
 1.00000000e-04 1.00000000e-04 1.00000000e-04] [27.055 30.265 38.66  33.62  32.655 26.42  18.4   18.555 20.335 17.85
 17.385]
Individual regret vector:  [[34.95272345335, 29.577552081649813, 30.203345423443487, 29.855485289943203, -4.262120048500414, -2.647868908626272, -3.393570682301579, -5.4332430798208335, -4.46355641747131, -1.2437223743310852]]
KL Divergence Data Individual 0:  [12.625095, 11.990974, 11.63295, 12.046792, 12.141471, 12.212288, 12.241839, 12.170827, 12.1207695, 12.152804]
Expected welfare:  81.36710291972872

ITERATION 11:
[1.00000000e-04 1.00000000e-04 1.24876538e-01 1.00000000e-04
 3.10081972e-01 5.64141491e-01 1.00000000e-04 1.00000000e-04
 1.00000000e-04 1.00000000e-04 1.00000000e-04 1.00000000e-04] [27.385 29.745 32.715 36.76  35.535 28.42  19.76  19.405 18.12  18.575
 17.635 18.915]
Individual regret vector:  [[34.95272345335, 29.577552081649813, 30.203345423443487, 29.855485289943203, -4.262120048500414, -2.647868908626272, -3.393570682301579, -5.4332430798208335, -4.46355641747131, -1.2437223743310852, -4.093551459864344]]
KL Divergence Data Individual 0:  [11.717219, 11.605474, 12.101976, 11.977206, 11.900643, 11.668074, 12.164734, 11.816403, 11.813938, 11.747214]
Expected welfare:  81.35789384040116

ITERATION 12:
[1.00000000e-04 1.00000000e-04 1.24523001e-01 1.00000000e-04
 3.10333847e-01 5.64143151e-01 1.00000000e-04 1.00000000e-04
 1.00000000e-04 1.00000000e-04 1.00000000e-04 1.00000000e-04
 1.00000000e-04] [27.305 32.1   37.12  34.175 34.15  25.625 20.435 19.185 19.56  21.09
 18.37  21.495 20.375]
Individual regret vector:  [[34.95272345335, 29.577552081649813, 30.203345423443487, 29.855485289943203, -4.262120048500414, -2.647868908626272, -3.393570682301579, -5.4332430798208335, -4.46355641747131, -1.2437223743310852, -4.093551459864344, -4.998946920200588]]
KL Divergence Data Individual 0:  [12.211208, 11.602047, 12.005044, 12.191832, 12.145689, 12.199603, 12.0365095, 11.893717, 12.05788, 11.915237]
Expected welfare:  81.34777895452041

ITERATION 13:
[1.00000000e-04 1.00000000e-04 1.24191794e-01 1.00000000e-04
 3.10553007e-01 5.64155199e-01 1.00000000e-04 1.00000000e-04
 1.00000000e-04 1.00000000e-04 1.00000000e-04 1.00000000e-04
 1.00000000e-04 1.00000000e-04] [27.87  28.73  33.67  33.835 34.15  25.395 19.25  19.825 19.93  18.13
 19.975 19.38  17.495 18.555]
Individual regret vector:  [[34.95272345335, 29.577552081649813, 30.203345423443487, 29.855485289943203, -4.262120048500414, -2.647868908626272, -3.393570682301579, -5.4332430798208335, -4.46355641747131, -1.2437223743310852, -4.093551459864344, -4.998946920200588, -4.538889477260199]]
KL Divergence Data Individual 0:  [12.50922, 11.829292, 11.951769, 12.352041, 12.0842495, 11.8066845, 12.127001, 12.325024, 12.21848, 12.139076]
Expected welfare:  81.33695498303919

ITERATION 14:
[1.00000000e-04 1.00000000e-04 1.23765863e-01 1.00000000e-04
 3.10857870e-01 5.64176267e-01 1.00000000e-04 1.00000000e-04
 1.00000000e-04 1.00000000e-04 1.00000000e-04 1.00000000e-04
 1.00000000e-04 1.00000000e-04 1.00000000e-04] [30.065 28.24  37.005 36.205 35.11  25.965 20.965 19.42  19.11  19.165
 19.12  20.605 19.945 18.385 15.57 ]
Individual regret vector:  [[34.95272345335, 29.577552081649813, 30.203345423443487, 29.855485289943203, -4.262120048500414, -2.647868908626272, -3.393570682301579, -5.4332430798208335, -4.46355641747131, -1.2437223743310852, -4.093551459864344, -4.998946920200588, -4.538889477260199, -5.00347749151959]]
KL Divergence Data Individual 0:  [11.687019, 12.159081, 11.9170065, 12.134622, 11.519992, 12.01406, 11.539369, 11.858727, 11.824246, 12.558132]
Expected welfare:  81.32790396320557

ITERATION 15:
[1.00000000e-04 1.00000000e-04 1.23501648e-01 1.00000000e-04
 3.11036749e-01 5.64161603e-01 1.00000000e-04 1.00000000e-04
 1.00000000e-04 1.00000000e-04 1.00000000e-04 1.00000000e-04
 1.00000000e-04 1.00000000e-04 1.00000000e-04 1.00000000e-04] [27.165 30.27  36.92  34.775 38.005 27.67  18.91  19.16  20.205 19.79
 19.795 18.76  18.495 17.195 16.45  17.1  ]
Individual regret vector:  [[34.95272345335, 29.577552081649813, 30.203345423443487, 29.855485289943203, -4.262120048500414, -2.647868908626272, -3.393570682301579, -5.4332430798208335, -4.46355641747131, -1.2437223743310852, -4.093551459864344, -4.998946920200588, -4.538889477260199, -5.00347749151959, -4.853951981602776]]
KL Divergence Data Individual 0:  [12.4798565, 12.14432, 12.033704, 12.388065, 12.441539, 12.187079, 12.150484, 12.212317, 12.70237, 12.1112995]
Expected welfare:  81.31878345948836

ITERATION 16:
[1.00000000e-04 1.00000000e-04 1.23237557e-01 1.00000000e-04
 3.11204755e-01 5.64157688e-01 1.00000000e-04 1.00000000e-04
 1.00000000e-04 1.00000000e-04 1.00000000e-04 1.00000000e-04
 1.00000000e-04 1.00000000e-04 1.00000000e-04 1.00000000e-04
 1.00000000e-04] [26.76  29.645 37.05  30.565 31.075 25.855 19.615 19.57  20.095 19.595
 18.005 19.635 19.065 17.945 17.775 15.715 17.25 ]
Individual regret vector:  [[34.95272345335, 29.577552081649813, 30.203345423443487, 29.855485289943203, -4.262120048500414, -2.647868908626272, -3.393570682301579, -5.4332430798208335, -4.46355641747131, -1.2437223743310852, -4.093551459864344, -4.998946920200588, -4.538889477260199, -5.00347749151959, -4.853951981602776, -3.6943917297441757]]
KL Divergence Data Individual 0:  [11.853389, 11.539022, 11.893969, 11.512805, 11.116213, 11.816007, 11.315603, 11.293576, 12.108713, 11.156987]
Expected welfare:  81.30689242830975

ITERATION 17:
[1.00000000e-04 1.00000000e-04 1.22876678e-01 1.00000000e-04
 3.11424823e-01 5.64198499e-01 1.00000000e-04 1.00000000e-04
 1.00000000e-04 1.00000000e-04 1.00000000e-04 1.00000000e-04
 1.00000000e-04 1.00000000e-04 1.00000000e-04 1.00000000e-04
 1.00000000e-04 1.00000000e-04] [29.195 31.49  33.475 34.955 36.045 26.085 18.465 17.83  18.68  17.72
 19.37  18.375 17.75  20.785 17.275 16.77  15.615 17.9  ]
Individual regret vector:  [[34.95272345335, 29.577552081649813, 30.203345423443487, 29.855485289943203, -4.262120048500414, -2.647868908626272, -3.393570682301579, -5.4332430798208335, -4.46355641747131, -1.2437223743310852, -4.093551459864344, -4.998946920200588, -4.538889477260199, -5.00347749151959, -4.853951981602776, -3.6943917297441757, -5.673446214154865]]
KL Divergence Data Individual 0:  [11.689075, 12.209317, 11.867643, 11.815112, 11.749222, 11.993917, 11.495603, 11.680371, 11.770722, 12.051858]
Expected welfare:  81.29602321964202

ITERATION 18:
[1.00000000e-04 1.00000000e-04 1.22510574e-01 1.00000000e-04
 3.11663153e-01 5.64226274e-01 1.00000000e-04 1.00000000e-04
 1.00000000e-04 1.00000000e-04 1.00000000e-04 1.00000000e-04
 1.00000000e-04 1.00000000e-04 1.00000000e-04 1.00000000e-04
 1.00000000e-04 1.00000000e-04 1.00000000e-04] [29.075 28.615 32.85  34.045 33.265 28.615 21.19  19.695 20.33  20.375
 20.965 20.04  18.465 17.94  15.66  15.16  18.5   15.44  15.09 ]
Individual regret vector:  [[34.95272345335, 29.577552081649813, 30.203345423443487, 29.855485289943203, -4.262120048500414, -2.647868908626272, -3.393570682301579, -5.4332430798208335, -4.46355641747131, -1.2437223743310852, -4.093551459864344, -4.998946920200588, -4.538889477260199, -5.00347749151959, -4.853951981602776, -3.6943917297441757, -5.673446214154865, -5.293011609821022]]
KL Divergence Data Individual 0:  [11.374011, 11.238554, 11.405338, 11.246603, 11.246415, 11.249897, 11.435204, 11.471942, 11.296334, 11.093331]
Expected welfare:  81.2866174893381

ITERATION 19:
[1.00000000e-04 1.00000000e-04 1.22092670e-01 1.00000000e-04
 3.11982449e-01 5.64224881e-01 1.00000000e-04 1.00000000e-04
 1.00000000e-04 1.00000000e-04 1.00000000e-04 1.00000000e-04
 1.00000000e-04 1.00000000e-04 1.00000000e-04 1.00000000e-04
 1.00000000e-04 1.00000000e-04 1.00000000e-04 1.00000000e-04] [27.625 31.465 35.49  33.255 37.81  26.945 18.69  18.91  18.77  19.365
 19.275 18.775 17.98  18.9   15.795 16.855 16.33  18.135 16.94  19.24 ]
Individual regret vector:  [[34.95272345335, 29.577552081649813, 30.203345423443487, 29.855485289943203, -4.262120048500414, -2.647868908626272, -3.393570682301579, -5.4332430798208335, -4.46355641747131, -1.2437223743310852, -4.093551459864344, -4.998946920200588, -4.538889477260199, -5.00347749151959, -4.853951981602776, -3.6943917297441757, -5.673446214154865, -5.293011609821022, -4.878308744669042]]
KL Divergence Data Individual 0:  [11.783875, 11.856456, 12.050022, 12.245431, 12.2751875, 12.732011, 12.585605, 12.141668, 12.180244, 12.241797]
Expected welfare:  81.27694369674232

ITERATION 20:
[1.00000000e-04 1.00000000e-04 1.21831197e-01 1.00000000e-04
 3.12138562e-01 5.64230242e-01 1.00000000e-04 1.00000000e-04
 1.00000000e-04 1.00000000e-04 1.00000000e-04 1.00000000e-04
 1.00000000e-04 1.00000000e-04 1.00000000e-04 1.00000000e-04
 1.00000000e-04 1.00000000e-04 1.00000000e-04 1.00000000e-04
 1.00000000e-04] [27.925 28.5   30.865 29.815 32.22  26.315 18.725 18.06  17.43  20.835
 18.26  16.42  16.685 16.725 16.1   16.59  17.14  16.06  15.415 15.77
 16.335]
Individual regret vector:  [[34.95272345335, 29.577552081649813, 30.203345423443487, 29.855485289943203, -4.262120048500414, -2.647868908626272, -3.393570682301579, -5.4332430798208335, -4.46355641747131, -1.2437223743310852, -4.093551459864344, -4.998946920200588, -4.538889477260199, -5.00347749151959, -4.853951981602776, -3.6943917297441757, -5.673446214154865, -5.293011609821022, -4.878308744669042, -4.9134718483711595]]
KL Divergence Data Individual 0:  [12.182255, 12.603831, 12.518546, 12.489076, 12.372849, 12.469219, 11.829666, 12.352304, 11.997147, 11.953255]
Expected welfare:  81.26558832902893

ITERATION 21:
[1.00000000e-04 1.00000000e-04 1.21392369e-01 1.00000000e-04
 3.12446582e-01 5.64261049e-01 1.00000000e-04 1.00000000e-04
 1.00000000e-04 1.00000000e-04 1.00000000e-04 1.00000000e-04
 1.00000000e-04 1.00000000e-04 1.00000000e-04 1.00000000e-04
 1.00000000e-04 1.00000000e-04 1.00000000e-04 1.00000000e-04
 1.00000000e-04 1.00000000e-04] [28.055 28.595 32.265 33.95  33.395 25.17  17.705 17.94  16.625 17.6
 17.19  17.945 20.13  16.255 15.555 16.26  13.17  14.505 16.    16.6
 15.91  17.465]
Individual regret vector:  [[34.95272345335, 29.577552081649813, 30.203345423443487, 29.855485289943203, -4.262120048500414, -2.647868908626272, -3.393570682301579, -5.4332430798208335, -4.46355641747131, -1.2437223743310852, -4.093551459864344, -4.998946920200588, -4.538889477260199, -5.00347749151959, -4.853951981602776, -3.6943917297441757, -5.673446214154865, -5.293011609821022, -4.878308744669042, -4.9134718483711595, -5.287794164514459]]
KL Divergence Data Individual 0:  [11.651813, 12.04423, 11.701781, 11.837064, 11.753757, 12.138024, 11.950581, 11.61038, 11.786378, 11.896191]
Expected welfare:  81.25375879561551

TRIAL 3:

ITERATION 0:
KL Divergence Data Individual 0:  [7.413134, 7.356368, 7.306031, 7.3359547, 7.5070934, 7.3582377, 7.415304, 7.5206985, 7.3138247, 7.2153063]
Expected welfare:  191.5255059907

ITERATION 1:
[1.000e-04 9.999e-01] [173.21  131.715]
Individual regret vector:  [[37.73724700465]]
KL Divergence Data Individual 0:  [9.564852, 10.049783, 10.016454, 9.694453, 9.635504, 9.914426, 10.148239, 9.841571, 10.362332, 10.307418]
Expected welfare:  133.53346692585777

ITERATION 2:
[1.00000000e-04 3.45252338e-01 6.54647662e-01] [136.325 114.235  80.885]
Individual regret vector:  [[37.73724700465, 25.878266537071113]]
KL Divergence Data Individual 0:  [8.845939, 9.001288, 8.736581, 8.893868, 8.467763, 8.870715, 8.668125, 8.9631605, 8.980084, 8.905269]
Expected welfare:  128.42894553476953

ITERATION 3:
[1.00000000e-04 1.00000000e-04 2.57487027e-01 7.42312973e-01] [152.58  116.94   68.     94.405]
Individual regret vector:  [[37.73724700465, 25.878266537071113, 28.85052723261522]]
KL Divergence Data Individual 0:  [11.797614, 11.598929, 11.747724, 11.608245, 11.595965, 11.430867, 11.61872, 11.672503, 11.443327, 11.618052]
Expected welfare:  134.41170070965

ITERATION 4:
[1.000e-04 1.000e-04 1.000e-04 1.000e-04 9.996e-01] [156.295 117.59   40.76   88.12   90.455]
Individual regret vector:  [[37.73724700465, 25.878266537071113, 28.85052723261522, 24.724149645175004]]
KL Divergence Data Individual 0:  [11.928855, 12.255832, 11.673338, 11.754531, 12.377707, 12.283819, 11.821597, 11.619722, 11.94201, 12.009824]
Expected welfare:  133.81905367282664

ITERATION 5:
[1.00000000e-04 1.00000000e-04 1.00000000e-04 1.00000000e-04
 5.81237575e-01 4.18362425e-01] [154.59  109.91   46.55   83.845  86.525  73.68 ]
Individual regret vector:  [[37.73724700465, 25.878266537071113, 28.85052723261522, 24.724149645175004, 15.06547316358666]]
KL Divergence Data Individual 0:  [11.083069, 11.333318, 10.889393, 11.265148, 10.987775, 10.890449, 11.205774, 11.118651, 11.364673, 11.038688]
Expected welfare:  150.77008881464957

ITERATION 6:
[1.00000000e-04 1.00000000e-04 1.00000000e-04 1.00000000e-04
 1.00000000e-04 1.45553989e-01 8.53946011e-01] [153.535 110.035  44.7    84.18   79.745  55.015  83.515]
Individual regret vector:  [[37.73724700465, 25.878266537071113, 28.85052723261522, 24.724149645175004, 15.06547316358666, 9.034955592675217]]
KL Divergence Data Individual 0:  [12.698494, 12.548105, 12.295754, 12.307547, 13.028573, 12.069887, 12.671745, 12.779846, 12.57121, 12.442973]
Expected welfare:  147.48071512397024

ITERATION 7:
[1.00000000e-04 1.00000000e-04 1.00000000e-04 1.00000000e-04
 1.00000000e-04 1.00000000e-04 6.45152842e-01 3.54247158e-01] [151.205 109.955  43.77   91.1    84.84   56.235  83.21   74.435]
Individual regret vector:  [[37.73724700465, 25.878266537071113, 28.85052723261522, 24.724149645175004, 15.06547316358666, 9.034955592675217, 10.444642438014895]]
KL Divergence Data Individual 0:  [11.254505, 11.222014, 11.40208, 11.512377, 11.25937, 11.27982, 10.936173, 11.448909, 11.011029, 11.498391]
Expected welfare:  153.86646822864998

ITERATION 8:
[1.000e-04 1.000e-04 1.000e-04 1.000e-04 1.000e-04 1.000e-04 1.000e-04
 1.000e-04 9.992e-01] [157.49  114.11   44.985  69.515  75.475  45.51   80.51   56.13   79.455]
Individual regret vector:  [[37.73724700465, 25.878266537071113, 28.85052723261522, 24.724149645175004, 15.06547316358666, 9.034955592675217, 10.444642438014895, 10.846765885675012]]
KL Divergence Data Individual 0:  [12.99345, 12.809861, 12.624694, 12.445417, 12.514607, 12.553006, 12.622151, 12.821865, 12.607122, 12.854356]
Expected welfare:  153.17773804319285

ITERATION 9:
[1.00000000e-04 1.00000000e-04 1.00000000e-04 1.00000000e-04
 1.00000000e-04 1.00000000e-04 1.00000000e-04 1.00000000e-04
 9.14613828e-01 8.45861718e-02] [156.49  108.28   41.595  75.7    76.32   50.825  81.41   62.875  84.74
  59.69 ]
Individual regret vector:  [[37.73724700465, 25.878266537071113, 28.85052723261522, 24.724149645175004, 15.06547316358666, 9.034955592675217, 10.444642438014895, 10.846765885675012, 9.431130978403559]]
KL Divergence Data Individual 0:  [12.625855, 12.570087, 12.814, 12.478535, 12.806875, 12.664272, 12.537996, 12.631118, 12.700429, 12.688655]
Expected welfare:  151.31520580925633

ITERATION 10:
[1.00000000e-04 1.00000000e-04 1.00000000e-04 1.00000000e-04
 1.00000000e-04 1.00000000e-04 1.00000000e-04 1.00000000e-04
 5.23147551e-01 1.00000000e-04 4.75952449e-01] [157.185 114.81   45.74   72.515  78.735  47.285  85.56   60.27   86.19
  59.475  73.605]
Individual regret vector:  [[37.73724700465, 25.878266537071113, 28.85052723261522, 24.724149645175004, 15.06547316358666, 9.034955592675217, 10.444642438014895, 10.846765885675012, 9.431130978403559, 4.997397095371838]]
KL Divergence Data Individual 0:  [13.965135, 14.013952, 14.035425, 14.181886, 13.960231, 13.83656, 13.951061, 14.008324, 14.057541, 13.919358]
Expected welfare:  153.19660593458755

ITERATION 11:
[1.00000000e-04 1.00000000e-04 1.00000000e-04 1.00000000e-04
 1.00000000e-04 1.00000000e-04 1.00000000e-04 1.00000000e-04
 3.10513918e-01 1.00000000e-04 1.00000000e-04 6.88486082e-01] [156.6   113.9    42.45   69.235  78.525  43.975  81.11   60.13   86.8
  56.175  71.39   74.205]
Individual regret vector:  [[37.73724700465, 25.878266537071113, 28.85052723261522, 24.724149645175004, 15.06547316358666, 9.034955592675217, 10.444642438014895, 10.846765885675012, 9.431130978403559, 4.997397095371838, 6.031697032706219]]
KL Divergence Data Individual 0:  [10.907854, 10.605848, 11.193981, 10.499972, 11.110558, 10.676216, 10.483697, 11.122726, 11.020132, 11.2042885]
Expected welfare:  153.65362651375298

ITERATION 12:
[1.00000000e-04 1.00000000e-04 1.00000000e-04 1.00000000e-04
 1.00000000e-04 1.00000000e-04 1.00000000e-04 1.00000000e-04
 3.03704079e-01 1.00000000e-04 1.00000000e-04 3.84543331e-01
 3.10752590e-01] [157.985 113.465  45.685  81.255  78.655  54.465  83.79   68.695  85.475
  70.76   78.735  84.36   82.32 ]
Individual regret vector:  [[37.73724700465, 25.878266537071113, 28.85052723261522, 24.724149645175004, 15.06547316358666, 9.034955592675217, 10.444642438014895, 10.846765885675012, 9.431130978403559, 4.997397095371838, 6.031697032706219, 7.2581867431235025]]
KL Divergence Data Individual 0:  [13.385145, 13.519151, 13.383387, 13.369398, 13.4782295, 13.27353, 13.539851, 13.41796, 13.453032, 13.330988]
Expected welfare:  166.8778311437281

ITERATION 13:
[1.00000000e-04 1.00000000e-04 1.00000000e-04 1.00000000e-04
 1.00000000e-04 1.00000000e-04 1.00000000e-04 1.00000000e-04
 1.00000000e-04 1.00000000e-04 1.00000000e-04 1.00000000e-04
 1.77569058e-01 8.21230942e-01] [160.075 110.2    44.8    83.875  76.245  52.175  85.185  69.265  84.105
  74.505  79.03   80.865  81.445  81.06 ]
Individual regret vector:  [[37.73724700465, 25.878266537071113, 28.85052723261522, 24.724149645175004, 15.06547316358666, 9.034955592675217, 10.444642438014895, 10.846765885675012, 9.431130978403559, 4.997397095371838, 6.031697032706219, 7.2581867431235025, 2.771084428135964]]
KL Divergence Data Individual 0:  [10.533431, 10.781013, 10.636448, 10.93316, 10.592709, 10.4949, 10.603121, 10.034436, 10.758607, 10.493674]
Expected welfare:  166.87789710675878

ITERATION 14:
[1.00000000e-04 1.00000000e-04 1.00000000e-04 1.00000000e-04
 1.00000000e-04 1.00000000e-04 1.00000000e-04 1.00000000e-04
 1.00000000e-04 1.00000000e-04 1.00000000e-04 1.00000000e-04
 1.77503994e-01 8.21196006e-01 1.00000000e-04] [161.81  113.8    44.435  81.3    79.685  54.375  84.2    61.7    84.15
  62.755  75.1    78.31   75.66   84.935  84.625]
Individual regret vector:  [[37.73724700465, 25.878266537071113, 28.85052723261522, 24.724149645175004, 15.06547316358666, 9.034955592675217, 10.444642438014895, 10.846765885675012, 9.431130978403559, 4.997397095371838, 6.031697032706219, 7.2581867431235025, 2.771084428135964, 2.5460514466206234]]
KL Divergence Data Individual 0:  [12.799372, 12.741952, 12.539149, 12.66251, 12.691071, 12.578631, 12.685873, 12.752191, 12.506486, 12.504053]
Expected welfare:  166.87707475063712

ITERATION 15:
[1.00000000e-04 1.00000000e-04 1.00000000e-04 1.00000000e-04
 1.00000000e-04 1.00000000e-04 1.00000000e-04 1.00000000e-04
 1.00000000e-04 1.00000000e-04 1.00000000e-04 1.00000000e-04
 1.77463327e-01 8.21136673e-01 1.00000000e-04 1.00000000e-04] [164.715 115.555  43.34   79.895  81.33   54.115  85.585  67.715  84.215
  63.095  71.51   76.715  74.63   85.21   85.07   74.375]
Individual regret vector:  [[37.73724700465, 25.878266537071113, 28.85052723261522, 24.724149645175004, 15.06547316358666, 9.034955592675217, 10.444642438014895, 10.846765885675012, 9.431130978403559, 4.997397095371838, 6.031697032706219, 7.2581867431235025, 2.771084428135964, 2.5460514466206234, 3.766462624681452]]
KL Divergence Data Individual 0:  [12.909649, 12.738362, 12.852872, 12.81183, 12.945711, 12.719577, 12.963967, 12.808101, 12.803453, 12.749636]
Expected welfare:  166.87692098155486

ITERATION 16:
[1.00000000e-04 1.00000000e-04 1.00000000e-04 1.00000000e-04
 1.00000000e-04 1.00000000e-04 1.00000000e-04 1.00000000e-04
 1.00000000e-04 1.00000000e-04 1.00000000e-04 1.00000000e-04
 1.77414191e-01 8.21085809e-01 1.00000000e-04 1.00000000e-04
 1.00000000e-04] [159.85  113.61   42.23   84.655  79.635  52.74   82.995  61.855  85.41
  62.68   73.075  75.455  73.5    85.69   86.815  77.005  76.465]
Individual regret vector:  [[37.73724700465, 25.878266537071113, 28.85052723261522, 24.724149645175004, 15.06547316358666, 9.034955592675217, 10.444642438014895, 10.846765885675012, 9.431130978403559, 4.997397095371838, 6.031697032706219, 7.2581867431235025, 2.771084428135964, 2.5460514466206234, 3.766462624681452, 7.111539509222581]]
KL Divergence Data Individual 0:  [11.624346, 11.84737, 11.896304, 11.5703125, 11.96891, 11.892267, 12.010838, 11.758107, 11.773775, 11.721439]
Expected welfare:  166.87688333809203

ITERATION 17:
[1.00000000e-04 1.00000000e-04 1.00000000e-04 1.00000000e-04
 1.00000000e-04 1.00000000e-04 1.00000000e-04 1.00000000e-04
 1.00000000e-04 1.00000000e-04 1.00000000e-04 1.00000000e-04
 1.77348397e-01 8.21051603e-01 1.00000000e-04 1.00000000e-04
 1.00000000e-04 1.00000000e-04] [164.49  114.835  41.84   85.84   79.175  57.77   86.445  63.03   82.13
  65.33   75.125  76.09   80.505  85.23   86.165  80.225  82.755  79.19 ]
Individual regret vector:  [[37.73724700465, 25.878266537071113, 28.85052723261522, 24.724149645175004, 15.06547316358666, 9.034955592675217, 10.444642438014895, 10.846765885675012, 9.431130978403559, 4.997397095371838, 6.031697032706219, 7.2581867431235025, 2.771084428135964, 2.5460514466206234, 3.766462624681452, 7.111539509222581, 5.896558330953994]]
KL Divergence Data Individual 0:  [11.879575, 11.632869, 11.761958, 11.337601, 11.827385, 11.51159, 11.898127, 11.474982, 11.232757, 11.177347]
Expected welfare:  163.9075501317

ITERATION 18:
[1.000e-04 1.000e-04 1.000e-04 1.000e-04 1.000e-04 1.000e-04 1.000e-04
 1.000e-04 1.000e-04 1.000e-04 1.000e-04 1.000e-04 1.000e-04 1.000e-04
 1.000e-04 1.000e-04 1.000e-04 1.000e-04 9.982e-01] [167.19  116.565  44.77   82.995  78.18   54.205  90.46   67.25   82.76
  63.63   75.335  77.66   80.65   86.435  86.555  80.99   81.2    78.645
  80.08 ]
Individual regret vector:  [[37.73724700465, 25.878266537071113, 28.85052723261522, 24.724149645175004, 15.06547316358666, 9.034955592675217, 10.444642438014895, 10.846765885675012, 9.431130978403559, 4.997397095371838, 6.031697032706219, 7.2581867431235025, 2.771084428135964, 2.5460514466206234, 3.766462624681452, 7.111539509222581, 5.896558330953994, 4.1762249341499995]]
KL Divergence Data Individual 0:  [12.2904415, 12.183817, 11.976898, 12.204138, 12.094311, 12.207253, 12.023167, 12.071048, 12.054356, 12.087839]
Expected welfare:  169.43174888763312

ITERATION 19:
[1.00000000e-04 1.00000000e-04 1.00000000e-04 1.00000000e-04
 1.00000000e-04 1.00000000e-04 1.00000000e-04 1.00000000e-04
 1.00000000e-04 1.00000000e-04 1.00000000e-04 1.00000000e-04
 1.00000000e-04 1.00000000e-04 5.69878942e-01 1.00000000e-04
 1.00000000e-04 1.00000000e-04 1.00000000e-04 4.28321058e-01] [168.01  119.465  44.36   85.185  79.515  57.28   85.665  68.305  84.02
  66.885  76.79   80.44   80.145  87.23   87.63   79.735  80.52   79.94
  80.695  78.4  ]
Individual regret vector:  [[37.73724700465, 25.878266537071113, 28.85052723261522, 24.724149645175004, 15.06547316358666, 9.034955592675217, 10.444642438014895, 10.846765885675012, 9.431130978403559, 4.997397095371838, 6.031697032706219, 7.2581867431235025, 2.771084428135964, 2.5460514466206234, 3.766462624681452, 7.111539509222581, 5.896558330953994, 4.1762249341499995, 3.494125556183434]]
KL Divergence Data Individual 0:  [12.876934, 12.634528, 12.77256, 12.653056, 12.652026, 12.901008, 12.686999, 12.652547, 13.076548, 12.516913]
Expected welfare:  169.4309326055413

ITERATION 20:
[1.0000000e-04 1.0000000e-04 1.0000000e-04 1.0000000e-04 1.0000000e-04
 1.0000000e-04 1.0000000e-04 1.0000000e-04 1.0000000e-04 1.0000000e-04
 1.0000000e-04 1.0000000e-04 1.0000000e-04 1.0000000e-04 5.6986211e-01
 1.0000000e-04 1.0000000e-04 1.0000000e-04 1.0000000e-04 4.2823789e-01
 1.0000000e-04] [160.935 109.555  38.045  73.855  77.995  48.64   85.275  68.615  80.69
  65.375  75.205  76.34   79.725  83.075  86.17   79.795  80.605  81.295
  80.46   82.475  81.97 ]
Individual regret vector:  [[37.73724700465, 25.878266537071113, 28.85052723261522, 24.724149645175004, 15.06547316358666, 9.034955592675217, 10.444642438014895, 10.846765885675012, 9.431130978403559, 4.997397095371838, 6.031697032706219, 7.2581867431235025, 2.771084428135964, 2.5460514466206234, 3.766462624681452, 7.111539509222581, 5.896558330953994, 4.1762249341499995, 3.494125556183434, 2.1395336972293393]]
KL Divergence Data Individual 0:  [9.431902, 9.7027, 10.167885, 9.485134, 10.267947, 9.940607, 9.696406, 9.923498, 9.57256, 9.75996]
Expected welfare:  169.4299593677261

TRIAL 4:

ITERATION 0:
KL Divergence Data Individual 0:  [8.566986, 8.758836, 8.5640955, 8.637333, 8.410279, 8.611909, 8.431475, 8.694423, 8.734832, 8.8597975]
Expected welfare:  184.23189291920005

ITERATION 1:
[1.000e-04 9.999e-01] [181.085 121.535]
Individual regret vector:  [[32.23905354039998]]
KL Divergence Data Individual 0:  [12.640528, 13.499397, 12.860936, 13.101058, 12.943297, 12.81571, 12.861825, 13.286602, 12.937994, 12.910836]
Expected welfare:  130.9747266554884

ITERATION 2:
[1.00000000e-04 1.87054631e-01 8.12845369e-01] [171.1   103.085  91.075]
Individual regret vector:  [[32.23905354039998, 29.917636672255796]]
KL Divergence Data Individual 0:  [13.320326, 13.231982, 13.1425705, 13.236744, 13.0414505, 13.180818, 13.355358, 13.2026005, 13.203091, 13.097785]
Expected welfare:  127.25615652672573

ITERATION 3:
[1.00000000e-04 1.00000000e-04 4.43704955e-01 5.56095045e-01] [164.805 112.92   83.125  69.56 ]
Individual regret vector:  [[32.23905354039998, 29.917636672255796, 15.39192173663713]]
KL Divergence Data Individual 0:  [13.042334, 12.970635, 13.314879, 12.842951, 13.121524, 12.925271, 12.97383, 13.03236, 13.170318, 13.264902]
Expected welfare:  153.2031486166619

ITERATION 4:
[1.00000000e-04 1.00000000e-04 2.11715138e-01 2.72623121e-02
 7.60822550e-01] [158.515 108.505  66.765  56.345  93.075]
Individual regret vector:  [[32.23905354039998, 29.917636672255796, 15.39192173663713, 11.523425691669047]]
KL Divergence Data Individual 0:  [13.365329, 13.399277, 13.4683895, 13.457274, 13.554504, 13.2853365, 13.2671585, 13.520246, 13.192733, 13.561677]
Expected welfare:  131.98223935683413

ITERATION 5:
[1.00000000e-04 1.00000000e-04 1.00000000e-04 1.00000000e-04
 1.76498027e-01 8.23101973e-01] [124.475  95.545  64.165  62.865  77.61   75.485]
Individual regret vector:  [[32.23905354039998, 29.917636672255796, 15.39192173663713, 11.523425691669047, 9.873449629171176]]
KL Divergence Data Individual 0:  [12.724906, 12.678228, 12.649218, 12.637306, 12.760482, 12.652653, 12.726284, 12.769515, 12.612005, 12.7477045]
Expected welfare:  125.11175679056204

ITERATION 6:
[1.00000000e-04 1.00000000e-04 1.00000000e-04 1.00000000e-04
 1.00000000e-04 6.64568821e-01 3.34931179e-01] [130.59   93.32   60.67   60.34   71.715  70.595  58.795]
Individual regret vector:  [[32.23905354039998, 29.917636672255796, 15.39192173663713, 11.523425691669047, 9.873449629171176, 7.569121604718973]]
KL Divergence Data Individual 0:  [13.528024, 13.357132, 13.344944, 13.500788, 13.610378, 13.358668, 13.315642, 13.487503, 13.370879, 13.612271]
Expected welfare:  137.53265664683462

ITERATION 7:
[1.00000000e-04 1.00000000e-04 1.00000000e-04 1.00000000e-04
 1.38707711e-01 4.26703006e-01 3.71619202e-02 3.97027363e-01] [142.865  94.585  62.795  63.53   78.895  75.265  47.99   73.78 ]
Individual regret vector:  [[32.23905354039998, 29.917636672255796, 15.39192173663713, 11.523425691669047, 9.873449629171176, 7.569121604718973, 8.593671676582687]]
KL Divergence Data Individual 0:  [12.940047, 13.017059, 13.068123, 13.090417, 12.8914175, 13.101228, 13.003079, 12.8854885, 13.053357, 12.967192]
Expected welfare:  134.98595276705785

ITERATION 8:
[1.00000000e-04 1.00000000e-04 1.00000000e-04 1.00000000e-04
 1.00000000e-04 2.91733719e-01 1.00000000e-04 8.69822990e-02
 6.20683983e-01] [143.055  94.825  66.115  60.005  75.99   68.925  64.535  77.115  77.885]
Individual regret vector:  [[32.23905354039998, 29.917636672255796, 15.39192173663713, 11.523425691669047, 9.873449629171176, 7.569121604718973, 8.593671676582687, 7.892023616471064]]
KL Divergence Data Individual 0:  [11.877414, 11.621408, 11.730142, 11.651021, 11.908671, 11.471821, 11.212518, 11.394597, 11.339476, 11.79626]
Expected welfare:  137.33064991619997

ITERATION 9:
[1.000e-04 1.000e-04 1.000e-04 1.000e-04 1.000e-04 1.000e-04 1.000e-04
 1.000e-04 1.000e-04 9.991e-01] [125.56   85.96   56.06   42.445  77.795  62.065  49.955  71.95   59.965
  72.675]
Individual regret vector:  [[32.23905354039998, 29.917636672255796, 15.39192173663713, 11.523425691669047, 9.873449629171176, 7.569121604718973, 8.593671676582687, 7.892023616471064, 6.894675041900015]]
KL Divergence Data Individual 0:  [13.742169, 13.595767, 13.432663, 13.559018, 13.477084, 13.604605, 13.453524, 13.618675, 13.69742, 13.472685]
Expected welfare:  135.28576692316454

ITERATION 10:
[1.00000000e-04 1.00000000e-04 1.00000000e-04 1.00000000e-04
 1.00000000e-04 1.00000000e-04 1.00000000e-04 1.00000000e-04
 1.00000000e-04 8.63218735e-01 1.35881265e-01] [119.925  89.415  61.03   42.245  80.45   60.205  49.715  71.865  61.4
  73.145  38.275]
Individual regret vector:  [[32.23905354039998, 29.917636672255796, 15.39192173663713, 11.523425691669047, 9.873449629171176, 7.569121604718973, 8.593671676582687, 7.892023616471064, 6.894675041900015, 6.08711653841776]]
KL Divergence Data Individual 0:  [12.285967, 12.140621, 12.420176, 12.081169, 12.447028, 12.09061, 12.427062, 12.12517, 12.104931, 12.071276]
Expected welfare:  136.40224565824485

ITERATION 11:
[1.00000000e-04 1.00000000e-04 1.00000000e-04 1.00000000e-04
 1.00000000e-04 1.00000000e-04 1.00000000e-04 1.00000000e-04
 1.00000000e-04 8.61353841e-01 1.00000000e-04 1.37646159e-01] [131.77   94.88   59.2    43.85   76.565  56.815  65.53   72.51   71.145
  71.935  48.485  47.62 ]
Individual regret vector:  [[32.23905354039998, 29.917636672255796, 15.39192173663713, 11.523425691669047, 9.873449629171176, 7.569121604718973, 8.593671676582687, 7.892023616471064, 6.894675041900015, 6.08711653841776, 6.058877170877565]]
KL Divergence Data Individual 0:  [13.358239, 13.487109, 13.5659895, 13.35539, 13.225012, 13.56752, 13.712297, 13.645178, 13.26136, 13.480377]
Expected welfare:  136.40127988215994

ITERATION 12:
[1.00000000e-04 1.00000000e-04 1.00000000e-04 1.00000000e-04
 1.00000000e-04 1.00000000e-04 1.00000000e-04 1.00000000e-04
 1.00000000e-04 8.61296841e-01 1.00000000e-04 1.37603159e-01
 1.00000000e-04] [131.26   91.58   59.19   44.275  73.525  56.985  67.58   67.58   75.575
  76.65   50.29   46.035  47.48 ]
Individual regret vector:  [[32.23905354039998, 29.917636672255796, 15.39192173663713, 11.523425691669047, 9.873449629171176, 7.569121604718973, 8.593671676582687, 7.892023616471064, 6.894675041900015, 6.08711653841776, 6.058877170877565, 7.929360058920025]]
KL Divergence Data Individual 0:  [12.4619255, 12.523094, 12.436583, 12.572724, 12.333782, 12.231928, 12.238904, 12.239343, 12.649636, 12.281386]
Expected welfare:  136.13421096840315

ITERATION 13:
[1.00000000e-04 1.00000000e-04 1.00000000e-04 1.00000000e-04
 1.00000000e-04 1.00000000e-04 1.00000000e-04 1.00000000e-04
 8.96998846e-02 5.90549098e-01 1.00000000e-04 1.00000000e-04
 1.00000000e-04 3.18651018e-01] [126.48   87.025  60.75   52.005  78.785  55.45   62.87   71.53   68.41
  75.135  59.88   55.015  62.925  64.275]
Individual regret vector:  [[32.23905354039998, 29.917636672255796, 15.39192173663713, 11.523425691669047, 9.873449629171176, 7.569121604718973, 8.593671676582687, 7.892023616471064, 6.894675041900015, 6.08711653841776, 6.058877170877565, 7.929360058920025, 6.9028945157984225]]
KL Divergence Data Individual 0:  [13.4593935, 13.308918, 13.267728, 13.634205, 13.592713, 13.537373, 13.463129, 13.427443, 13.483356, 13.385213]
Expected welfare:  133.42652706187747

ITERATION 14:
[1.00000000e-04 1.00000000e-04 1.00000000e-04 1.00000000e-04
 1.00000000e-04 1.00000000e-04 1.00000000e-04 1.00000000e-04
 1.00000000e-04 3.09935168e-01 1.00000000e-04 1.00000000e-04
 1.00000000e-04 1.00000000e-04 6.88764832e-01] [124.125  91.64   67.53   49.595  77.31   60.275  51.805  75.895  64.735
  72.52   46.505  44.445  55.92   62.54   68.74 ]
Individual regret vector:  [[32.23905354039998, 29.917636672255796, 15.39192173663713, 11.523425691669047, 9.873449629171176, 7.569121604718973, 8.593671676582687, 7.892023616471064, 6.894675041900015, 6.08711653841776, 6.058877170877565, 7.929360058920025, 6.9028945157984225, 6.726736469061265]]
KL Divergence Data Individual 0:  [13.734363, 13.451202, 13.573495, 13.501716, 13.489242, 13.620859, 13.390536, 13.520196, 13.641737, 13.519051]
Expected welfare:  133.04808402216278

ITERATION 15:
[1.00000000e-04 1.00000000e-04 1.00000000e-04 1.00000000e-04
 1.00000000e-04 1.00000000e-04 1.00000000e-04 1.00000000e-04
 1.00000000e-04 3.46680034e-01 1.00000000e-04 1.00000000e-04
 1.00000000e-04 1.00000000e-04 4.52365128e-01 1.99654838e-01] [109.37   86.315  63.13   49.46   71.285  60.775  58.66   67.52   61.275
  70.44   52.85   55.12   61.375  64.78   64.055  57.615]
Individual regret vector:  [[32.23905354039998, 29.917636672255796, 15.39192173663713, 11.523425691669047, 9.873449629171176, 7.569121604718973, 8.593671676582687, 7.892023616471064, 6.894675041900015, 6.08711653841776, 6.058877170877565, 7.929360058920025, 6.9028945157984225, 6.726736469061265, 2.6859579889186165]]
KL Divergence Data Individual 0:  [12.1314745, 11.761623, 12.171858, 11.828764, 12.339797, 11.794472, 11.83257, 11.9552355, 12.330592, 12.052521]
Expected welfare:  133.046768186958

ITERATION 16:
[1.00000000e-04 1.00000000e-04 1.00000000e-04 1.00000000e-04
 1.00000000e-04 1.00000000e-04 1.00000000e-04 1.00000000e-04
 1.00000000e-04 3.46620883e-01 1.00000000e-04 1.00000000e-04
 1.00000000e-04 1.00000000e-04 4.52326431e-01 1.99652686e-01
 1.00000000e-04] [106.77   82.62   62.475  52.82   72.59   59.25   59.86   65.22   66.165
  68.39   53.53   55.285  58.21   60.615  62.905  53.275  56.1  ]
Individual regret vector:  [[32.23905354039998, 29.917636672255796, 15.39192173663713, 11.523425691669047, 9.873449629171176, 7.569121604718973, 8.593671676582687, 7.892023616471064, 6.894675041900015, 6.08711653841776, 6.058877170877565, 7.929360058920025, 6.9028945157984225, 6.726736469061265, 2.6859579889186165, 4.826615906520999]]
KL Divergence Data Individual 0:  [12.973572, 12.82742, 12.709821, 13.192325, 13.100316, 12.845385, 13.116288, 12.916946, 12.953256, 12.868644]
Expected welfare:  133.0453555784227

ITERATION 17:
[1.00000000e-04 1.00000000e-04 1.00000000e-04 1.00000000e-04
 1.00000000e-04 1.00000000e-04 1.00000000e-04 1.00000000e-04
 1.00000000e-04 3.46612934e-01 1.00000000e-04 1.00000000e-04
 1.00000000e-04 1.00000000e-04 4.52281510e-01 1.99605555e-01
 1.00000000e-04 1.00000000e-04] [107.39   85.72   61.77   46.66   69.93   58.28   59.83   65.99   69.225
  68.46   53.425  50.97   60.135  55.55   63.145  55.42   59.115  58.3  ]
Individual regret vector:  [[32.23905354039998, 29.917636672255796, 15.39192173663713, 11.523425691669047, 9.873449629171176, 7.569121604718973, 8.593671676582687, 7.892023616471064, 6.894675041900015, 6.08711653841776, 6.058877170877565, 7.929360058920025, 6.9028945157984225, 6.726736469061265, 2.6859579889186165, 4.826615906520999, 2.0523222107886596]]
KL Divergence Data Individual 0:  [14.255901, 14.270401, 14.268284, 14.378877, 14.175731, 14.060343, 14.142455, 14.4355755, 14.432837, 14.452701]
Expected welfare:  133.04330126403556

ITERATION 18:
[1.00000000e-04 1.00000000e-04 1.00000000e-04 1.00000000e-04
 1.00000000e-04 1.00000000e-04 1.00000000e-04 1.00000000e-04
 1.00000000e-04 3.46611873e-01 1.00000000e-04 1.00000000e-04
 1.00000000e-04 1.00000000e-04 4.52190690e-01 1.99597437e-01
 1.00000000e-04 1.00000000e-04 1.00000000e-04] [104.705  85.73   62.015  50.825  75.52   59.35   58.205  64.555  65.17
  70.39   54.475  54.55   62.54   60.415  62.79   57.99   60.405  59.3
  60.085]
Individual regret vector:  [[32.23905354039998, 29.917636672255796, 15.39192173663713, 11.523425691669047, 9.873449629171176, 7.569121604718973, 8.593671676582687, 7.892023616471064, 6.894675041900015, 6.08711653841776, 6.058877170877565, 7.929360058920025, 6.9028945157984225, 6.726736469061265, 2.6859579889186165, 4.826615906520999, 2.0523222107886596, 2.1283493679822527]]
KL Divergence Data Individual 0:  [12.81972, 12.628865, 12.8975935, 12.72501, 12.621089, 12.848071, 12.699012, 12.789573, 13.157678, 13.007783]
Expected welfare:  133.04140727750502

ITERATION 19:
[1.00000000e-04 1.00000000e-04 1.00000000e-04 1.00000000e-04
 1.00000000e-04 1.00000000e-04 1.00000000e-04 1.00000000e-04
 1.00000000e-04 3.46560735e-01 1.00000000e-04 1.00000000e-04
 1.00000000e-04 1.00000000e-04 4.52167659e-01 1.99571606e-01
 1.00000000e-04 1.00000000e-04 1.00000000e-04 1.00000000e-04] [113.16   85.955  65.28   49.28   73.21   61.29   58.055  69.65   65.175
  69.415  53.89   52.22   55.34   62.16   62.62   55.035  59.285  55.47
  59.1    61.82 ]
Individual regret vector:  [[32.23905354039998, 29.917636672255796, 15.39192173663713, 11.523425691669047, 9.873449629171176, 7.569121604718973, 8.593671676582687, 7.892023616471064, 6.894675041900015, 6.08711653841776, 6.058877170877565, 7.929360058920025, 6.9028945157984225, 6.726736469061265, 2.6859579889186165, 4.826615906520999, 2.0523222107886596, 2.1283493679822527, 1.5692963612474813]]
KL Divergence Data Individual 0:  [12.191171, 12.16852, 12.063813, 12.36833, 11.805238, 12.204136, 11.850379, 12.15281, 11.994767, 11.983583]
Expected welfare:  133.04007067337312

ITERATION 20:
[1.00000000e-04 1.00000000e-04 1.00000000e-04 1.00000000e-04
 1.00000000e-04 1.00000000e-04 1.00000000e-04 1.00000000e-04
 1.00000000e-04 3.46554569e-01 1.00000000e-04 1.00000000e-04
 1.00000000e-04 1.00000000e-04 4.52118942e-01 1.99526489e-01
 1.00000000e-04 1.00000000e-04 1.00000000e-04 1.00000000e-04
 1.00000000e-04] [106.715  83.73   64.48   44.85   76.645  59.15   58.165  70.685  64.175
  72.285  50.23   53.95   60.81   60.59   64.555  59.39   60.02   58.03
  57.805  62.105  56.61 ]
Individual regret vector:  [[32.23905354039998, 29.917636672255796, 15.39192173663713, 11.523425691669047, 9.873449629171176, 7.569121604718973, 8.593671676582687, 7.892023616471064, 6.894675041900015, 6.08711653841776, 6.058877170877565, 7.929360058920025, 6.9028945157984225, 6.726736469061265, 2.6859579889186165, 4.826615906520999, 2.0523222107886596, 2.1283493679822527, 1.5692963612474813, -0.31804733602119484]]
KL Divergence Data Individual 0:  [13.610346, 13.57645, 13.702956, 13.29812, 13.510875, 13.691505, 13.691682, 13.692981, 13.721464, 13.568659]
Expected welfare:  133.03869228343711

ITERATION 21:
[1.00000000e-04 1.00000000e-04 1.00000000e-04 1.00000000e-04
 1.00000000e-04 1.00000000e-04 1.00000000e-04 1.00000000e-04
 1.00000000e-04 3.46558338e-01 1.00000000e-04 1.00000000e-04
 1.00000000e-04 1.00000000e-04 4.52014205e-01 1.99527457e-01
 1.00000000e-04 1.00000000e-04 1.00000000e-04 1.00000000e-04
 1.00000000e-04 1.00000000e-04] [111.365  87.08   63.85   45.2    74.175  57.685  57.97   68.915  71.6
  71.755  53.345  55.29   58.94   60.05   61.955  57.375  60.22   57.37
  57.635  60.86   60.865  56.42 ]
Individual regret vector:  [[32.23905354039998, 29.917636672255796, 15.39192173663713, 11.523425691669047, 9.873449629171176, 7.569121604718973, 8.593671676582687, 7.892023616471064, 6.894675041900015, 6.08711653841776, 6.058877170877565, 7.929360058920025, 6.9028945157984225, 6.726736469061265, 2.6859579889186165, 4.826615906520999, 2.0523222107886596, 2.1283493679822527, 1.5692963612474813, -0.31804733602119484, 2.9306538582814454]]
KL Divergence Data Individual 0:  [13.2933035, 13.387885, 13.243076, 13.419889, 13.238452, 13.038277, 13.260599, 13.339587, 13.073186, 13.282502]
Expected welfare:  133.03705836970872

Calculating alternate RRD Welfares
Traceback (most recent call last):
  File "/home/anrigu/srg_research/open_spiel/./open_spiel/python/examples/data/analyze.py", line 355, in <module>
    app.run(main)
  File "/home/anrigu/.local/lib/python3.10/site-packages/absl/app.py", line 308, in run
    _run_main(main, args)
  File "/home/anrigu/.local/lib/python3.10/site-packages/absl/app.py", line 254, in _run_main
    sys.exit(main(argv))
  File "/home/anrigu/srg_research/open_spiel/./open_spiel/python/examples/data/analyze.py", line 350, in main
    print(welfare_runner([utilities[0], utilities[1]]))
NameError: name 'welfare_runner' is not defined
