Job Id listed below:
57045647

Lmod is automatically replacing "clang/2022.1.2" with "intel/2022.1.2".


Lmod is automatically replacing "gcc/10.3.0" with "clang/2022.1.2".

-------------------------------------------------------------------------------
The following dependent module(s) are not currently loaded: gcc/10.3.0 (required by: python/3.10.4)
-------------------------------------------------------------------------------

Lmod is automatically replacing "clang/2022.1.2" with "gcc/10.3.0".

2023-08-01 23:38:50.198533: I tensorflow/core/platform/cpu_feature_guard.cc:182] This TensorFlow binary is optimized to use available CPU instructions in performance-critical operations.
To enable the following instructions: AVX2 AVX512F FMA, in other operations, rebuild TensorFlow with the appropriate compiler flags.
2023-08-01 23:38:55.300636: W tensorflow/compiler/tf2tensorrt/utils/py_utils.cc:38] TF-TRT Warning: Could not find TensorRT
/home/anrigu/.local/lib/python3.10/site-packages/numpy/core/fromnumeric.py:3432: RuntimeWarning: Mean of empty slice.
  return _methods._mean(a, axis=axis, dtype=dtype,
/home/anrigu/.local/lib/python3.10/site-packages/numpy/core/_methods.py:190: RuntimeWarning: invalid value encountered in double_scalars
  ret = ret.dtype.type(ret / rcount)
/home/anrigu/.local/lib/python3.10/site-packages/numpy/core/fromnumeric.py:3432: RuntimeWarning: Mean of empty slice.
  return _methods._mean(a, axis=axis, dtype=dtype,
/home/anrigu/.local/lib/python3.10/site-packages/numpy/core/_methods.py:190: RuntimeWarning: invalid value encountered in double_scalars
  ret = ret.dtype.type(ret / rcount)
/home/anrigu/.local/lib/python3.10/site-packages/numpy/core/fromnumeric.py:3432: RuntimeWarning: Mean of empty slice.
  return _methods._mean(a, axis=axis, dtype=dtype,
/home/anrigu/.local/lib/python3.10/site-packages/numpy/core/_methods.py:190: RuntimeWarning: invalid value encountered in double_scalars
  ret = ret.dtype.type(ret / rcount)
/home/anrigu/.local/lib/python3.10/site-packages/numpy/core/fromnumeric.py:3432: RuntimeWarning: Mean of empty slice.
  return _methods._mean(a, axis=axis, dtype=dtype,
/home/anrigu/.local/lib/python3.10/site-packages/numpy/core/_methods.py:190: RuntimeWarning: invalid value encountered in double_scalars
  ret = ret.dtype.type(ret / rcount)
/home/anrigu/.local/lib/python3.10/site-packages/numpy/core/fromnumeric.py:3432: RuntimeWarning: Mean of empty slice.
  return _methods._mean(a, axis=axis, dtype=dtype,
/home/anrigu/.local/lib/python3.10/site-packages/numpy/core/_methods.py:190: RuntimeWarning: invalid value encountered in double_scalars
  ret = ret.dtype.type(ret / rcount)
GAME IS SYMMETRIC. ONLY 1 SET OF RETURNS

TRIAL 0:

ITERATION 0:
KL Divergence Data Individual 0:  []
Expected welfare:  11.121823504452

ITERATION 1:
[1.000e-04 9.999e-01] [7.5008 7.0408]
Individual regret vector:  [[1.5724882477739994]]
KL Divergence Data Individual 0:  []
Expected welfare:  9.681442318316002

ITERATION 2:
[1.000e-04 1.000e-04 9.998e-01] [7.4266 7.3704 7.0582]
Individual regret vector:  [[1.5724882477739994, 2.321278840841999]]
KL Divergence Data Individual 0:  []
Expected welfare:  11.864030529005458

ITERATION 3:
[1.00000000e-04 1.00000000e-04 3.37722342e-01 6.62077658e-01] [6.6998 6.5474 7.1916 6.5666]
Individual regret vector:  [[1.5724882477739994, 2.321278840841999, 0.9447847354972714]]
KL Divergence Data Individual 0:  []
Expected welfare:  12.712927459787457

ITERATION 4:
[1.00000000e-04 1.00000000e-04 2.97411929e-01 2.54979268e-01
 4.47408803e-01] [6.619  6.6162 7.1696 6.5012 5.7178]
Individual regret vector:  [[1.5724882477739994, 2.321278840841999, 0.9447847354972714, 0.18253627010627138]]
KL Divergence Data Individual 0:  []
Expected welfare:  12.674250738480751

ITERATION 5:
[1.00000000e-04 1.00000000e-04 2.98480549e-01 2.68908423e-01
 2.33098151e-01 1.99312877e-01] [6.7032 6.5784 7.1638 6.5786 5.6966 5.6896]
Individual regret vector:  [[1.5724882477739994, 2.321278840841999, 0.9447847354972714, 0.18253627010627138, 0.2638746307596245]]
KL Divergence Data Individual 0:  []
Expected welfare:  12.67311334546994

ITERATION 6:
[1.00000000e-04 1.00000000e-04 2.90718884e-01 2.57064103e-01
 4.12341193e-02 1.08799017e-02 3.99902992e-01] [6.724  6.5148 7.1896 6.5086 5.8154 5.7778 5.8098]
Individual regret vector:  [[1.5724882477739994, 2.321278840841999, 0.9447847354972714, 0.18253627010627138, 0.2638746307596245, 0.21524332726503115]]
KL Divergence Data Individual 0:  []
Expected welfare:  12.67539755083507

ITERATION 7:
[1.00000000e-04 1.00000000e-04 2.96810862e-01 2.44901771e-01
 1.74642225e-02 3.69733269e-03 6.62058459e-02 3.70719966e-01] [6.7528 6.6156 7.2    6.4926 5.7462 5.7424 5.7138 5.7518]
Individual regret vector:  [[1.5724882477739994, 2.321278840841999, 0.9447847354972714, 0.18253627010627138, 0.2638746307596245, 0.21524332726503115, 0.24690122458246488]]
KL Divergence Data Individual 0:  []
Expected welfare:  12.673764065873087

ITERATION 8:
[1.00000000e-04 1.00000000e-04 3.03180265e-01 2.44853868e-01
 2.15954274e-02 3.30093975e-03 2.25890752e-02 1.05293349e-01
 2.98987076e-01] [6.7466 6.5538 7.168  6.5434 5.727  5.7048 5.724  5.7296 5.707 ]
Individual regret vector:  [[1.5724882477739994, 2.321278840841999, 0.9447847354972714, 0.18253627010627138, 0.2638746307596245, 0.21524332726503115, 0.24690122458246488, 0.2325179670634574]]
KL Divergence Data Individual 0:  []
Expected welfare:  12.659009249221578

ITERATION 9:
[1.00000000e-04 1.00000000e-04 3.00886797e-01 2.54121133e-01
 2.64424286e-02 4.83239139e-03 2.46532098e-02 6.24122004e-02
 4.75056020e-02 2.78946237e-01] [6.6534 6.6408 7.1888 6.5668 5.7334 5.7796 5.6962 5.7804 5.757  5.7502]
Individual regret vector:  [[1.5724882477739994, 2.321278840841999, 0.9447847354972714, 0.18253627010627138, 0.2638746307596245, 0.21524332726503115, 0.24690122458246488, 0.2325179670634574, 0.23729537538920997]]
KL Divergence Data Individual 0:  []
Expected welfare:  12.708625327694026

ITERATION 10:
[1.00000000e-04 1.00000000e-04 2.90929478e-01 2.57424757e-01
 5.12010866e-03 2.28330813e-03 1.31127467e-03 8.71899085e-03
 8.29610394e-03 1.91357604e-02 4.06580218e-01] [6.6392 6.615  7.224  6.4982 5.7894 5.6596 5.8022 5.8588 5.8188 5.8302
 5.6344]
Individual regret vector:  [[1.5724882477739994, 2.321278840841999, 0.9447847354972714, 0.18253627010627138, 0.2638746307596245, 0.21524332726503115, 0.24690122458246488, 0.2325179670634574, 0.23729537538920997, 0.18228733615298687]]
KL Divergence Data Individual 0:  []
Expected welfare:  12.65867540033103

ITERATION 11:
[1.00000000e-04 1.00000000e-04 2.96260132e-01 2.61769733e-01
 9.11435407e-03 1.67450242e-03 5.02592458e-03 2.26016251e-02
 1.54051545e-02 4.32846129e-02 1.45582774e-01 1.99081188e-01] [6.6418 6.571  7.2196 6.5156 5.7756 5.751  5.7168 5.8004 5.7696 5.7762
 5.7424 5.8244]
Individual regret vector:  [[1.5724882477739994, 2.321278840841999, 0.9447847354972714, 0.18253627010627138, 0.2638746307596245, 0.21524332726503115, 0.24690122458246488, 0.2325179670634574, 0.23729537538920997, 0.18228733615298687, 0.24206229983448502]]
KL Divergence Data Individual 0:  []
Expected welfare:  12.68250414182115

ITERATION 12:
[1.00000000e-04 1.00000000e-04 2.98363608e-01 2.48859351e-01
 5.68996824e-03 7.15732366e-04 2.91829560e-03 2.24292616e-02
 6.41071592e-03 1.27842525e-02 1.90599323e-02 5.53466922e-02
 3.27222190e-01] [6.751  6.6634 7.2418 6.5478 5.807  5.7142 5.8226 5.7688 5.6546 5.7808
 5.727  5.7264 5.773 ]
Individual regret vector:  [[1.5724882477739994, 2.321278840841999, 0.9447847354972714, 0.18253627010627138, 0.2638746307596245, 0.21524332726503115, 0.24690122458246488, 0.2325179670634574, 0.23729537538920997, 0.18228733615298687, 0.24206229983448502, 0.23574792908942488]]
KL Divergence Data Individual 0:  []
Expected welfare:  12.707191926787468

ITERATION 13:
[1.00000000e-04 1.00000000e-04 2.87553117e-01 2.57385930e-01
 5.47630275e-03 7.03207921e-04 3.25400481e-03 7.61182837e-03
 8.85984679e-04 7.15384435e-03 7.15325596e-03 9.84253665e-03
 4.50973927e-02 3.67682595e-01] [6.714  6.6522 7.2012 6.5078 5.821  5.7172 5.7126 5.6262 5.746  5.775
 5.7538 5.8088 5.7906 5.7528]
Individual regret vector:  [[1.5724882477739994, 2.321278840841999, 0.9447847354972714, 0.18253627010627138, 0.2638746307596245, 0.21524332726503115, 0.24690122458246488, 0.2325179670634574, 0.23729537538920997, 0.18228733615298687, 0.24206229983448502, 0.23574792908942488, 0.19600403660626586]]
KL Divergence Data Individual 0:  []
Expected welfare:  12.698318507320177

ITERATION 14:
[1.00000000e-04 1.00000000e-04 2.91207549e-01 2.57898358e-01
 6.45265270e-03 4.42432873e-04 2.18517882e-03 2.20364602e-03
 1.24281911e-03 9.49828130e-03 7.52125574e-03 1.11606135e-02
 3.57913779e-02 1.58618184e-01 2.15577651e-01] [6.7168 6.6128 7.2222 6.5744 5.7806 5.7206 5.679  5.7792 5.6768 5.8202
 5.766  5.781  5.7746 5.771  5.7414]
Individual regret vector:  [[1.5724882477739994, 2.321278840841999, 0.9447847354972714, 0.18253627010627138, 0.2638746307596245, 0.21524332726503115, 0.24690122458246488, 0.2325179670634574, 0.23729537538920997, 0.18228733615298687, 0.24206229983448502, 0.23574792908942488, 0.19600403660626586, 0.23484074633991092]]
KL Divergence Data Individual 0:  []
Expected welfare:  12.688142439494511

ITERATION 15:
[1.00000000e-04 1.00000000e-04 2.90011615e-01 2.59188907e-01
 5.81781976e-03 4.10796919e-04 1.11033423e-03 3.28244238e-03
 4.97647612e-04 6.86294617e-03 9.26713531e-03 6.24883786e-03
 1.63913487e-02 6.07895344e-02 4.47261669e-02 2.95194467e-01] [6.713  6.5326 7.1814 6.5366 5.6972 5.7384 5.6706 5.668  5.8224 5.7762
 5.788  5.7572 5.7346 5.7558 5.8266 5.7162]
Individual regret vector:  [[1.5724882477739994, 2.321278840841999, 0.9447847354972714, 0.18253627010627138, 0.2638746307596245, 0.21524332726503115, 0.24690122458246488, 0.2325179670634574, 0.23729537538920997, 0.18228733615298687, 0.24206229983448502, 0.23574792908942488, 0.19600403660626586, 0.23484074633991092, 0.29752878025274576]]
KL Divergence Data Individual 0:  []
Expected welfare:  12.683489167117797

ITERATION 16:
[1.00000000e-04 1.00000000e-04 2.92112844e-01 2.62531159e-01
 5.09549943e-03 7.29824640e-04 1.01660253e-03 2.77439206e-03
 1.14212970e-03 7.61212373e-03 1.00723138e-02 5.50395875e-03
 1.55621448e-02 6.21199386e-02 4.03779108e-02 1.57790257e-01
 1.35358901e-01] [6.7468 6.5898 7.209  6.5106 5.8514 5.7472 5.6988 5.7564 5.752  5.7874
 5.8138 5.8022 5.7524 5.7916 5.6798 5.7546 5.796 ]
Individual regret vector:  [[1.5724882477739994, 2.321278840841999, 0.9447847354972714, 0.18253627010627138, 0.2638746307596245, 0.21524332726503115, 0.24690122458246488, 0.2325179670634574, 0.23729537538920997, 0.18228733615298687, 0.24206229983448502, 0.23574792908942488, 0.19600403660626586, 0.23484074633991092, 0.29752878025274576, 0.23325541644110181]]
KL Divergence Data Individual 0:  []
Expected welfare:  12.678635579376683

ITERATION 17:
[1.00000000e-04 1.00000000e-04 2.91860134e-01 2.54697789e-01
 6.49934565e-03 3.72791164e-04 7.09284614e-04 2.65915964e-03
 1.22581660e-03 5.00073183e-03 1.14172542e-02 6.78831262e-03
 1.03682108e-02 4.61234857e-02 1.67389980e-02 7.50307483e-02
 5.67462752e-02 2.13561663e-01] [6.6908 6.2812 7.0864 6.4136 5.7326 5.671  5.6056 5.6138 5.704  5.7016
 5.58   5.5808 5.6    5.5864 5.6874 5.7886 5.71   5.5574]
Individual regret vector:  [[1.5724882477739994, 2.321278840841999, 0.9447847354972714, 0.18253627010627138, 0.2638746307596245, 0.21524332726503115, 0.24690122458246488, 0.2325179670634574, 0.23729537538920997, 0.18228733615298687, 0.24206229983448502, 0.23574792908942488, 0.19600403660626586, 0.23484074633991092, 0.29752878025274576, 0.23325541644110181, 0.24028221031165842]]
KL Divergence Data Individual 0:  []
Expected welfare:  12.6789166694422

ITERATION 18:
[1.00000000e-04 1.00000000e-04 2.91831720e-01 2.55945503e-01
 7.29742282e-03 4.75061762e-04 8.93603248e-04 2.93118342e-03
 1.39665563e-03 5.60155895e-03 1.11825756e-02 6.78545992e-03
 1.08260079e-02 4.73035162e-02 1.83825419e-02 8.72369066e-02
 6.07893152e-02 1.89413614e-01 1.50735378e-03] [6.748  6.269  7.06   6.4334 5.6    5.5572 5.6356 5.6348 5.5774 5.618
 5.7582 5.5762 5.5504 5.6672 5.6304 5.6398 5.5846 5.6482 6.5714]
Individual regret vector:  [[1.5724882477739994, 2.321278840841999, 0.9447847354972714, 0.18253627010627138, 0.2638746307596245, 0.21524332726503115, 0.24690122458246488, 0.2325179670634574, 0.23729537538920997, 0.18228733615298687, 0.24206229983448502, 0.23574792908942488, 0.19600403660626586, 0.23484074633991092, 0.29752878025274576, 0.23325541644110181, 0.24028221031165842, 0.268741665278899]]
KL Divergence Data Individual 0:  []
Expected welfare:  12.679522813367672

ITERATION 19:
[1.00000000e-04 1.00000000e-04 2.91641412e-01 2.57464447e-01
 8.00421393e-03 5.72447200e-04 1.12642105e-03 3.24313262e-03
 1.56016085e-03 6.15910130e-03 1.25106908e-02 6.85964068e-03
 1.07867266e-02 5.13274945e-02 1.91207523e-02 9.29265790e-02
 5.98691232e-02 1.71099335e-01 3.69576738e-03 1.83255499e-03] [6.859  6.569  6.9274 6.5278 5.6632 5.7256 5.7718 5.6814 5.7412 5.7144
 5.6998 5.7164 5.7686 5.675  5.6896 5.6774 5.6894 5.7596 6.67   6.6868]
Individual regret vector:  [[1.5724882477739994, 2.321278840841999, 0.9447847354972714, 0.18253627010627138, 0.2638746307596245, 0.21524332726503115, 0.24690122458246488, 0.2325179670634574, 0.23729537538920997, 0.18228733615298687, 0.24206229983448502, 0.23574792908942488, 0.19600403660626586, 0.23484074633991092, 0.29752878025274576, 0.23325541644110181, 0.24028221031165842, 0.268741665278899, 0.25563859331616356]]
KL Divergence Data Individual 0:  []
Expected welfare:  14.612519032414

ITERATION 20:
[1.00e-04 1.00e-04 1.00e-04 1.00e-04 1.00e-04 1.00e-04 1.00e-04 1.00e-04
 1.00e-04 1.00e-04 1.00e-04 1.00e-04 1.00e-04 1.00e-04 1.00e-04 1.00e-04
 1.00e-04 1.00e-04 1.00e-04 1.00e-04 9.98e-01] [6.8986 6.456  7.0368 6.4638 5.7572 5.713  5.766  5.829  5.7232 5.7118
 5.6838 5.6934 5.7326 5.754  5.7204 5.7344 5.7212 5.6976 6.626  6.6414
 7.5676]
Individual regret vector:  [[1.5724882477739994, 2.321278840841999, 0.9447847354972714, 0.18253627010627138, 0.2638746307596245, 0.21524332726503115, 0.24690122458246488, 0.2325179670634574, 0.23729537538920997, 0.18228733615298687, 0.24206229983448502, 0.23574792908942488, 0.19600403660626586, 0.23484074633991092, 0.29752878025274576, 0.23325541644110181, 0.24028221031165842, 0.268741665278899, 0.25563859331616356, 0.3445404837930006]]
KL Divergence Data Individual 0:  []
Expected welfare:  14.678957637732001

ITERATION 21:
[1.000e-04 1.000e-04 1.000e-04 1.000e-04 1.000e-04 1.000e-04 1.000e-04
 1.000e-04 1.000e-04 1.000e-04 1.000e-04 1.000e-04 1.000e-04 1.000e-04
 1.000e-04 1.000e-04 1.000e-04 1.000e-04 1.000e-04 1.000e-04 1.000e-04
 9.979e-01] [6.2568 6.7356 6.5144 6.1534 5.9622 5.9676 6.0396 5.8444 5.7778 5.9164
 5.9192 6.0086 5.8686 5.943  5.8772 5.8916 5.9176 5.8834 6.7838 6.9444
 7.625  7.6536]
Individual regret vector:  [[1.5724882477739994, 2.321278840841999, 0.9447847354972714, 0.18253627010627138, 0.2638746307596245, 0.21524332726503115, 0.24690122458246488, 0.2325179670634574, 0.23729537538920997, 0.18228733615298687, 0.24206229983448502, 0.23574792908942488, 0.19600403660626586, 0.23484074633991092, 0.29752878025274576, 0.23325541644110181, 0.24028221031165842, 0.268741665278899, 0.25563859331616356, 0.3445404837930006, 0.39792118113399955]]
KL Divergence Data Individual 0:  []
Expected welfare:  14.193970711201366

ITERATION 22:
[1.00000000e-04 1.00000000e-04 1.00000000e-04 1.00000000e-04
 1.00000000e-04 1.00000000e-04 1.00000000e-04 1.00000000e-04
 1.00000000e-04 1.00000000e-04 1.00000000e-04 1.00000000e-04
 1.00000000e-04 1.00000000e-04 1.00000000e-04 1.00000000e-04
 1.00000000e-04 1.00000000e-04 1.00000000e-04 1.00000000e-04
 1.00000000e-04 5.80411136e-01 4.17488864e-01] [6.3216 6.413  6.7572 6.4974 6.2848 6.2162 6.2832 6.3108 6.3526 6.2336
 6.2638 6.249  6.1644 6.2844 6.2966 6.2136 6.188  6.274  7.0666 7.0816
 7.7854 7.8008 6.8168]
Individual regret vector:  [[1.5724882477739994, 2.321278840841999, 0.9447847354972714, 0.18253627010627138, 0.2638746307596245, 0.21524332726503115, 0.24690122458246488, 0.2325179670634574, 0.23729537538920997, 0.18228733615298687, 0.24206229983448502, 0.23574792908942488, 0.19600403660626586, 0.23484074633991092, 0.29752878025274576, 0.23325541644110181, 0.24028221031165842, 0.268741665278899, 0.25563859331616356, 0.3445404837930006, 0.39792118113399955, 0.4388146443993177]]
KL Divergence Data Individual 0:  []
Expected welfare:  14.289488815960505

ITERATION 23:
[1.00000000e-04 1.00000000e-04 1.00000000e-04 1.00000000e-04
 1.00000000e-04 1.00000000e-04 1.00000000e-04 1.00000000e-04
 1.00000000e-04 1.00000000e-04 1.00000000e-04 1.00000000e-04
 1.00000000e-04 1.00000000e-04 1.00000000e-04 1.00000000e-04
 1.00000000e-04 1.00000000e-04 1.00000000e-04 1.00000000e-04
 1.00000000e-04 5.55734066e-01 2.03786593e-01 2.38379340e-01] [6.3108 6.4062 6.745  6.4832 6.2722 6.3038 6.182  6.2542 6.3028 6.1562
 6.2062 6.2284 6.2604 6.2294 6.2578 6.235  6.3728 6.3118 7.009  7.0568
 7.7868 7.7858 6.7864 6.1438]
Individual regret vector:  [[1.5724882477739994, 2.321278840841999, 0.9447847354972714, 0.18253627010627138, 0.2638746307596245, 0.21524332726503115, 0.24690122458246488, 0.2325179670634574, 0.23729537538920997, 0.18228733615298687, 0.24206229983448502, 0.23574792908942488, 0.19600403660626586, 0.23484074633991092, 0.29752878025274576, 0.23325541644110181, 0.24028221031165842, 0.268741665278899, 0.25563859331616356, 0.3445404837930006, 0.39792118113399955, 0.4388146443993177, 0.22205559201974623]]
KL Divergence Data Individual 0:  []
Expected welfare:  14.2993596317013

ITERATION 24:
[1.00000000e-04 1.00000000e-04 1.00000000e-04 1.00000000e-04
 1.00000000e-04 1.00000000e-04 1.00000000e-04 1.00000000e-04
 1.00000000e-04 1.00000000e-04 1.00000000e-04 1.00000000e-04
 1.00000000e-04 1.00000000e-04 1.00000000e-04 1.00000000e-04
 1.00000000e-04 1.00000000e-04 1.00000000e-04 1.00000000e-04
 1.00000000e-04 5.63621916e-01 2.03754533e-01 1.93190212e-02
 2.11204530e-01] [6.3608 6.4902 6.7706 6.4028 6.2776 6.226  6.232  6.2868 6.245  6.3092
 6.3066 6.2634 6.3668 6.2334 6.1674 6.1958 6.3098 6.217  7.067  7.0558
 7.7482 7.8176 6.7654 6.1686 6.0598]
Individual regret vector:  [[1.5724882477739994, 2.321278840841999, 0.9447847354972714, 0.18253627010627138, 0.2638746307596245, 0.21524332726503115, 0.24690122458246488, 0.2325179670634574, 0.23729537538920997, 0.18228733615298687, 0.24206229983448502, 0.23574792908942488, 0.19600403660626586, 0.23484074633991092, 0.29752878025274576, 0.23325541644110181, 0.24028221031165842, 0.268741665278899, 0.25563859331616356, 0.3445404837930006, 0.39792118113399955, 0.4388146443993177, 0.22205559201974623, 0.20792018414935054]]
KL Divergence Data Individual 0:  []
Expected welfare:  14.26001577428367

TRIAL 1:

ITERATION 0:
KL Divergence Data Individual 0:  []
Expected welfare:  10.506147337968002

ITERATION 1:
[1.000e-04 9.999e-01] [7.3548 6.6422]
Individual regret vector:  [[1.417926331016]]
KL Divergence Data Individual 0:  []
Expected welfare:  12.728297499032001

ITERATION 2:
[1.000e-04 1.000e-04 9.998e-01] [7.1748 6.191  6.8186]
Individual regret vector:  [[1.417926331016, 0.5306512504839995]]
KL Divergence Data Individual 0:  []
Expected welfare:  12.925529443075366

ITERATION 3:
[1.00000000e-04 1.00000000e-04 7.73577262e-01 2.26222738e-01] [6.3392 6.179  6.9896 5.9172]
Individual regret vector:  [[1.417926331016, 0.5306512504839995, 0.43423527846231735]]
KL Divergence Data Individual 0:  []
Expected welfare:  13.21705729045541

ITERATION 4:
[1.00000000e-04 1.00000000e-04 7.68894109e-01 1.00000000e-04
 2.30805891e-01] [6.3154 6.2018 6.9608 5.8974 5.415 ]
Individual regret vector:  [[1.417926331016, 0.5306512504839995, 0.43423527846231735, 0.18067135477229357]]
KL Divergence Data Individual 0:  []
Expected welfare:  13.195886916206058

ITERATION 5:
[1.00000000e-04 1.00000000e-04 7.70500828e-01 1.00000000e-04
 8.07006470e-02 1.48498525e-01] [6.3146 6.1836 7.0316 5.8386 5.5406 5.5956]
Individual regret vector:  [[1.417926331016, 0.5306512504839995, 0.43423527846231735, 0.18067135477229357, 0.12845654189696987]]
KL Divergence Data Individual 0:  []
Expected welfare:  13.224243216464135

ITERATION 6:
[1.00000000e-04 1.00000000e-04 7.53063491e-01 1.00000000e-04
 2.25858896e-03 5.19664467e-03 2.39181275e-01] [6.4982 6.2376 6.9428 5.8142 5.5842 5.4526 5.523 ]
Individual regret vector:  [[1.417926331016, 0.5306512504839995, 0.43423527846231735, 0.18067135477229357, 0.12845654189696987, 0.21047839176793293]]
KL Divergence Data Individual 0:  []
Expected welfare:  13.213243543966247

ITERATION 7:
[1.00000000e-04 1.00000000e-04 7.55111607e-01 1.00000000e-04
 3.61149151e-03 5.63893240e-03 2.20632645e-01 1.47053237e-02] [6.5686 6.1788 6.9562 5.6982 5.5806 5.4644 5.5272 4.6532]
Individual regret vector:  [[1.417926331016, 0.5306512504839995, 0.43423527846231735, 0.18067135477229357, 0.12845654189696987, 0.21047839176793293, 0.1951782280168759]]
KL Divergence Data Individual 0:  []
Expected welfare:  13.205339950267984

ITERATION 8:
[1.00000000e-04 1.00000000e-04 7.56314230e-01 1.00000000e-04
 4.72844411e-03 5.14242894e-03 2.07907003e-01 8.84095798e-03
 1.67669362e-02] [6.4918 6.274  6.9204 5.8408 5.5418 5.463  5.5228 4.6236 4.6936]
Individual regret vector:  [[1.417926331016, 0.5306512504839995, 0.43423527846231735, 0.18067135477229357, 0.12845654189696987, 0.21047839176793293, 0.1951782280168759, 0.16853002486600932]]
KL Divergence Data Individual 0:  []
Expected welfare:  13.205441075120948

ITERATION 9:
[1.00000000e-04 1.00000000e-04 7.56492633e-01 1.00000000e-04
 5.35411969e-03 5.00335301e-03 2.07630047e-01 7.87829918e-03
 1.42325514e-02 3.10899641e-03] [6.5274 6.2398 6.9146 5.7706 5.5702 5.5858 5.4822 4.642  4.647  4.6588]
Individual regret vector:  [[1.417926331016, 0.5306512504839995, 0.43423527846231735, 0.18067135477229357, 0.12845654189696987, 0.21047839176793293, 0.1951782280168759, 0.16853002486600932, 0.1626794624395247]]
KL Divergence Data Individual 0:  []
Expected welfare:  13.206165940919021

ITERATION 10:
[1.00000000e-04 1.00000000e-04 7.56555484e-01 1.00000000e-04
 5.29136373e-03 5.30419667e-03 2.08420494e-01 7.12197338e-03
 1.25316993e-02 2.71383479e-03 1.76095476e-03] [6.523  6.216  6.9706 5.789  5.455  5.4498 5.5566 4.6518 4.5836 4.555
 4.6274]
Individual regret vector:  [[1.417926331016, 0.5306512504839995, 0.43423527846231735, 0.18067135477229357, 0.12845654189696987, 0.21047839176793293, 0.1951782280168759, 0.16853002486600932, 0.1626794624395247, 0.17551702954048842]]
KL Divergence Data Individual 0:  []
Expected welfare:  13.202053867116561

ITERATION 11:
[1.00000000e-04 1.00000000e-04 7.57530435e-01 1.00000000e-04
 5.49009291e-03 5.29398489e-03 1.99778612e-01 5.58017029e-03
 8.52023562e-03 1.98922048e-03 1.36600496e-03 1.41512437e-02] [6.4246 6.103  7.0082 5.8026 5.5488 5.4764 5.515  4.7178 4.69   4.603
 4.7118 4.6368]
Individual regret vector:  [[1.417926331016, 0.5306512504839995, 0.43423527846231735, 0.18067135477229357, 0.12845654189696987, 0.21047839176793293, 0.1951782280168759, 0.16853002486600932, 0.1626794624395247, 0.17551702954048842, 0.16157306644171854]]
KL Divergence Data Individual 0:  []
Expected welfare:  13.174359793270117

ITERATION 12:
[1.00000000e-04 1.00000000e-04 7.60352027e-01 1.00000000e-04
 6.28991557e-03 5.00065238e-03 1.63704859e-01 3.29465227e-03
 6.15629401e-03 1.10976224e-03 7.20370920e-04 8.42565610e-03
 4.46458105e-02] [6.5062 6.261  6.952  5.812  5.4074 5.494  5.5062 4.596  4.474  4.661
 4.5624 4.641  4.5812]
Individual regret vector:  [[1.417926331016, 0.5306512504839995, 0.43423527846231735, 0.18067135477229357, 0.12845654189696987, 0.21047839176793293, 0.1951782280168759, 0.16853002486600932, 0.1626794624395247, 0.17551702954048842, 0.16157306644171854, 0.12342010336494358]]
KL Divergence Data Individual 0:  []
Expected welfare:  13.175964566168108

ITERATION 13:
[1.00000000e-04 1.00000000e-04 7.60282596e-01 1.00000000e-04
 6.43809461e-03 4.98818941e-03 1.65632341e-01 2.89282393e-03
 5.56911764e-03 1.08369472e-03 6.83951017e-04 7.69452524e-03
 4.17327763e-02 2.70188923e-03] [6.9966 6.3898 6.9306 5.7888 5.7178 5.722  5.6758 5.5664 5.5378 5.5668
 5.5368 5.5218 5.4762 5.5152]
Individual regret vector:  [[1.417926331016, 0.5306512504839995, 0.43423527846231735, 0.18067135477229357, 0.12845654189696987, 0.21047839176793293, 0.1951782280168759, 0.16853002486600932, 0.1626794624395247, 0.17551702954048842, 0.16157306644171854, 0.12342010336494358, 0.2124177169159447]]
KL Divergence Data Individual 0:  []
Expected welfare:  12.955993488971629

ITERATION 14:
[1.00000000e-04 1.00000000e-04 7.48341827e-01 1.00000000e-04
 1.00000000e-04 1.00000000e-04 6.00333901e-04 3.12146463e-03
 5.47938714e-03 1.54371860e-03 1.16204585e-03 8.85581664e-03
 5.50107867e-02 4.00224587e-03 1.71382374e-01] [7.1136 6.39   6.9236 5.947  5.9382 5.952  5.8914 6.3412 6.2608 6.3472
 6.3678 6.369  6.2198 6.3312 6.0642]
Individual regret vector:  [[1.417926331016, 0.5306512504839995, 0.43423527846231735, 0.18067135477229357, 0.12845654189696987, 0.21047839176793293, 0.1951782280168759, 0.16853002486600932, 0.1626794624395247, 0.17551702954048842, 0.16157306644171854, 0.12342010336494358, 0.2124177169159447, 0.409403255514186]]
KL Divergence Data Individual 0:  []
Expected welfare:  13.10033642353487

ITERATION 15:
[1.00000000e-04 1.00000000e-04 5.82305785e-01 1.00000000e-04
 1.00000000e-04 1.00000000e-04 1.00000000e-04 2.43821114e-02
 6.27160013e-03 4.27087842e-03 4.72167115e-03 8.37970761e-03
 5.90943090e-02 4.65650939e-03 1.00000000e-04 3.05217428e-01] [7.1994 6.3202 6.992  5.9508 5.8538 5.9146 5.964  6.307  6.3256 6.2812
 6.311  6.3062 6.3868 6.327  6.1402 6.4212]
Individual regret vector:  [[1.417926331016, 0.5306512504839995, 0.43423527846231735, 0.18067135477229357, 0.12845654189696987, 0.21047839176793293, 0.1951782280168759, 0.16853002486600932, 0.1626794624395247, 0.17551702954048842, 0.16157306644171854, 0.12342010336494358, 0.2124177169159447, 0.409403255514186, 0.2908317882325653]]
KL Divergence Data Individual 0:  []
Expected welfare:  13.098052655904663

ITERATION 16:
[1.00000000e-04 1.00000000e-04 5.55027481e-01 1.00000000e-04
 1.00000000e-04 1.00000000e-04 1.00000000e-04 8.84375398e-04
 4.12037960e-03 2.37639203e-03 3.55968557e-03 4.22235925e-03
 8.85984540e-02 6.76680765e-03 1.00000000e-04 1.00000000e-04
 3.33644065e-01] [7.1476 6.2646 6.9738 6.0232 5.9026 6.0032 5.9698 6.3258 6.4208 6.3782
 6.3932 6.3902 6.4048 6.2962 6.0122 6.4342 6.3792]
Individual regret vector:  [[1.417926331016, 0.5306512504839995, 0.43423527846231735, 0.18067135477229357, 0.12845654189696987, 0.21047839176793293, 0.1951782280168759, 0.16853002486600932, 0.1626794624395247, 0.17551702954048842, 0.16157306644171854, 0.12342010336494358, 0.2124177169159447, 0.409403255514186, 0.2908317882325653, 0.329173672047669]]
KL Divergence Data Individual 0:  []
Expected welfare:  13.076402938095473

ITERATION 17:
[1.00000000e-04 1.00000000e-04 5.44299293e-01 1.00000000e-04
 1.00000000e-04 1.00000000e-04 1.00000000e-04 1.79421347e-03
 1.50969629e-02 1.45522026e-02 1.29743254e-02 1.61180075e-02
 3.30653987e-02 9.46247890e-03 1.00000000e-04 1.00000000e-04
 1.00000000e-04 3.51737118e-01] [7.2422 6.311  7.0036 6.0028 5.8976 5.929  5.9974 6.3998 6.3316 6.38
 6.349  6.3414 6.2896 6.3586 5.9838 6.3146 6.3526 6.3346]
Individual regret vector:  [[1.417926331016, 0.5306512504839995, 0.43423527846231735, 0.18067135477229357, 0.12845654189696987, 0.21047839176793293, 0.1951782280168759, 0.16853002486600932, 0.1626794624395247, 0.17551702954048842, 0.16157306644171854, 0.12342010336494358, 0.2124177169159447, 0.409403255514186, 0.2908317882325653, 0.329173672047669, 0.24379853095226345]]
KL Divergence Data Individual 0:  []
Expected welfare:  13.090495534790964

ITERATION 18:
[1.00000000e-04 1.00000000e-04 5.41521481e-01 1.00000000e-04
 1.00000000e-04 1.00000000e-04 1.00000000e-04 3.05931133e-03
 2.44065755e-02 1.10040681e-03 1.38363896e-02 6.39515217e-03
 3.48952211e-02 2.61961909e-02 1.00000000e-04 1.00000000e-04
 1.00000000e-04 1.00000000e-04 3.47589272e-01] [7.1886 6.2986 7.0092 5.9404 5.9564 5.9332 5.9084 6.2976 6.3258 6.3384
 6.42   6.3768 6.3086 6.3096 6.0906 6.4802 6.3656 6.3948 6.364 ]
Individual regret vector:  [[1.417926331016, 0.5306512504839995, 0.43423527846231735, 0.18067135477229357, 0.12845654189696987, 0.21047839176793293, 0.1951782280168759, 0.16853002486600932, 0.1626794624395247, 0.17551702954048842, 0.16157306644171854, 0.12342010336494358, 0.2124177169159447, 0.409403255514186, 0.2908317882325653, 0.329173672047669, 0.24379853095226345, 0.2843522326045189]]
KL Divergence Data Individual 0:  []
Expected welfare:  13.11661557010644

ITERATION 19:
[1.00000000e-04 1.00000000e-04 5.52287798e-01 1.00000000e-04
 1.00000000e-04 1.00000000e-04 1.00000000e-04 2.55668769e-03
 1.92262716e-02 4.95916839e-03 1.81730417e-03 7.62335844e-03
 6.94189301e-02 9.04043984e-04 1.00000000e-04 1.00000000e-04
 1.00000000e-04 1.00000000e-04 1.00000000e-04 3.40106438e-01] [7.209  6.342  6.932  6.0014 5.968  6.0032 6.0178 6.302  6.3842 6.362
 6.2866 6.3994 6.3634 6.3738 6.0736 6.4536 6.4438 6.3144 6.394  6.3758]
Individual regret vector:  [[1.417926331016, 0.5306512504839995, 0.43423527846231735, 0.18067135477229357, 0.12845654189696987, 0.21047839176793293, 0.1951782280168759, 0.16853002486600932, 0.1626794624395247, 0.17551702954048842, 0.16157306644171854, 0.12342010336494358, 0.2124177169159447, 0.409403255514186, 0.2908317882325653, 0.329173672047669, 0.24379853095226345, 0.2843522326045189, 0.312892214946781]]
KL Divergence Data Individual 0:  []
Expected welfare:  13.126633997033643

ITERATION 20:
[1.00000000e-04 1.00000000e-04 5.87645362e-01 1.00000000e-04
 1.00000000e-04 1.00000000e-04 1.00000000e-04 9.94173352e-04
 1.72150172e-02 2.96371651e-03 4.18535181e-04 2.53178046e-02
 5.99614895e-02 6.04916986e-03 1.00000000e-04 1.00000000e-04
 1.00000000e-04 1.00000000e-04 7.55243848e-04 5.29284225e-03
 2.92386646e-01] [7.1912 6.2288 6.914  6.0358 5.9328 5.9038 5.9414 6.3684 6.294  6.402
 6.4562 6.3294 6.3518 6.3822 6.1342 6.36   6.3614 6.366  6.3676 6.3416
 6.4082]
Individual regret vector:  [[1.417926331016, 0.5306512504839995, 0.43423527846231735, 0.18067135477229357, 0.12845654189696987, 0.21047839176793293, 0.1951782280168759, 0.16853002486600932, 0.1626794624395247, 0.17551702954048842, 0.16157306644171854, 0.12342010336494358, 0.2124177169159447, 0.409403255514186, 0.2908317882325653, 0.329173672047669, 0.24379853095226345, 0.2843522326045189, 0.312892214946781, 0.2726830014831778]]
KL Divergence Data Individual 0:  []
Expected welfare:  13.08473750044129

ITERATION 21:
[1.00000000e-04 1.00000000e-04 5.70682508e-01 1.00000000e-04
 1.00000000e-04 1.00000000e-04 1.00000000e-04 5.28198901e-03
 2.08729772e-02 4.58910039e-03 9.86449597e-03 2.49897406e-02
 3.43110534e-02 1.42702745e-02 1.00000000e-04 1.00000000e-04
 1.00000000e-04 1.00000000e-04 3.40350948e-04 6.99566240e-03
 1.33263194e-03 3.05469216e-01] [7.1772 6.3488 6.9578 6.0192 5.9726 5.8986 6.0078 6.4164 6.3076 6.3702
 6.34   6.3808 6.3748 6.3118 6.0662 6.3874 6.3984 6.3796 6.3298 6.3488
 6.4202 6.3694]
Individual regret vector:  [[1.417926331016, 0.5306512504839995, 0.43423527846231735, 0.18067135477229357, 0.12845654189696987, 0.21047839176793293, 0.1951782280168759, 0.16853002486600932, 0.1626794624395247, 0.17551702954048842, 0.16157306644171854, 0.12342010336494358, 0.2124177169159447, 0.409403255514186, 0.2908317882325653, 0.329173672047669, 0.24379853095226345, 0.2843522326045189, 0.312892214946781, 0.2726830014831778, 0.2826312497793575]]
KL Divergence Data Individual 0:  []
Expected welfare:  13.1104276932021

ITERATION 22:
[1.00000000e-04 1.00000000e-04 5.46261836e-01 1.00000000e-04
 1.00000000e-04 1.00000000e-04 1.00000000e-04 1.14975349e-02
 1.48286217e-02 9.70204999e-04 1.00000000e-04 7.38572407e-03
 7.67870080e-02 2.20726590e-03 1.00000000e-04 1.00000000e-04
 1.00000000e-04 1.00000000e-04 1.00000000e-04 1.00000000e-04
 1.00000000e-04 1.00000000e-04 3.38561805e-01] [7.2608 6.03   6.8308 5.9416 5.8664 5.8826 5.9238 6.3302 6.3472 6.45
 6.3784 6.4044 6.4212 6.4208 6.2254 6.6104 6.6128 6.5196 6.4686 6.5426
 6.5106 6.5426 6.5334]
Individual regret vector:  [[1.417926331016, 0.5306512504839995, 0.43423527846231735, 0.18067135477229357, 0.12845654189696987, 0.21047839176793293, 0.1951782280168759, 0.16853002486600932, 0.1626794624395247, 0.17551702954048842, 0.16157306644171854, 0.12342010336494358, 0.2124177169159447, 0.409403255514186, 0.2908317882325653, 0.329173672047669, 0.24379853095226345, 0.2843522326045189, 0.312892214946781, 0.2726830014831778, 0.2826312497793575, 0.2855861533989481]]
KL Divergence Data Individual 0:  []
Expected welfare:  13.106861039277199

ITERATION 23:
[1.00000000e-04 1.00000000e-04 6.23708857e-01 1.00000000e-04
 1.00000000e-04 1.00000000e-04 1.00000000e-04 7.93321675e-04
 6.24361032e-03 2.93560112e-03 1.81447670e-03 2.03211441e-02
 8.83117286e-02 3.22369299e-03 1.00000000e-04 1.00000000e-04
 1.00000000e-04 1.00000000e-04 1.00000000e-04 4.72147637e-03
 1.00000000e-04 2.17765266e-04 1.00039314e-02 2.36504394e-01] [7.0644 5.8754 6.866  6.422  6.323  6.2574 6.264  6.7812 6.7998 6.8236
 6.8076 6.7884 6.8016 6.8046 5.8586 6.2208 6.2542 6.3174 6.3394 6.3162
 6.3572 6.2252 6.2514 6.0416]
Individual regret vector:  [[1.417926331016, 0.5306512504839995, 0.43423527846231735, 0.18067135477229357, 0.12845654189696987, 0.21047839176793293, 0.1951782280168759, 0.16853002486600932, 0.1626794624395247, 0.17551702954048842, 0.16157306644171854, 0.12342010336494358, 0.2124177169159447, 0.409403255514186, 0.2908317882325653, 0.329173672047669, 0.24379853095226345, 0.2843522326045189, 0.312892214946781, 0.2726830014831778, 0.2826312497793575, 0.2855861533989481, 0.21576948036139765]]
KL Divergence Data Individual 0:  []
Expected welfare:  13.149324303580523

ITERATION 24:
[1.00000000e-04 1.00000000e-04 5.12730843e-01 1.00000000e-04
 1.00000000e-04 1.00000000e-04 1.00000000e-04 2.23527523e-03
 9.00648795e-03 2.72216368e-03 1.78505691e-03 3.04675462e-02
 5.91301647e-02 4.28544476e-03 1.00000000e-04 1.00000000e-04
 1.00000000e-04 3.82223470e-04 3.29915937e-03 9.72250964e-03
 2.24686109e-03 2.65643112e-03 4.73132419e-02 2.14172966e-02
 2.89699295e-01] [7.1818 5.8242 6.9182 6.4066 6.1696 6.21   6.255  6.8316 6.8052 6.8208
 6.743  6.8094 6.792  6.769  5.886  6.3124 6.2296 6.2484 6.285  6.3136
 6.2836 6.265  6.3944 5.9878 6.3196]
Individual regret vector:  [[1.417926331016, 0.5306512504839995, 0.43423527846231735, 0.18067135477229357, 0.12845654189696987, 0.21047839176793293, 0.1951782280168759, 0.16853002486600932, 0.1626794624395247, 0.17551702954048842, 0.16157306644171854, 0.12342010336494358, 0.2124177169159447, 0.409403255514186, 0.2908317882325653, 0.329173672047669, 0.24379853095226345, 0.2843522326045189, 0.312892214946781, 0.2726830014831778, 0.2826312497793575, 0.2855861533989481, 0.21576948036139765, 0.1779378482097389]]
KL Divergence Data Individual 0:  []
Expected welfare:  13.200631495243323

ITERATION 25:
[1.00000000e-04 1.00000000e-04 4.94763143e-01 1.00000000e-04
 1.00000000e-04 1.00000000e-04 1.00000000e-04 9.65203339e-03
 1.70239656e-02 5.56302092e-03 5.68408912e-04 1.62253804e-02
 3.80383041e-02 1.35709888e-03 1.00000000e-04 1.00000000e-04
 5.67945828e-04 1.23237725e-03 7.70438828e-04 3.22818871e-03
 1.44753185e-03 8.56414273e-04 7.02102313e-02 2.03144986e-03
 3.82270185e-03 3.31841365e-01] [7.1504 5.8096 6.8288 6.4162 6.2314 6.3078 6.1784 6.785  6.7408 6.8262
 6.7572 6.828  6.77   6.7672 5.9398 6.2766 6.2134 6.2874 6.3016 6.2918
 6.337  6.2918 6.287  5.9972 6.292  6.3268]
Individual regret vector:  [[1.417926331016, 0.5306512504839995, 0.43423527846231735, 0.18067135477229357, 0.12845654189696987, 0.21047839176793293, 0.1951782280168759, 0.16853002486600932, 0.1626794624395247, 0.17551702954048842, 0.16157306644171854, 0.12342010336494358, 0.2124177169159447, 0.409403255514186, 0.2908317882325653, 0.329173672047669, 0.24379853095226345, 0.2843522326045189, 0.312892214946781, 0.2726830014831778, 0.2826312497793575, 0.2855861533989481, 0.21576948036139765, 0.1779378482097389, 0.1938842523783384]]
KL Divergence Data Individual 0:  []
Expected welfare:  13.186757468976616

ITERATION 26:
[1.00000000e-04 1.00000000e-04 5.07850027e-01 1.00000000e-04
 1.00000000e-04 1.00000000e-04 1.00000000e-04 7.10875119e-03
 1.01531958e-02 3.74558034e-03 5.43627149e-04 1.38915798e-02
 6.15705927e-02 2.44725906e-03 1.00000000e-04 1.00000000e-04
 3.22776755e-04 1.41208967e-03 2.37062554e-03 8.57341729e-03
 1.84673073e-03 2.18167643e-03 7.18624355e-02 5.19108503e-03
 4.15483005e-03 1.82456754e-01 1.11516966e-01] [7.169  5.8402 6.923  6.471  6.2948 6.2444 6.2942 6.8048 6.779  6.7812
 6.7992 6.7684 6.7512 6.808  5.9182 6.256  6.2694 6.3152 6.2514 6.2878
 6.3348 6.253  6.281  5.9228 6.3278 6.337  6.311 ]
Individual regret vector:  [[1.417926331016, 0.5306512504839995, 0.43423527846231735, 0.18067135477229357, 0.12845654189696987, 0.21047839176793293, 0.1951782280168759, 0.16853002486600932, 0.1626794624395247, 0.17551702954048842, 0.16157306644171854, 0.12342010336494358, 0.2124177169159447, 0.409403255514186, 0.2908317882325653, 0.329173672047669, 0.24379853095226345, 0.2843522326045189, 0.312892214946781, 0.2726830014831778, 0.2826312497793575, 0.2855861533989481, 0.21576948036139765, 0.1779378482097389, 0.1938842523783384, 0.18182126551168842]]
KL Divergence Data Individual 0:  []
Expected welfare:  13.18358710436336

ITERATION 27:
[1.00000000e-04 1.00000000e-04 4.97392873e-01 1.00000000e-04
 1.00000000e-04 1.00000000e-04 1.00000000e-04 8.90955479e-03
 1.59008137e-02 3.75728699e-03 1.12522636e-03 1.88162607e-02
 3.18661770e-02 1.06997214e-02 1.00000000e-04 1.00000000e-04
 3.16916338e-04 4.98209349e-04 4.74764869e-03 1.65565279e-02
 5.70364590e-03 2.94611536e-03 5.54042432e-02 1.57141642e-03
 6.44593349e-04 1.39441004e-02 3.59351957e-03 3.04805149e-01] [7.14   5.8326 6.831  6.4204 6.1868 6.2216 6.2734 6.8018 6.7864 6.8446
 6.7372 6.8424 6.8044 6.821  6.0024 6.3498 6.3102 6.3806 6.298  6.2992
 6.264  6.2346 6.3278 5.9956 6.3084 6.358  6.2516 6.3224]
Individual regret vector:  [[1.417926331016, 0.5306512504839995, 0.43423527846231735, 0.18067135477229357, 0.12845654189696987, 0.21047839176793293, 0.1951782280168759, 0.16853002486600932, 0.1626794624395247, 0.17551702954048842, 0.16157306644171854, 0.12342010336494358, 0.2124177169159447, 0.409403255514186, 0.2908317882325653, 0.329173672047669, 0.24379853095226345, 0.2843522326045189, 0.312892214946781, 0.2726830014831778, 0.2826312497793575, 0.2855861533989481, 0.21576948036139765, 0.1779378482097389, 0.1938842523783384, 0.18182126551168842, 0.12320644781831724]]
KL Divergence Data Individual 0:  []
Expected welfare:  13.172902374814521

TRIAL 2:

ITERATION 0:
KL Divergence Data Individual 0:  []
Expected welfare:  10.104026814117999

ITERATION 1:
[1.000e-04 9.999e-01] [7.4742 6.541 ]
Individual regret vector:  [[1.7045865929410002]]
KL Divergence Data Individual 0:  []
Expected welfare:  9.971270410710002

ITERATION 2:
[1.000e-04 1.000e-04 9.998e-01] [6.7872 6.1144 6.0666]
Individual regret vector:  [[1.7045865929410002, 1.1823647946449993]]
KL Divergence Data Individual 0:  []
Expected welfare:  12.320620105363194

ITERATION 3:
[1.00000000e-04 1.00000000e-04 4.08599401e-01 5.91200599e-01] [6.7168 6.5768 6.0988 6.9478]
Individual regret vector:  [[1.7045865929410002, 1.1823647946449993, 0.5414899473184027]]
KL Divergence Data Individual 0:  []
Expected welfare:  12.95017266464377

ITERATION 4:
[1.00000000e-04 1.00000000e-04 1.37927733e-03 1.00000000e-04
 9.98320723e-01] [6.5334 6.5504 5.6254 6.488  6.9062]
Individual regret vector:  [[1.7045865929410002, 1.1823647946449993, 0.5414899473184027, 0.5389136676781154]]
KL Divergence Data Individual 0:  []
Expected welfare:  12.982530400444189

ITERATION 5:
[1.00000000e-04 1.00000000e-04 1.00000000e-04 1.00000000e-04
 4.64446515e-01 5.35153485e-01] [6.2996 6.1476 5.9982 6.0768 7.3532 6.4796]
Individual regret vector:  [[1.7045865929410002, 1.1823647946449993, 0.5414899473184027, 0.5389136676781154, 0.5183347997779055]]
KL Divergence Data Individual 0:  []
Expected welfare:  14.845047760489999

ITERATION 6:
[1.000e-04 1.000e-04 1.000e-04 1.000e-04 1.000e-04 1.000e-04 9.994e-01] [6.1946 4.7106 3.8476 3.9506 5.236  5.2376 7.8444]
Individual regret vector:  [[1.7045865929410002, 1.1823647946449993, 0.5414899473184027, 0.5389136676781154, 0.5183347997779055, 0.6040761197549998]]
KL Divergence Data Individual 0:  []
Expected welfare:  14.647633777209894

ITERATION 7:
[1.00000000e-04 1.00000000e-04 1.00000000e-04 1.00000000e-04
 1.00000000e-04 1.00000000e-04 9.02293305e-01 9.71066954e-02] [6.2282 4.6334 3.9816 3.9018 5.301  5.0936 7.8702 2.3676]
Individual regret vector:  [[1.7045865929410002, 1.1823647946449993, 0.5414899473184027, 0.5389136676781154, 0.5183347997779055, 0.6040761197549998, 0.25138311139505376]]
KL Divergence Data Individual 0:  []
Expected welfare:  14.643554737740905

ITERATION 8:
[1.00000000e-04 1.00000000e-04 1.00000000e-04 1.00000000e-04
 1.00000000e-04 1.00000000e-04 8.99478651e-01 4.13333830e-02
 5.85879663e-02] [6.2962 4.7062 3.895  3.8606 5.3932 5.2752 7.8866 2.4556 2.342 ]
Individual regret vector:  [[1.7045865929410002, 1.1823647946449993, 0.5414899473184027, 0.5389136676781154, 0.5183347997779055, 0.6040761197549998, 0.25138311139505376, 0.207022631129548]]
KL Divergence Data Individual 0:  []
Expected welfare:  14.635992165873702

ITERATION 9:
[1.00000000e-04 1.00000000e-04 1.00000000e-04 1.00000000e-04
 1.00000000e-04 1.00000000e-04 8.95800055e-01 1.71621372e-02
 2.98432679e-02 5.65945402e-02] [6.242  4.664  4.087  3.969  5.3618 5.3098 7.8528 2.3382 2.3508 2.4008]
Individual regret vector:  [[1.7045865929410002, 1.1823647946449993, 0.5414899473184027, 0.5389136676781154, 0.5183347997779055, 0.6040761197549998, 0.25138311139505376, 0.207022631129548, 0.18840391706314819]]
KL Divergence Data Individual 0:  []
Expected welfare:  14.636874623981543

ITERATION 10:
[1.00000000e-04 1.00000000e-04 1.00000000e-04 1.00000000e-04
 1.00000000e-04 1.00000000e-04 8.96079476e-01 1.54065157e-02
 2.79895570e-02 5.59257280e-02 3.99872328e-03] [6.2878 4.7346 3.9924 3.944  5.341  5.1836 7.8234 2.2468 2.3818 2.4226
 2.3652]
Individual regret vector:  [[1.7045865929410002, 1.1823647946449993, 0.5414899473184027, 0.5389136676781154, 0.5183347997779055, 0.6040761197549998, 0.25138311139505376, 0.207022631129548, 0.18840391706314819, 0.20296268800922945]]
KL Divergence Data Individual 0:  []
Expected welfare:  14.636904490212753

ITERATION 11:
[1.00000000e-04 1.00000000e-04 1.00000000e-04 1.00000000e-04
 1.00000000e-04 1.00000000e-04 8.96078343e-01 1.45866129e-02
 2.85449622e-02 5.59663256e-02 4.12375671e-03 1.00000000e-04] [6.2764 4.7106 3.9298 3.9606 5.335  5.1558 7.8108 2.2934 2.3126 2.3226
 2.3596 2.398 ]
Individual regret vector:  [[1.7045865929410002, 1.1823647946449993, 0.5414899473184027, 0.5389136676781154, 0.5183347997779055, 0.6040761197549998, 0.25138311139505376, 0.207022631129548, 0.18840391706314819, 0.20296268800922945, 0.21534775489362445]]
KL Divergence Data Individual 0:  []
Expected welfare:  14.637003975122058

ITERATION 12:
[1.00000000e-04 1.00000000e-04 1.00000000e-04 1.00000000e-04
 1.00000000e-04 1.00000000e-04 8.96118878e-01 1.44836908e-02
 2.87114011e-02 5.55572231e-02 4.32880739e-03 1.00000000e-04
 1.00000000e-04] [6.2736 4.7344 3.899  3.847  5.3386 5.1666 7.8276 2.3708 2.3626 2.4086
 2.3886 2.3446 2.3262]
Individual regret vector:  [[1.7045865929410002, 1.1823647946449993, 0.5414899473184027, 0.5389136676781154, 0.5183347997779055, 0.6040761197549998, 0.25138311139505376, 0.207022631129548, 0.18840391706314819, 0.20296268800922945, 0.21534775489362445, 0.14869801243896852]]
KL Divergence Data Individual 0:  []
Expected welfare:  14.637144442930218

ITERATION 13:
[1.00000000e-04 1.00000000e-04 1.00000000e-04 1.00000000e-04
 1.00000000e-04 1.00000000e-04 8.96170068e-01 1.43917100e-02
 2.87538828e-02 5.51775173e-02 4.60682235e-03 1.00000000e-04
 1.00000000e-04 1.00000000e-04] [6.1902 4.723  3.9884 3.8326 5.3314 5.1772 7.8546 2.4422 2.3768 2.4108
 2.2966 2.4218 2.3242 2.386 ]
Individual regret vector:  [[1.7045865929410002, 1.1823647946449993, 0.5414899473184027, 0.5389136676781154, 0.5183347997779055, 0.6040761197549998, 0.25138311139505376, 0.207022631129548, 0.18840391706314819, 0.20296268800922945, 0.21534775489362445, 0.14869801243896852, 0.18982777853489097]]
KL Divergence Data Individual 0:  []
Expected welfare:  14.637634950658853

ITERATION 14:
[1.00000000e-04 1.00000000e-04 1.00000000e-04 1.00000000e-04
 1.00000000e-04 1.00000000e-04 8.96354752e-01 1.42342971e-02
 2.77557428e-02 5.42491492e-02 4.68275767e-03 1.00000000e-04
 1.00000000e-04 1.00000000e-04 1.82330134e-03] [6.2598 4.7302 4.0084 3.8394 5.2856 5.193  7.8322 2.3646 2.445  2.4196
 2.3592 2.355  2.3846 2.2896 2.3326]
Individual regret vector:  [[1.7045865929410002, 1.1823647946449993, 0.5414899473184027, 0.5389136676781154, 0.5183347997779055, 0.6040761197549998, 0.25138311139505376, 0.207022631129548, 0.18840391706314819, 0.20296268800922945, 0.21534775489362445, 0.14869801243896852, 0.18982777853489097, 0.26338252467057455]]
KL Divergence Data Individual 0:  []
Expected welfare:  14.637786497050493

ITERATION 15:
[1.00000000e-04 1.00000000e-04 1.00000000e-04 1.00000000e-04
 1.00000000e-04 1.00000000e-04 8.96409367e-01 1.39723981e-02
 2.78465115e-02 5.39300476e-02 4.80060775e-03 1.00000000e-04
 1.00000000e-04 1.00000000e-04 2.04106780e-03 1.00000000e-04] [6.2466 4.7668 3.9726 3.9392 5.347  5.1846 7.8302 2.2588 2.3682 2.3644
 2.3664 2.2986 2.263  2.3034 2.3056 2.3262]
Individual regret vector:  [[1.7045865929410002, 1.1823647946449993, 0.5414899473184027, 0.5389136676781154, 0.5183347997779055, 0.6040761197549998, 0.25138311139505376, 0.207022631129548, 0.18840391706314819, 0.20296268800922945, 0.21534775489362445, 0.14869801243896852, 0.18982777853489097, 0.26338252467057455, 0.23350675147475286]]
KL Divergence Data Individual 0:  []
Expected welfare:  14.63797897720152

ITERATION 16:
[1.00000000e-04 1.00000000e-04 1.00000000e-04 1.00000000e-04
 1.00000000e-04 1.00000000e-04 8.96475256e-01 1.35461630e-02
 2.79604077e-02 5.36322521e-02 5.00169556e-03 1.00000000e-04
 1.00000000e-04 1.00000000e-04 2.28422557e-03 1.00000000e-04
 1.00000000e-04] [6.2082 4.7122 3.9122 3.981  5.2934 5.1262 7.868  2.2594 2.372  2.3208
 2.3734 2.338  2.3836 2.387  2.3696 2.3798 2.3304]
Individual regret vector:  [[1.7045865929410002, 1.1823647946449993, 0.5414899473184027, 0.5389136676781154, 0.5183347997779055, 0.6040761197549998, 0.25138311139505376, 0.207022631129548, 0.18840391706314819, 0.20296268800922945, 0.21534775489362445, 0.14869801243896852, 0.18982777853489097, 0.26338252467057455, 0.23350675147475286, 0.23661051139924094]]
KL Divergence Data Individual 0:  []
Expected welfare:  14.638280727472116

ITERATION 17:
[1.00000000e-04 1.00000000e-04 1.00000000e-04 1.00000000e-04
 1.00000000e-04 1.00000000e-04 8.96650445e-01 1.23818178e-02
 2.74637475e-02 5.20449511e-02 5.25741606e-03 1.07256147e-04
 1.00000000e-04 1.00000000e-04 2.59200295e-03 1.00000000e-04
 1.00000000e-04 2.50236334e-03] [6.2824 4.639  4.0086 3.9786 5.328  5.3432 7.808  2.4114 2.4168 2.3046
 2.5174 2.3528 2.3656 2.4558 2.412  2.3172 2.3726 2.355 ]
Individual regret vector:  [[1.7045865929410002, 1.1823647946449993, 0.5414899473184027, 0.5389136676781154, 0.5183347997779055, 0.6040761197549998, 0.25138311139505376, 0.207022631129548, 0.18840391706314819, 0.20296268800922945, 0.21534775489362445, 0.14869801243896852, 0.18982777853489097, 0.26338252467057455, 0.23350675147475286, 0.23661051139924094, 0.22805963626394288]]
KL Divergence Data Individual 0:  []
Expected welfare:  14.638493031306192

ITERATION 18:
[1.00000000e-04 1.00000000e-04 1.00000000e-04 1.00000000e-04
 1.00000000e-04 1.00000000e-04 8.96743544e-01 1.23003049e-02
 2.74953407e-02 5.12074130e-02 5.50822503e-03 1.69216747e-04
 1.00000000e-04 1.00000000e-04 2.77142281e-03 1.00000000e-04
 1.00000000e-04 2.70453304e-03 1.00000000e-04] [6.2418 4.6926 3.9762 3.8716 5.4054 5.2646 7.7948 2.3246 2.4122 2.344
 2.3864 2.3454 2.3526 2.3048 2.3632 2.334  2.3704 2.3652 2.3256]
Individual regret vector:  [[1.7045865929410002, 1.1823647946449993, 0.5414899473184027, 0.5389136676781154, 0.5183347997779055, 0.6040761197549998, 0.25138311139505376, 0.207022631129548, 0.18840391706314819, 0.20296268800922945, 0.21534775489362445, 0.14869801243896852, 0.18982777853489097, 0.26338252467057455, 0.23350675147475286, 0.23661051139924094, 0.22805963626394288, 0.16795348434690371]]
KL Divergence Data Individual 0:  []
Expected welfare:  14.638610535679293

ITERATION 19:
[1.00000000e-04 1.00000000e-04 1.00000000e-04 1.00000000e-04
 1.00000000e-04 1.00000000e-04 8.96794578e-01 1.20525645e-02
 2.76312268e-02 5.07111533e-02 5.61009752e-03 1.96107082e-04
 1.00000000e-04 1.26325567e-04 2.89509550e-03 1.00000000e-04
 1.00000000e-04 2.88285213e-03 1.00000000e-04 1.00000000e-04] [6.3358 4.7756 3.9902 3.9282 5.195  5.1988 7.8544 2.3704 2.4664 2.3084
 2.441  2.3724 2.2924 2.3994 2.407  2.3944 2.3718 2.3796 2.3384 2.3524]
Individual regret vector:  [[1.7045865929410002, 1.1823647946449993, 0.5414899473184027, 0.5389136676781154, 0.5183347997779055, 0.6040761197549998, 0.25138311139505376, 0.207022631129548, 0.18840391706314819, 0.20296268800922945, 0.21534775489362445, 0.14869801243896852, 0.18982777853489097, 0.26338252467057455, 0.23350675147475286, 0.23661051139924094, 0.22805963626394288, 0.16795348434690371, 0.1454947321603548]]
KL Divergence Data Individual 0:  []
Expected welfare:  14.638999405754687

ITERATION 20:
[1.00000000e-04 1.00000000e-04 1.00000000e-04 1.00000000e-04
 1.00000000e-04 1.00000000e-04 8.96964221e-01 1.16066606e-02
 2.76730035e-02 4.90165439e-02 5.87290378e-03 3.10648577e-04
 1.00000000e-04 2.67317569e-04 3.12239159e-03 1.69069607e-04
 1.00000000e-04 3.19537225e-03 1.00000000e-04 1.00000000e-04
 8.01867700e-04] [6.2558 4.6532 3.9928 3.7372 5.247  5.2108 7.8608 2.4544 2.373  2.3512
 2.3448 2.4022 2.3558 2.4056 2.2948 2.3728 2.4062 2.521  2.4142 2.4606
 2.3402]
Individual regret vector:  [[1.7045865929410002, 1.1823647946449993, 0.5414899473184027, 0.5389136676781154, 0.5183347997779055, 0.6040761197549998, 0.25138311139505376, 0.207022631129548, 0.18840391706314819, 0.20296268800922945, 0.21534775489362445, 0.14869801243896852, 0.18982777853489097, 0.26338252467057455, 0.23350675147475286, 0.23661051139924094, 0.22805963626394288, 0.16795348434690371, 0.1454947321603548, 0.12050029712265964]]
KL Divergence Data Individual 0:  []
Expected welfare:  14.639128153497257

ITERATION 21:
[1.00000000e-04 1.00000000e-04 1.00000000e-04 1.00000000e-04
 1.00000000e-04 1.00000000e-04 8.97081440e-01 1.13013290e-02
 2.68373094e-02 4.75111487e-02 5.85990732e-03 4.06086785e-04
 1.00000000e-04 3.87610993e-04 3.13820787e-03 2.83760878e-04
 1.00000000e-04 3.62568600e-03 1.00000000e-04 1.00000000e-04
 9.41646600e-04 1.62586660e-03] [6.2688 4.721  4.006  3.9036 5.3192 5.1858 7.8802 2.4312 2.3194 2.319
 2.427  2.3428 2.3312 2.4274 2.4036 2.3252 2.3346 2.3568 2.2886 2.3824
 2.4628 2.3948]
Individual regret vector:  [[1.7045865929410002, 1.1823647946449993, 0.5414899473184027, 0.5389136676781154, 0.5183347997779055, 0.6040761197549998, 0.25138311139505376, 0.207022631129548, 0.18840391706314819, 0.20296268800922945, 0.21534775489362445, 0.14869801243896852, 0.18982777853489097, 0.26338252467057455, 0.23350675147475286, 0.23661051139924094, 0.22805963626394288, 0.16795348434690371, 0.1454947321603548, 0.12050029712265964, 0.47083592325137147]]
KL Divergence Data Individual 0:  []
Expected welfare:  14.638316999749891

ITERATION 22:
[1.00000000e-04 1.00000000e-04 1.00000000e-04 1.00000000e-04
 1.00000000e-04 1.00000000e-04 8.97051762e-01 1.05590966e-02
 2.46048237e-02 4.46017243e-02 5.91428754e-03 4.34609947e-04
 1.00000000e-04 4.79550936e-04 3.33119958e-03 3.39236369e-04
 1.00000000e-04 3.74175851e-03 1.00000000e-04 1.00000000e-04
 1.12421564e-03 1.78656921e-03 5.03116565e-03] [6.2366 4.6974 3.9284 3.8848 5.2656 5.1658 7.815  2.3866 2.3086 2.3416
 2.392  2.325  2.3678 2.3256 2.3276 2.3624 2.2556 2.273  2.3674 2.3518
 2.331  2.3508 2.3422]
Individual regret vector:  [[1.7045865929410002, 1.1823647946449993, 0.5414899473184027, 0.5389136676781154, 0.5183347997779055, 0.6040761197549998, 0.25138311139505376, 0.207022631129548, 0.18840391706314819, 0.20296268800922945, 0.21534775489362445, 0.14869801243896852, 0.18982777853489097, 0.26338252467057455, 0.23350675147475286, 0.23661051139924094, 0.22805963626394288, 0.16795348434690371, 0.1454947321603548, 0.12050029712265964, 0.47083592325137147, 0.209641500125052]]
KL Divergence Data Individual 0:  []
Expected welfare:  14.638350690279331

ITERATION 23:
[1.00000000e-04 1.00000000e-04 1.00000000e-04 1.00000000e-04
 1.00000000e-04 1.00000000e-04 8.97082348e-01 1.04622157e-02
 2.43376662e-02 4.42841224e-02 5.97018801e-03 4.51481262e-04
 1.00000000e-04 5.05203964e-04 3.38447065e-03 3.71908470e-04
 1.00000000e-04 3.79647951e-03 1.00000000e-04 1.00000000e-04
 1.20161547e-03 1.87262419e-03 5.17967660e-03 1.00000000e-04] [6.2656 4.7512 3.863  3.9174 5.4184 5.1238 7.8148 2.35   2.3864 2.3668
 2.374  2.253  2.2994 2.3314 2.309  2.4402 2.366  2.354  2.3488 2.3786
 2.4108 2.3028 2.3514 2.3528]
Individual regret vector:  [[1.7045865929410002, 1.1823647946449993, 0.5414899473184027, 0.5389136676781154, 0.5183347997779055, 0.6040761197549998, 0.25138311139505376, 0.207022631129548, 0.18840391706314819, 0.20296268800922945, 0.21534775489362445, 0.14869801243896852, 0.18982777853489097, 0.26338252467057455, 0.23350675147475286, 0.23661051139924094, 0.22805963626394288, 0.16795348434690371, 0.1454947321603548, 0.12050029712265964, 0.47083592325137147, 0.209641500125052, 0.2790246548603337]]
KL Divergence Data Individual 0:  []
Expected welfare:  14.638402319544914

ITERATION 24:
[1.00000000e-04 1.00000000e-04 1.00000000e-04 1.00000000e-04
 1.00000000e-04 1.00000000e-04 8.97119911e-01 1.02996484e-02
 2.42546020e-02 4.38230390e-02 5.97332628e-03 4.56420570e-04
 1.00000000e-04 5.34077583e-04 3.41995573e-03 4.35930270e-04
 1.00000000e-04 3.93517717e-03 1.00000000e-04 1.00000000e-04
 1.30302129e-03 1.94149258e-03 5.30339826e-03 1.00000000e-04
 1.00000000e-04] [6.2518 4.6582 3.9982 3.935  5.2126 5.2002 7.8148 2.3372 2.3212 2.2912
 2.3858 2.3206 2.316  2.2916 2.3658 2.41   2.3414 2.3336 2.296  2.3572
 2.2696 2.394  2.3278 2.3764 2.487 ]
Individual regret vector:  [[1.7045865929410002, 1.1823647946449993, 0.5414899473184027, 0.5389136676781154, 0.5183347997779055, 0.6040761197549998, 0.25138311139505376, 0.207022631129548, 0.18840391706314819, 0.20296268800922945, 0.21534775489362445, 0.14869801243896852, 0.18982777853489097, 0.26338252467057455, 0.23350675147475286, 0.23661051139924094, 0.22805963626394288, 0.16795348434690371, 0.1454947321603548, 0.12050029712265964, 0.47083592325137147, 0.209641500125052, 0.2790246548603337, 0.19619884022754341]]
KL Divergence Data Individual 0:  []
Expected welfare:  14.638477861950681

ITERATION 25:
[1.00000000e-04 1.00000000e-04 1.00000000e-04 1.00000000e-04
 1.00000000e-04 1.00000000e-04 8.97166125e-01 1.01870086e-02
 2.40689878e-02 4.32917022e-02 6.04848774e-03 4.76572742e-04
 1.00000000e-04 5.55340938e-04 3.50270339e-03 4.86557620e-04
 1.00000000e-04 4.05735081e-03 1.00000000e-04 1.00000000e-04
 1.35150916e-03 2.05724249e-03 5.45041106e-03 1.00000000e-04
 1.00000000e-04 1.00000000e-04] [6.2794 5.459  5.1736 4.7636 6.389  5.0398 7.7728 4.5022 4.3572 4.4646
 4.3924 4.4702 4.4222 4.4256 4.4032 4.4294 4.4814 4.4358 4.519  4.4194
 4.4554 4.4108 4.4702 4.4476 4.4904 4.4844]
Individual regret vector:  [[1.7045865929410002, 1.1823647946449993, 0.5414899473184027, 0.5389136676781154, 0.5183347997779055, 0.6040761197549998, 0.25138311139505376, 0.207022631129548, 0.18840391706314819, 0.20296268800922945, 0.21534775489362445, 0.14869801243896852, 0.18982777853489097, 0.26338252467057455, 0.23350675147475286, 0.23661051139924094, 0.22805963626394288, 0.16795348434690371, 0.1454947321603548, 0.12050029712265964, 0.47083592325137147, 0.209641500125052, 0.2790246548603337, 0.19619884022754341, 0.3743610690246575]]
KL Divergence Data Individual 0:  []
Expected welfare:  14.57462214709449

TRIAL 3:

ITERATION 0:
KL Divergence Data Individual 0:  []
Expected welfare:  10.467565416204001

ITERATION 1:
[1.000e-04 9.999e-01] [7.4872 6.4364]
Individual regret vector:  [[1.3504172918979993]]
KL Divergence Data Individual 0:  []
Expected welfare:  9.922702890507999

ITERATION 2:
[1.000e-04 1.000e-04 9.998e-01] [6.6264 5.9124 6.3632]
Individual regret vector:  [[1.3504172918979993, 1.5768485547459994]]
KL Divergence Data Individual 0:  []
Expected welfare:  13.003769316967285

ITERATION 3:
[1.00000000e-04 1.00000000e-04 2.50151187e-01 7.49648813e-01] [6.5298 6.3208 6.5718 7.025 ]
Individual regret vector:  [[1.3504172918979993, 1.5768485547459994, 0.5021153415163573]]
KL Divergence Data Individual 0:  []
Expected welfare:  13.707239737908623

ITERATION 4:
[1.00000000e-04 1.00000000e-04 5.92733308e-02 1.91429473e-01
 7.49097196e-01] [6.5868 6.3072 6.5018 7.0366 6.9668]
Individual regret vector:  [[1.3504172918979993, 1.5768485547459994, 0.5021153415163573, 0.09887584941741867]]
KL Divergence Data Individual 0:  []
Expected welfare:  13.708267967965778

ITERATION 5:
[1.00000000e-04 1.00000000e-04 5.83471908e-02 2.65765825e-01
 3.10261073e-03 6.72584374e-01] [6.5474 6.2938 6.59   7.027  6.9662 6.9928]
Individual regret vector:  [[1.3504172918979993, 1.5768485547459994, 0.5021153415163573, 0.09887584941741867, 0.24846601601711082]]
KL Divergence Data Individual 0:  []
Expected welfare:  13.671540942627958

ITERATION 6:
[1.00000000e-04 1.00000000e-04 5.57689617e-02 2.74127888e-01
 1.19623816e-03 2.55193226e-03 6.66154980e-01] [6.5292 6.3246 6.5782 7.0638 6.9886 6.9264 6.9616]
Individual regret vector:  [[1.3504172918979993, 1.5768485547459994, 0.5021153415163573, 0.09887584941741867, 0.24846601601711082, 0.23302952868602045]]
KL Divergence Data Individual 0:  []
Expected welfare:  13.687262499445456

ITERATION 7:
[1.00000000e-04 1.00000000e-04 5.98984654e-02 2.90874506e-01
 1.33758941e-03 1.00000000e-04 3.01719925e-03 6.44572240e-01] [6.48   6.3178 6.6074 7.013  6.9986 6.9432 6.9536 6.9374]
Individual regret vector:  [[1.3504172918979993, 1.5768485547459994, 0.5021153415163573, 0.09887584941741867, 0.24846601601711082, 0.23302952868602045, 0.20136875027727186]]
KL Divergence Data Individual 0:  []
Expected welfare:  13.667269804165343

ITERATION 8:
[1.00000000e-04 1.00000000e-04 6.52508630e-02 2.46138546e-01
 1.11295687e-03 1.00000000e-04 4.36771516e-03 1.82132240e-03
 6.81008596e-01] [6.6248 6.3068 6.6176 7.0352 6.9484 6.9368 6.9226 6.9598 6.9984]
Individual regret vector:  [[1.3504172918979993, 1.5768485547459994, 0.5021153415163573, 0.09887584941741867, 0.24846601601711082, 0.23302952868602045, 0.20136875027727186, 0.21796509791732888]]
KL Divergence Data Individual 0:  []
Expected welfare:  13.73800105275207

ITERATION 9:
[1.00000000e-04 1.00000000e-04 6.00012803e-02 2.64158135e-01
 1.00000000e-04 1.00000000e-04 1.00000000e-04 1.00000000e-04
 4.48883328e-04 6.74791701e-01] [6.6032 6.2818 6.5648 7.0512 6.972  6.9162 6.9776 6.9426 6.9542 6.9634]
Individual regret vector:  [[1.3504172918979993, 1.5768485547459994, 0.5021153415163573, 0.09887584941741867, 0.24846601601711082, 0.23302952868602045, 0.20136875027727186, 0.21796509791732888, 0.1815994736239661]]
KL Divergence Data Individual 0:  []
Expected welfare:  13.661291435970748

ITERATION 10:
[1.00000000e-04 1.00000000e-04 6.27242484e-02 2.73912103e-01
 1.14082752e-04 1.00000000e-04 1.00000000e-04 1.00000000e-04
 4.19326165e-03 3.08794021e-03 6.55468364e-01] [6.5664 6.2588 6.5648 7.0626 6.9482 6.9612 6.9778 6.961  6.939  6.9268
 6.9632]
Individual regret vector:  [[1.3504172918979993, 1.5768485547459994, 0.5021153415163573, 0.09887584941741867, 0.24846601601711082, 0.23302952868602045, 0.20136875027727186, 0.21796509791732888, 0.1815994736239661, 0.28675428201462694]]
KL Divergence Data Individual 0:  []
Expected welfare:  13.695073191977833

ITERATION 11:
[1.00000000e-04 1.00000000e-04 4.63153858e-02 1.94860706e-01
 1.00000000e-04 1.00000000e-04 1.00000000e-04 1.00000000e-04
 7.37603955e-04 1.00000000e-04 1.33466187e-03 7.56051642e-01] [6.4988 6.3304 6.5738 7.081  6.954  6.9048 6.9794 6.9662 6.9026 6.9456
 6.9348 6.976 ]
Individual regret vector:  [[1.3504172918979993, 1.5768485547459994, 0.5021153415163573, 0.09887584941741867, 0.24846601601711082, 0.23302952868602045, 0.20136875027727186, 0.21796509791732888, 0.1815994736239661, 0.28675428201462694, 0.13006132181036545]]
KL Divergence Data Individual 0:  []
Expected welfare:  13.723450796929379

ITERATION 12:
[1.00000000e-04 1.00000000e-04 6.02105346e-02 2.57946788e-01
 1.00000000e-04 1.00000000e-04 1.00000000e-04 1.00000000e-04
 1.00000000e-04 1.00000000e-04 1.00000000e-04 7.30745085e-03
 6.73635227e-01] [6.5562 6.1772 6.612  7.0384 6.993  6.9736 6.9832 6.9952 7.0106 6.9782
 6.949  6.923  6.9366]
Individual regret vector:  [[1.3504172918979993, 1.5768485547459994, 0.5021153415163573, 0.09887584941741867, 0.24846601601711082, 0.23302952868602045, 0.20136875027727186, 0.21796509791732888, 0.1815994736239661, 0.28675428201462694, 0.13006132181036545, 0.2222746015353092]]
KL Divergence Data Individual 0:  []
Expected welfare:  13.67155428860085

ITERATION 13:
[1.00000000e-04 1.00000000e-04 6.50338341e-02 2.17913169e-01
 1.00000000e-04 1.00000000e-04 1.00000000e-04 1.00000000e-04
 1.07905457e-04 2.82565683e-04 1.00000000e-04 1.71405032e-03
 7.36606516e-03 7.06882410e-01] [6.4386 6.2858 6.6112 7.0852 6.9984 6.9216 6.9704 6.9738 7.0236 6.913
 6.9494 6.9804 6.987  6.9612]
Individual regret vector:  [[1.3504172918979993, 1.5768485547459994, 0.5021153415163573, 0.09887584941741867, 0.24846601601711082, 0.23302952868602045, 0.20136875027727186, 0.21796509791732888, 0.1815994736239661, 0.28675428201462694, 0.13006132181036545, 0.2222746015353092, 0.28942285569957527]]
KL Divergence Data Individual 0:  []
Expected welfare:  13.68910223076799

ITERATION 14:
[1.00000000e-04 1.00000000e-04 5.59690725e-02 2.78069690e-01
 1.00000000e-04 1.00000000e-04 1.00000000e-04 4.02618883e-04
 1.00000000e-04 1.00000000e-04 1.00000000e-04 9.75431963e-04
 1.42405318e-03 1.84714679e-03 6.60511987e-01] [6.4544 6.3206 6.5538 7.0388 6.9926 7.0106 6.9502 6.9316 6.9742 6.9258
 6.9892 6.9644 6.9712 7.0116 6.9462]
Individual regret vector:  [[1.3504172918979993, 1.5768485547459994, 0.5021153415163573, 0.09887584941741867, 0.24846601601711082, 0.23302952868602045, 0.20136875027727186, 0.21796509791732888, 0.1815994736239661, 0.28675428201462694, 0.13006132181036545, 0.2222746015353092, 0.28942285569957527, 0.23744888461600588]]
KL Divergence Data Individual 0:  []
Expected welfare:  13.708426964655892

ITERATION 15:
[1.00000000e-04 1.00000000e-04 6.38416701e-02 2.76125706e-01
 1.00000000e-04 1.00000000e-04 1.00000000e-04 1.00000000e-04
 1.00000000e-04 1.00000000e-04 4.89205345e-04 1.50015520e-03
 1.51930951e-03 1.15606911e-04 9.34892517e-03 6.46259421e-01] [6.4922 6.2346 6.52   7.0432 6.9564 6.9626 6.9626 6.969  6.9866 6.9314
 6.9388 6.9096 6.9118 6.964  6.9706 6.9556]
Individual regret vector:  [[1.3504172918979993, 1.5768485547459994, 0.5021153415163573, 0.09887584941741867, 0.24846601601711082, 0.23302952868602045, 0.20136875027727186, 0.21796509791732888, 0.1815994736239661, 0.28675428201462694, 0.13006132181036545, 0.2222746015353092, 0.28942285569957527, 0.23744888461600588, 0.12778651767205496]]
KL Divergence Data Individual 0:  []
Expected welfare:  13.682109332014901

ITERATION 16:
[1.00000000e-04 1.00000000e-04 5.62643425e-02 2.53475882e-01
 1.00000000e-04 1.00000000e-04 1.00000000e-04 1.00000000e-04
 1.00000000e-04 1.00000000e-04 1.00000000e-04 1.68701336e-04
 1.00000000e-04 4.83605376e-04 2.68997956e-03 1.80844442e-02
 6.67833045e-01] [6.5644 6.2694 6.3814 6.8428 6.8168 6.909  6.8862 6.8816 6.884  6.8948
 6.89   6.8596 6.8306 6.8638 6.8872 6.9056 6.8438]
Individual regret vector:  [[1.3504172918979993, 1.5768485547459994, 0.5021153415163573, 0.09887584941741867, 0.24846601601711082, 0.23302952868602045, 0.20136875027727186, 0.21796509791732888, 0.1815994736239661, 0.28675428201462694, 0.13006132181036545, 0.2222746015353092, 0.28942285569957527, 0.23744888461600588, 0.12778651767205496, 0.13214533399254957]]
KL Divergence Data Individual 0:  []
Expected welfare:  13.690554331589055

ITERATION 17:
[1.00000000e-04 1.00000000e-04 5.54325716e-02 2.72538651e-01
 1.00000000e-04 1.00000000e-04 1.00000000e-04 1.67083554e-04
 1.00000000e-04 3.40875408e-04 1.00000000e-04 7.75210466e-04
 2.41669019e-04 1.19782543e-03 5.64169703e-03 2.48462893e-02
 6.06907267e-01 3.12108601e-02] [6.5756 6.2406 6.3828 6.9034 6.8842 6.7932 6.915  6.8296 6.8732 6.9102
 6.8746 6.839  6.8472 6.8698 6.9008 6.9014 6.9486 6.7182]
Individual regret vector:  [[1.3504172918979993, 1.5768485547459994, 0.5021153415163573, 0.09887584941741867, 0.24846601601711082, 0.23302952868602045, 0.20136875027727186, 0.21796509791732888, 0.1815994736239661, 0.28675428201462694, 0.13006132181036545, 0.2222746015353092, 0.28942285569957527, 0.23744888461600588, 0.12778651767205496, 0.13214533399254957, 0.13632283420547342]]
KL Divergence Data Individual 0:  []
Expected welfare:  13.726866432106656

ITERATION 18:
[1.00000000e-04 1.00000000e-04 4.69433332e-02 3.14586856e-01
 1.00000000e-04 1.00000000e-04 1.00000000e-04 5.29570867e-04
 1.00000000e-04 5.38443970e-04 3.80396666e-04 2.05651466e-03
 7.93807431e-04 1.85058753e-03 1.35038305e-02 4.05837104e-02
 4.56132351e-01 2.70044422e-02 9.44961548e-02] [6.4282 6.228  6.3418 6.844  6.9146 6.8986 6.884  6.7776 6.8862 6.9238
 6.8746 6.859  6.8388 6.8766 6.8496 6.893  6.9034 6.741  6.702 ]
Individual regret vector:  [[1.3504172918979993, 1.5768485547459994, 0.5021153415163573, 0.09887584941741867, 0.24846601601711082, 0.23302952868602045, 0.20136875027727186, 0.21796509791732888, 0.1815994736239661, 0.28675428201462694, 0.13006132181036545, 0.2222746015353092, 0.28942285569957527, 0.23744888461600588, 0.12778651767205496, 0.13214533399254957, 0.13632283420547342, 0.12316678394667324]]
KL Divergence Data Individual 0:  []
Expected welfare:  13.726287463476945

ITERATION 19:
[1.00000000e-04 1.00000000e-04 4.74690366e-02 3.18824523e-01
 1.00000000e-04 1.51070939e-04 1.20843504e-04 8.05868409e-04
 2.00085761e-04 8.41660922e-04 5.97806550e-04 3.16471783e-03
 1.22648845e-03 2.25475323e-03 1.60639810e-02 4.81656675e-02
 4.35088109e-01 2.80129756e-02 8.44403946e-02 1.22720172e-02] [6.5394 6.2176 6.3556 6.8588 6.8642 6.8874 6.8548 6.8614 6.8662 6.8304
 6.8906 6.846  6.8434 6.841  6.8794 6.9286 6.8718 6.7022 6.6612 6.6992]
Individual regret vector:  [[1.3504172918979993, 1.5768485547459994, 0.5021153415163573, 0.09887584941741867, 0.24846601601711082, 0.23302952868602045, 0.20136875027727186, 0.21796509791732888, 0.1815994736239661, 0.28675428201462694, 0.13006132181036545, 0.2222746015353092, 0.28942285569957527, 0.23744888461600588, 0.12778651767205496, 0.13214533399254957, 0.13632283420547342, 0.12316678394667324, 0.10325626826152678]]
KL Divergence Data Individual 0:  []
Expected welfare:  13.724446221538644

ITERATION 20:
[1.00000000e-04 1.00000000e-04 4.80101615e-02 3.19710674e-01
 1.00000000e-04 2.44355697e-04 1.93569859e-04 9.77902853e-04
 3.09054020e-04 9.54500808e-04 7.94044043e-04 3.74589122e-03
 1.59771691e-03 2.84241847e-03 1.86584925e-02 5.40157674e-02
 4.25937660e-01 2.63970345e-02 7.61210408e-02 1.29054793e-02
 6.28423588e-03] [6.5642 6.2576 6.3044 6.9078 6.8162 6.907  6.9026 6.8662 6.902  6.8784
 6.887  6.8254 6.9002 6.9    6.9344 6.8532 6.8038 6.71   6.7858 6.716
 6.7488]
Individual regret vector:  [[1.3504172918979993, 1.5768485547459994, 0.5021153415163573, 0.09887584941741867, 0.24846601601711082, 0.23302952868602045, 0.20136875027727186, 0.21796509791732888, 0.1815994736239661, 0.28675428201462694, 0.13006132181036545, 0.2222746015353092, 0.28942285569957527, 0.23744888461600588, 0.12778651767205496, 0.13214533399254957, 0.13632283420547342, 0.12316678394667324, 0.10325626826152678, 0.14097688923067775]]
KL Divergence Data Individual 0:  []
Expected welfare:  13.724787320170526

ITERATION 21:
[1.00000000e-04 1.00000000e-04 4.76914561e-02 3.24640130e-01
 1.44561652e-04 3.98243881e-04 3.12720417e-04 1.23662825e-03
 4.25782556e-04 1.10933185e-03 1.15379348e-03 4.17552134e-03
 2.20689802e-03 3.48939950e-03 2.30583274e-02 6.50669184e-02
 4.01738183e-01 2.53925193e-02 7.13574368e-02 1.19239352e-02
 6.27596853e-03 8.00224397e-03] [6.6098 6.1952 6.446  6.8696 6.8986 6.8904 6.9294 6.9258 6.8992 6.8832
 6.855  6.8646 6.8796 6.9128 6.905  6.8932 6.8248 6.7378 6.746  6.7504
 6.6856 6.678 ]
Individual regret vector:  [[1.3504172918979993, 1.5768485547459994, 0.5021153415163573, 0.09887584941741867, 0.24846601601711082, 0.23302952868602045, 0.20136875027727186, 0.21796509791732888, 0.1815994736239661, 0.28675428201462694, 0.13006132181036545, 0.2222746015353092, 0.28942285569957527, 0.23744888461600588, 0.12778651767205496, 0.13214533399254957, 0.13632283420547342, 0.12316678394667324, 0.10325626826152678, 0.14097688923067775, 0.09560633991473644]]
KL Divergence Data Individual 0:  []
Expected welfare:  13.725275019611775

ITERATION 22:
[1.00000000e-04 1.00000000e-04 4.75854401e-02 3.27656809e-01
 2.28552317e-04 4.55399629e-04 3.69074897e-04 1.55038134e-03
 5.41464426e-04 1.18392586e-03 1.43114158e-03 4.61941877e-03
 2.74543175e-03 4.03638725e-03 2.76038172e-02 6.75219057e-02
 3.86856041e-01 2.44005876e-02 6.92112255e-02 1.12918355e-02
 5.78629801e-03 8.08229606e-03 6.64256685e-03] [6.6092 6.255  6.3052 6.822  6.7792 6.9422 6.8598 6.8926 6.8636 6.84
 6.9252 6.876  6.8568 6.873  6.88   6.831  6.9084 6.6934 6.734  6.7598
 6.708  6.775  6.6624]
Individual regret vector:  [[1.3504172918979993, 1.5768485547459994, 0.5021153415163573, 0.09887584941741867, 0.24846601601711082, 0.23302952868602045, 0.20136875027727186, 0.21796509791732888, 0.1815994736239661, 0.28675428201462694, 0.13006132181036545, 0.2222746015353092, 0.28942285569957527, 0.23744888461600588, 0.12778651767205496, 0.13214533399254957, 0.13632283420547342, 0.12316678394667324, 0.10325626826152678, 0.14097688923067775, 0.09560633991473644, 0.1285624901941116]]
KL Divergence Data Individual 0:  []
Expected welfare:  13.725126639705532

ITERATION 23:
[1.00000000e-04 1.00000000e-04 4.76945238e-02 3.29122996e-01
 2.81100996e-04 5.88191291e-04 4.62151264e-04 1.77398752e-03
 6.27387116e-04 1.28668623e-03 1.68279990e-03 5.34587984e-03
 3.21178907e-03 4.35556347e-03 3.02535582e-02 6.87324451e-02
 3.78460764e-01 2.34284908e-02 6.76255903e-02 1.10546144e-02
 5.71362249e-03 8.90923642e-03 6.87805254e-03 2.31056929e-03] [6.4498 6.2516 6.258  6.9736 6.8242 6.8524 6.84   6.8558 6.8556 6.8068
 6.8976 6.8732 6.8844 6.8774 6.8032 6.8502 6.9002 6.7666 6.751  6.7582
 6.7458 6.7492 6.7606 6.7104]
Individual regret vector:  [[1.3504172918979993, 1.5768485547459994, 0.5021153415163573, 0.09887584941741867, 0.24846601601711082, 0.23302952868602045, 0.20136875027727186, 0.21796509791732888, 0.1815994736239661, 0.28675428201462694, 0.13006132181036545, 0.2222746015353092, 0.28942285569957527, 0.23744888461600588, 0.12778651767205496, 0.13214533399254957, 0.13632283420547342, 0.12316678394667324, 0.10325626826152678, 0.14097688923067775, 0.09560633991473644, 0.1285624901941116, 0.13643668014723342]]
KL Divergence Data Individual 0:  []
Expected welfare:  13.720371609880191

TRIAL 4:

ITERATION 0:
KL Divergence Data Individual 0:  []
Expected welfare:  10.188615894882

ITERATION 1:
[1.000e-04 9.999e-01] [7.4012 6.3548]
Individual regret vector:  [[1.4082920525589993]]
KL Divergence Data Individual 0:  []
Expected welfare:  8.047236932686502

ITERATION 2:
[1.00000000e-04 3.13115927e-01 6.86784073e-01] [7.2876 6.3034 5.1684]
Individual regret vector:  [[1.4082920525589993, 1.876181533656749]]
KL Divergence Data Individual 0:  []
Expected welfare:  12.438347437170604

ITERATION 3:
[1.00000000e-04 1.00000000e-04 1.40160099e-01 8.59639901e-01] [7.3216 6.2666 5.3632 7.294 ]
Individual regret vector:  [[1.4082920525589993, 1.876181533656749, 0.9634262814146979]]
KL Divergence Data Individual 0:  []
Expected welfare:  12.434743545749756

ITERATION 4:
[1.00000000e-04 1.00000000e-04 4.73380160e-02 4.50167131e-01
 5.02294853e-01] [7.2682 6.2132 5.5558 7.4072 5.9502]
Individual regret vector:  [[1.4082920525589993, 1.876181533656749, 0.9634262814146979, 0.606628227125122]]
KL Divergence Data Individual 0:  []
Expected welfare:  12.552461049532225

ITERATION 5:
[1.00000000e-04 1.00000000e-04 2.20389668e-02 1.11207222e-01
 1.00000000e-04 8.66453811e-01] [7.1768 6.1274 4.9968 7.5548 6.2254 6.9772]
Individual regret vector:  [[1.4082920525589993, 1.876181533656749, 0.9634262814146979, 0.606628227125122, 0.7709694752338887]]
KL Divergence Data Individual 0:  []
Expected welfare:  12.792547269735778

ITERATION 6:
[1.00000000e-04 1.00000000e-04 1.00000000e-04 6.53328117e-04
 4.87306996e-04 2.14141191e-01 7.84418174e-01] [6.715  5.9888 4.393  7.3788 5.5638 6.9594 6.8604]
Individual regret vector:  [[1.4082920525589993, 1.876181533656749, 0.9634262814146979, 0.606628227125122, 0.7709694752338887, 0.6647263651321103]]
KL Divergence Data Individual 0:  []
Expected welfare:  12.754233637169591

ITERATION 7:
[1.00000000e-04 1.00000000e-04 1.00000000e-04 7.34685111e-02
 1.00000000e-04 3.84170500e-01 4.39609091e-02 4.98000080e-01] [6.6746 5.908  4.8116 7.533  5.3896 6.9436 7.4082 5.6312]
Individual regret vector:  [[1.4082920525589993, 1.876181533656749, 0.9634262814146979, 0.606628227125122, 0.7709694752338887, 0.6647263651321103, 0.05908318141520574]]
KL Divergence Data Individual 0:  []
Expected welfare:  12.7573223998543

ITERATION 8:
[1.00000000e-04 1.00000000e-04 1.00000000e-04 7.94905846e-02
 1.00000000e-04 4.03692804e-01 3.96305410e-03 5.04976050e-01
 7.47750688e-03] [6.4922 5.5498 4.4516 7.6482 5.4354 6.9936 7.161  5.9812 6.9514]
Individual regret vector:  [[1.4082920525589993, 1.876181533656749, 0.9634262814146979, 0.606628227125122, 0.7709694752338887, 0.6647263651321103, 0.05908318141520574, 0.2843388000728515]]
KL Divergence Data Individual 0:  []
Expected welfare:  12.782294455582408

ITERATION 9:
[1.00000000e-04 1.00000000e-04 1.00000000e-04 5.50126623e-02
 1.00000000e-04 3.36893339e-01 1.00000000e-04 5.14835419e-01
 1.10905944e-04 9.26476737e-02] [6.3824 5.7186 4.6774 7.6566 6.0128 6.901  6.6466 6.1622 7.1032 6.59  ]
Individual regret vector:  [[1.4082920525589993, 1.876181533656749, 0.9634262814146979, 0.606628227125122, 0.7709694752338887, 0.6647263651321103, 0.05908318141520574, 0.2843388000728515, 0.25525277220879605]]
KL Divergence Data Individual 0:  []
Expected welfare:  12.764264604317999

ITERATION 10:
[1.00000000e-04 1.00000000e-04 1.00000000e-04 1.18638640e-02
 1.00000000e-04 2.70178987e-01 1.00000000e-04 4.91303596e-01
 5.12987718e-03 1.00000000e-04 2.20923675e-01] [6.3944 6.1186 5.2468 7.3616 6.2646 6.6948 7.1326 5.924  7.2648 6.5328
 7.0962]
Individual regret vector:  [[1.4082920525589993, 1.876181533656749, 0.9634262814146979, 0.606628227125122, 0.7709694752338887, 0.6647263651321103, 0.05908318141520574, 0.2843388000728515, 0.25525277220879605, 0.1850676978409984]]
KL Divergence Data Individual 0:  []
Expected welfare:  12.930897993502015

ITERATION 11:
[1.00000000e-04 1.00000000e-04 1.00000000e-04 1.00000000e-04
 1.00000000e-04 1.42724994e-01 1.00000000e-04 4.55517202e-01
 1.00000000e-04 1.00000000e-04 1.36600361e-02 3.87297768e-01] [6.2872 5.9648 4.5538 7.4744 5.961  6.9752 6.6432 5.854  7.3206 6.4664
 6.9074 7.9886]
Individual regret vector:  [[1.4082920525589993, 1.876181533656749, 0.9634262814146979, 0.606628227125122, 0.7709694752338887, 0.6647263651321103, 0.05908318141520574, 0.2843388000728515, 0.25525277220879605, 0.1850676978409984, 0.5443510032489938]]
KL Divergence Data Individual 0:  []
Expected welfare:  12.774618424725546

ITERATION 12:
[1.00000000e-04 1.00000000e-04 1.00000000e-04 5.15418986e-02
 1.00000000e-04 3.06383852e-01 1.00000000e-04 4.74664989e-01
 3.34592847e-02 1.00000000e-04 1.52096497e-02 8.05435161e-03
 1.10085974e-01] [6.3672 6.065  4.4438 7.4598 5.9424 6.9848 6.5582 5.8542 7.286  6.427
 6.874  7.985  6.0638]
Individual regret vector:  [[1.4082920525589993, 1.876181533656749, 0.9634262814146979, 0.606628227125122, 0.7709694752338887, 0.6647263651321103, 0.05908318141520574, 0.2843388000728515, 0.25525277220879605, 0.1850676978409984, 0.5443510032489938, 0.29389078763722853]]
KL Divergence Data Individual 0:  []
Expected welfare:  12.798077348383401

ITERATION 13:
[1.00000000e-04 1.00000000e-04 1.00000000e-04 6.40902810e-02
 1.00000000e-04 2.98117504e-01 1.00000000e-04 4.74056861e-01
 2.49546622e-02 1.00000000e-04 3.40200722e-02 8.04959751e-03
 3.22793072e-02 6.38317149e-02] [6.2674 6.024  4.5506 7.5262 5.9732 6.9814 6.6872 5.882  7.3442 6.5058
 6.8812 7.9824 6.0578 5.9916]
Individual regret vector:  [[1.4082920525589993, 1.876181533656749, 0.9634262814146979, 0.606628227125122, 0.7709694752338887, 0.6647263651321103, 0.05908318141520574, 0.2843388000728515, 0.25525277220879605, 0.1850676978409984, 0.5443510032489938, 0.29389078763722853, 0.19516132580829737]]
KL Divergence Data Individual 0:  []
Expected welfare:  12.809027808394358

ITERATION 14:
[1.00000000e-04 1.00000000e-04 1.00000000e-04 7.46373001e-02
 1.00000000e-04 2.87760997e-01 1.00000000e-04 4.66213464e-01
 2.75357253e-02 1.00000000e-04 1.74181676e-02 8.18990263e-03
 7.88139606e-03 9.99271212e-03 9.97703349e-02] [6.3686 5.9932 4.5954 7.492  5.9178 6.9556 6.635  5.8684 7.3568 6.5434
 6.9312 7.953  6.0112 6.129  6.0192]
Individual regret vector:  [[1.4082920525589993, 1.876181533656749, 0.9634262814146979, 0.606628227125122, 0.7709694752338887, 0.6647263651321103, 0.05908318141520574, 0.2843388000728515, 0.25525277220879605, 0.1850676978409984, 0.5443510032489938, 0.29389078763722853, 0.19516132580829737, 0.1542860958028216]]
KL Divergence Data Individual 0:  []
Expected welfare:  12.803942044218404

ITERATION 15:
[1.00000000e-04 1.00000000e-04 1.00000000e-04 7.20978188e-02
 1.00000000e-04 2.95684074e-01 1.00000000e-04 4.68341166e-01
 2.71827083e-02 1.00000000e-04 2.02226179e-02 7.85067506e-03
 7.93864356e-03 1.17475305e-02 3.84933275e-02 4.98414376e-02] [6.2244 5.9368 5.1338 7.3366 6.0848 6.768  7.172  5.6746 7.1    6.5128
 7.1254 7.51   6.485  6.4776 6.5362 6.4828]
Individual regret vector:  [[1.4082920525589993, 1.876181533656749, 0.9634262814146979, 0.606628227125122, 0.7709694752338887, 0.6647263651321103, 0.05908318141520574, 0.2843388000728515, 0.25525277220879605, 0.1850676978409984, 0.5443510032489938, 0.29389078763722853, 0.19516132580829737, 0.1542860958028216, 0.11982897789079772]]
KL Divergence Data Individual 0:  []
Expected welfare:  12.806624958274101

ITERATION 16:
[1.00000000e-04 1.00000000e-04 1.00000000e-04 6.41552752e-02
 1.00000000e-04 2.94635107e-01 1.00000000e-04 4.68136959e-01
 2.03111007e-02 1.60913442e-03 5.23301543e-02 4.98274545e-03
 8.37119738e-03 1.11746644e-02 3.73013007e-02 3.62761242e-02
 2.16237403e-04] [6.1    5.9326 5.1508 7.2918 6.1256 6.675  7.0852 5.678  7.084  6.5754
 7.0494 7.58   6.5694 6.5256 6.5764 6.5478 7.2358]
Individual regret vector:  [[1.4082920525589993, 1.876181533656749, 0.9634262814146979, 0.606628227125122, 0.7709694752338887, 0.6647263651321103, 0.05908318141520574, 0.2843388000728515, 0.25525277220879605, 0.1850676978409984, 0.5443510032489938, 0.29389078763722853, 0.19516132580829737, 0.1542860958028216, 0.11982897789079772, 0.017487520862949246]]
KL Divergence Data Individual 0:  []
Expected welfare:  12.804601722019276

ITERATION 17:
[1.00000000e-04 1.00000000e-04 1.00000000e-04 5.80986372e-02
 1.00000000e-04 2.91916154e-01 1.00000000e-04 4.69022921e-01
 1.79757468e-02 2.85598141e-03 7.00502367e-02 3.59818117e-03
 8.73262027e-03 1.00883767e-02 3.70250842e-02 2.99360607e-02
 1.00000000e-04 1.00000000e-04] [6.116  5.8744 5.172  7.3184 6.0186 6.7758 7.1182 5.6456 6.9876 6.5592
 7.0706 7.551  6.5116 6.5504 6.4582 6.4786 7.1814 7.2032]
Individual regret vector:  [[1.4082920525589993, 1.876181533656749, 0.9634262814146979, 0.606628227125122, 0.7709694752338887, 0.6647263651321103, 0.05908318141520574, 0.2843388000728515, 0.25525277220879605, 0.1850676978409984, 0.5443510032489938, 0.29389078763722853, 0.19516132580829737, 0.1542860958028216, 0.11982897789079772, 0.017487520862949246, 0.016099138990361972]]
KL Divergence Data Individual 0:  []
Expected welfare:  12.80563070117454

ITERATION 18:
[1.00000000e-04 1.00000000e-04 1.00000000e-04 5.68733826e-02
 1.00000000e-04 2.87966651e-01 1.00000000e-04 4.68485505e-01
 1.80765629e-02 2.76922098e-03 7.57394554e-02 3.77766295e-03
 8.45973456e-03 9.50854136e-03 3.89821463e-02 2.85611368e-02
 1.00000000e-04 1.00000000e-04 1.00000000e-04] [6.1992 6.0428 5.144  7.3778 6.1348 6.7698 7.0924 5.499  6.9864 6.4132
 7.0532 7.6502 6.7764 6.818  6.83   6.834  7.1784 7.1624 7.228 ]
Individual regret vector:  [[1.4082920525589993, 1.876181533656749, 0.9634262814146979, 0.606628227125122, 0.7709694752338887, 0.6647263651321103, 0.05908318141520574, 0.2843388000728515, 0.25525277220879605, 0.1850676978409984, 0.5443510032489938, 0.29389078763722853, 0.19516132580829737, 0.1542860958028216, 0.11982897789079772, 0.017487520862949246, 0.016099138990361972, 0.0055846494127305135]]
KL Divergence Data Individual 0:  []
Expected welfare:  12.804224267453673

ITERATION 19:
[1.00000000e-04 1.00000000e-04 1.00000000e-04 5.24654313e-02
 1.00000000e-04 2.81249412e-01 1.00000000e-04 4.68502875e-01
 1.73117813e-02 2.59445623e-03 9.00944774e-02 4.21696359e-03
 8.56244318e-03 8.99517609e-03 3.60034497e-02 2.91035336e-02
 1.00000000e-04 1.00000000e-04 1.00000000e-04 1.00000000e-04] [6.1966 6.0416 5.1772 7.3502 6.0932 6.7592 7.0262 5.54   7.018  6.3354
 7.059  7.6246 6.8246 6.828  6.7854 6.8386 7.2682 7.2252 7.238  6.447 ]
Individual regret vector:  [[1.4082920525589993, 1.876181533656749, 0.9634262814146979, 0.606628227125122, 0.7709694752338887, 0.6647263651321103, 0.05908318141520574, 0.2843388000728515, 0.25525277220879605, 0.1850676978409984, 0.5443510032489938, 0.29389078763722853, 0.19516132580829737, 0.1542860958028216, 0.11982897789079772, 0.017487520862949246, 0.016099138990361972, 0.0055846494127305135, 0.0010878662731617084]]
KL Divergence Data Individual 0:  []
Expected welfare:  12.80257534970408

ITERATION 20:
[1.00000000e-04 1.00000000e-04 1.00000000e-04 5.13078069e-02
 1.00000000e-04 2.80576075e-01 1.00000000e-04 4.68949005e-01
 1.74582039e-02 2.40160864e-03 9.12596798e-02 4.49836188e-03
 8.48424754e-03 9.24311423e-03 3.54017891e-02 2.94201079e-02
 1.00000000e-04 1.00000000e-04 1.00000000e-04 1.00000000e-04
 1.00000000e-04] [6.07   6.0432 5.1648 7.3522 6.192  6.6854 7.0594 5.6478 7.1146 6.3832
 7.061  7.6806 6.7818 6.7666 6.8314 6.8386 7.2148 7.2602 7.1816 6.444
 6.4468]
Individual regret vector:  [[1.4082920525589993, 1.876181533656749, 0.9634262814146979, 0.606628227125122, 0.7709694752338887, 0.6647263651321103, 0.05908318141520574, 0.2843388000728515, 0.25525277220879605, 0.1850676978409984, 0.5443510032489938, 0.29389078763722853, 0.19516132580829737, 0.1542860958028216, 0.11982897789079772, 0.017487520862949246, 0.016099138990361972, 0.0055846494127305135, 0.0010878662731617084, -0.03548767485203985]]
KL Divergence Data Individual 0:  []
Expected welfare:  12.802815516005813

ITERATION 21:
[1.00000000e-04 1.00000000e-04 1.00000000e-04 4.93852870e-02
 1.00000000e-04 2.78883337e-01 1.00000000e-04 4.69351025e-01
 1.64596933e-02 2.54281376e-03 1.00224686e-01 3.97405619e-03
 8.12879125e-03 9.37721407e-03 3.33981323e-02 2.71749634e-02
 1.00000000e-04 1.00000000e-04 1.00000000e-04 1.00000000e-04
 1.00000000e-04 1.00000000e-04] [6.102  6.0494 5.1384 7.3342 6.1282 6.7556 7.0928 5.5958 7.0582 6.3812
 7.1498 7.6666 6.7544 6.796  6.733  6.7414 7.2268 7.168  7.2632 6.4108
 6.4016 6.4678]
Individual regret vector:  [[1.4082920525589993, 1.876181533656749, 0.9634262814146979, 0.606628227125122, 0.7709694752338887, 0.6647263651321103, 0.05908318141520574, 0.2843388000728515, 0.25525277220879605, 0.1850676978409984, 0.5443510032489938, 0.29389078763722853, 0.19516132580829737, 0.1542860958028216, 0.11982897789079772, 0.017487520862949246, 0.016099138990361972, 0.0055846494127305135, 0.0010878662731617084, -0.03548767485203985, 0.07299224199709187]]
KL Divergence Data Individual 0:  []
Expected welfare:  12.802193406619494

ITERATION 22:
[1.00000000e-04 1.00000000e-04 1.00000000e-04 4.85777374e-02
 1.00000000e-04 2.77136332e-01 1.00000000e-04 4.69252313e-01
 1.63073370e-02 2.30280279e-03 1.02952155e-01 4.12801579e-03
 8.15995026e-03 8.64582392e-03 3.30340295e-02 2.83035026e-02
 1.00000000e-04 1.00000000e-04 1.00000000e-04 1.00000000e-04
 1.00000000e-04 1.00000000e-04 1.00000000e-04] [6.1484 6.0108 5.0978 7.3372 6.1482 6.648  7.0362 5.5672 7.1178 6.3482
 7.0732 7.6512 6.7562 6.8006 6.7892 6.8128 7.185  7.2916 7.2396 6.4724
 6.5138 6.3726 6.474 ]
Individual regret vector:  [[1.4082920525589993, 1.876181533656749, 0.9634262814146979, 0.606628227125122, 0.7709694752338887, 0.6647263651321103, 0.05908318141520574, 0.2843388000728515, 0.25525277220879605, 0.1850676978409984, 0.5443510032489938, 0.29389078763722853, 0.19516132580829737, 0.1542860958028216, 0.11982897789079772, 0.017487520862949246, 0.016099138990361972, 0.0055846494127305135, 0.0010878662731617084, -0.03548767485203985, 0.07299224199709187, -0.020696703309747377]]
KL Divergence Data Individual 0:  []
Expected welfare:  12.801477133242189

ITERATION 23:
[1.00000000e-04 1.00000000e-04 1.00000000e-04 4.82241272e-02
 1.00000000e-04 2.76881727e-01 1.00000000e-04 4.69429420e-01
 1.65659836e-02 2.13233143e-03 1.02733256e-01 4.23645158e-03
 8.66115068e-03 8.93232611e-03 3.28312738e-02 2.80719519e-02
 1.00000000e-04 1.00000000e-04 1.00000000e-04 1.00000000e-04
 1.00000000e-04 1.00000000e-04 1.00000000e-04 1.00000000e-04] [6.6358 6.1792 5.3906 7.3534 6.2248 6.8854 7.1202 5.4938 7.1244 6.506
 7.2204 7.7862 6.8906 6.9088 6.8436 6.8522 7.1546 7.1552 7.2232 6.4902
 6.4872 6.5816 6.5252 6.5478]
Individual regret vector:  [[1.4082920525589993, 1.876181533656749, 0.9634262814146979, 0.606628227125122, 0.7709694752338887, 0.6647263651321103, 0.05908318141520574, 0.2843388000728515, 0.25525277220879605, 0.1850676978409984, 0.5443510032489938, 0.29389078763722853, 0.19516132580829737, 0.1542860958028216, 0.11982897789079772, 0.017487520862949246, 0.016099138990361972, 0.0055846494127305135, 0.0010878662731617084, -0.03548767485203985, 0.07299224199709187, -0.020696703309747377, 0.020461433378907046]]
KL Divergence Data Individual 0:  []
Expected welfare:  12.801687412776854

ITERATION 24:
[1.00000000e-04 1.00000000e-04 1.00000000e-04 4.61591743e-02
 1.00000000e-04 2.74513957e-01 1.00000000e-04 4.69896623e-01
 1.74515078e-02 1.01134878e-03 1.11945443e-01 3.28672207e-03
 7.54007151e-03 7.83411960e-03 3.16691056e-02 2.72759895e-02
 1.00000000e-04 1.00000000e-04 1.00000000e-04 1.00000000e-04
 1.00000000e-04 1.00000000e-04 1.00000000e-04 1.00000000e-04
 1.15937183e-04] [6.547  6.2056 5.3456 7.4202 6.2692 6.8322 7.1378 5.519  7.1432 6.446
 7.181  7.7638 6.8676 6.8972 6.8638 6.8978 7.2284 7.2032 7.2392 6.5312
 6.4866 6.586  6.5258 6.49   7.4478]
Individual regret vector:  [[1.4082920525589993, 1.876181533656749, 0.9634262814146979, 0.606628227125122, 0.7709694752338887, 0.6647263651321103, 0.05908318141520574, 0.2843388000728515, 0.25525277220879605, 0.1850676978409984, 0.5443510032489938, 0.29389078763722853, 0.19516132580829737, 0.1542860958028216, 0.11982897789079772, 0.017487520862949246, 0.016099138990361972, 0.0055846494127305135, 0.0010878662731617084, -0.03548767485203985, 0.07299224199709187, -0.020696703309747377, 0.020461433378907046, 0.1749562936115705]]
KL Divergence Data Individual 0:  []
Expected welfare:  12.804451672008017

ITERATION 25:
[1.00000000e-04 1.00000000e-04 1.00000000e-04 4.23518699e-02
 1.00000000e-04 2.72271440e-01 1.00000000e-04 4.70811705e-01
 1.58296432e-02 1.00000000e-04 1.34857472e-01 1.75656983e-03
 8.12731977e-03 6.62412283e-03 2.56966459e-02 1.97278424e-02
 1.00000000e-04 1.00000000e-04 1.00000000e-04 1.00000000e-04
 1.00000000e-04 1.00000000e-04 1.00000000e-04 1.00000000e-04
 1.00000000e-04 4.45368788e-04] [6.6506 6.18   5.3644 7.335  6.2378 6.8144 7.1054 5.5632 7.1108 6.5546
 7.2044 7.804  6.9722 6.8828 6.8474 6.8636 7.2164 7.1908 7.2532 6.4664
 6.5146 6.5914 6.4964 6.5314 7.4762 7.477 ]
Individual regret vector:  [[1.4082920525589993, 1.876181533656749, 0.9634262814146979, 0.606628227125122, 0.7709694752338887, 0.6647263651321103, 0.05908318141520574, 0.2843388000728515, 0.25525277220879605, 0.1850676978409984, 0.5443510032489938, 0.29389078763722853, 0.19516132580829737, 0.1542860958028216, 0.11982897789079772, 0.017487520862949246, 0.016099138990361972, 0.0055846494127305135, 0.0010878662731617084, -0.03548767485203985, 0.07299224199709187, -0.020696703309747377, 0.020461433378907046, 0.1749562936115705, 0.1769741639959923]]
KL Divergence Data Individual 0:  []
Expected welfare:  12.80587780366579

ITERATION 26:
[1.00000000e-04 1.00000000e-04 1.00000000e-04 3.83840780e-02
 1.00000000e-04 2.69606802e-01 1.00000000e-04 4.73142854e-01
 1.37013328e-02 1.00000000e-04 1.59127418e-01 1.00000000e-04
 4.48655216e-03 3.18097141e-03 2.16360565e-02 1.38825932e-02
 1.00000000e-04 1.00000000e-04 1.00000000e-04 1.00000000e-04
 1.00000000e-04 1.00000000e-04 1.00000000e-04 1.00000000e-04
 1.00000000e-04 1.00000000e-04 1.15134285e-03] [6.631  6.3244 5.4482 7.4698 6.2186 6.779  7.313  5.7056 7.3994 6.9596
 7.4814 7.8822 6.961  6.9444 6.991  6.9768 7.2454 7.1906 7.1978 6.5344
 6.492  6.4992 6.4432 6.5754 7.5966 7.5744 7.5334]
Individual regret vector:  [[1.4082920525589993, 1.876181533656749, 0.9634262814146979, 0.606628227125122, 0.7709694752338887, 0.6647263651321103, 0.05908318141520574, 0.2843388000728515, 0.25525277220879605, 0.1850676978409984, 0.5443510032489938, 0.29389078763722853, 0.19516132580829737, 0.1542860958028216, 0.11982897789079772, 0.017487520862949246, 0.016099138990361972, 0.0055846494127305135, 0.0010878662731617084, -0.03548767485203985, 0.07299224199709187, -0.020696703309747377, 0.020461433378907046, 0.1749562936115705, 0.1769741639959923, 0.20226109816710558]]
KL Divergence Data Individual 0:  []
Expected welfare:  11.906979584537687

ITERATION 27:
[1.00000000e-04 1.00000000e-04 1.00000000e-04 1.00000000e-04
 1.00000000e-04 1.00000000e-04 1.00000000e-04 8.17801810e-01
 3.22020601e-02 1.00000000e-04 1.00000000e-04 1.00000000e-04
 1.00000000e-04 1.00000000e-04 1.00000000e-04 1.00000000e-04
 1.00000000e-04 1.00000000e-04 1.00000000e-04 1.00000000e-04
 1.00000000e-04 1.00000000e-04 1.00000000e-04 1.00000000e-04
 1.00000000e-04 1.00000000e-04 1.00000000e-04 1.47496130e-01] [6.6338 6.3436 5.4442 7.4192 6.2308 6.8274 7.3894 5.6042 7.376  6.9304
 7.4686 7.829  6.9886 7.011  6.906  6.9528 7.215  7.1766 7.2512 6.4628
 6.5168 6.5196 6.5168 6.5142 7.5592 7.5668 7.5302 7.839 ]
Individual regret vector:  [[1.4082920525589993, 1.876181533656749, 0.9634262814146979, 0.606628227125122, 0.7709694752338887, 0.6647263651321103, 0.05908318141520574, 0.2843388000728515, 0.25525277220879605, 0.1850676978409984, 0.5443510032489938, 0.29389078763722853, 0.19516132580829737, 0.1542860958028216, 0.11982897789079772, 0.017487520862949246, 0.016099138990361972, 0.0055846494127305135, 0.0010878662731617084, -0.03548767485203985, 0.07299224199709187, -0.020696703309747377, 0.020461433378907046, 0.1749562936115705, 0.1769741639959923, 0.20226109816710558, 0.33331020773116027]]
KL Divergence Data Individual 0:  []
Expected welfare:  12.845727926222109

ITERATION 28:
[1.00000000e-04 1.00000000e-04 1.00000000e-04 3.76761186e-01
 1.00000000e-04 1.00000000e-04 1.00000000e-04 5.78282706e-01
 2.31135233e-02 1.00000000e-04 1.00000000e-04 1.00000000e-04
 1.00000000e-04 1.00000000e-04 1.00000000e-04 1.00000000e-04
 1.00000000e-04 1.00000000e-04 1.00000000e-04 1.00000000e-04
 1.00000000e-04 1.00000000e-04 1.00000000e-04 1.00000000e-04
 1.00000000e-04 1.00000000e-04 1.00000000e-04 1.00000000e-04
 1.93425851e-02] [6.6338 6.3738 5.4594 7.4524 6.2646 6.7956 7.327  5.5924 7.4228 6.9586
 7.447  7.8764 7.0254 7.0044 6.9584 7.0264 7.215  7.1896 7.2178 6.6522
 6.4094 6.4646 6.5414 6.4652 7.518  7.538  7.555  7.8452 7.8432]
Individual regret vector:  [[1.4082920525589993, 1.876181533656749, 0.9634262814146979, 0.606628227125122, 0.7709694752338887, 0.6647263651321103, 0.05908318141520574, 0.2843388000728515, 0.25525277220879605, 0.1850676978409984, 0.5443510032489938, 0.29389078763722853, 0.19516132580829737, 0.1542860958028216, 0.11982897789079772, 0.017487520862949246, 0.016099138990361972, 0.0055846494127305135, 0.0010878662731617084, -0.03548767485203985, 0.07299224199709187, -0.020696703309747377, 0.020461433378907046, 0.1749562936115705, 0.1769741639959923, 0.20226109816710558, 0.33331020773116027, 0.3013360368889453]]
KL Divergence Data Individual 0:  []
Expected welfare:  11.844036800156337

Calculating alternate RRD Welfares
Traceback (most recent call last):
  File "/home/anrigu/srg_research/open_spiel/./open_spiel/python/examples/data/analyze.py", line 355, in <module>
    app.run(main)
  File "/home/anrigu/.local/lib/python3.10/site-packages/absl/app.py", line 308, in run
    _run_main(main, args)
  File "/home/anrigu/.local/lib/python3.10/site-packages/absl/app.py", line 254, in _run_main
    sys.exit(main(argv))
  File "/home/anrigu/srg_research/open_spiel/./open_spiel/python/examples/data/analyze.py", line 350, in main
    print(welfare_runner([utilities[0], utilities[1]]))
NameError: name 'welfare_runner' is not defined
