Job Id listed below:
57059647

Lmod is automatically replacing "clang/2022.1.2" with "intel/2022.1.2".


Lmod is automatically replacing "gcc/10.3.0" with "clang/2022.1.2".

-------------------------------------------------------------------------------
The following dependent module(s) are not currently loaded: gcc/10.3.0 (required by: python/3.10.4)
-------------------------------------------------------------------------------

Lmod is automatically replacing "clang/2022.1.2" with "gcc/10.3.0".

2023-08-02 11:47:37.005455: I tensorflow/core/platform/cpu_feature_guard.cc:182] This TensorFlow binary is optimized to use available CPU instructions in performance-critical operations.
To enable the following instructions: AVX2 AVX512F FMA, in other operations, rebuild TensorFlow with the appropriate compiler flags.
2023-08-02 11:47:41.532584: W tensorflow/compiler/tf2tensorrt/utils/py_utils.cc:38] TF-TRT Warning: Could not find TensorRT
GAME IS SYMMETRIC. ONLY 1 SET OF RETURNS

TRIAL 0:

ITERATION 0:
KL Divergence Data Individual 0:  [7.0564847, 6.891975, 6.9531446, 6.6121826, 7.0146723, 7.057097, 6.848425, 6.917337, 7.064024, 7.2034645]
Expected welfare:  170.6906196297552

ITERATION 1:
[0.06012306 0.93987694] [168.13 120.43]
Individual regret vector:  [[40.21469018512241]]
KL Divergence Data Individual 0:  [8.754777, 8.801665, 8.508407, 8.880404, 8.691532, 8.35378, 8.287742, 8.709501, 8.65419, 8.398341]
Expected welfare:  143.750536183763

ITERATION 2:
[0.0088308  0.35219185 0.63897735] [150.275  99.97   75.75 ]
Individual regret vector:  [[40.21469018512241, 19.08973190811851]]
KL Divergence Data Individual 0:  [9.671894, 9.416137, 9.817473, 9.5371, 9.482087, 9.838998, 9.349648, 9.612876, 9.67197, 9.69014]
Expected welfare:  136.84449532072026

ITERATION 3:
[0.00641235 0.20409994 0.46460484 0.32488287] [140.955 102.555  67.59   65.94 ]
Individual regret vector:  [[40.21469018512241, 19.08973190811851, 8.887752339639874]]
KL Divergence Data Individual 0:  [10.3454275, 10.302034, 10.244977, 10.134204, 10.194663, 10.034797, 10.112174, 10.5350275, 9.972658, 10.192704]
Expected welfare:  139.82604941422466

ITERATION 4:
[0.00418855 0.12648016 0.36282361 0.22936276 0.27714491] [139.71   98.885  67.14   68.615  68.04 ]
Individual regret vector:  [[40.21469018512241, 19.08973190811851, 8.887752339639874, 3.2619752928876693]]
KL Divergence Data Individual 0:  [12.244613, 12.550577, 12.617918, 12.509158, 12.616752, 11.964195, 12.15176, 12.37669, 12.305358, 12.2802515]
Expected welfare:  138.82876080457376

ITERATION 5:
[0.00176166 0.07696435 0.31808477 0.18586517 0.20728065 0.21004339] [142.43  101.08   62.445  65.88   78.89   78.77 ]
Individual regret vector:  [[40.21469018512241, 19.08973190811851, 8.887752339639874, 3.2619752928876693, 6.72561959771312]]
KL Divergence Data Individual 0:  [11.064953, 11.469504, 11.243311, 11.304373, 11.247894, 11.2393, 11.076326, 11.25947, 11.23815, 11.107649]
Expected welfare:  137.82620371367892

ITERATION 6:
[0.00238123 0.06483809 0.24618789 0.14616673 0.16407418 0.16129197
 0.2150599 ] [130.27   93.15   54.885  63.81   79.72   77.8    72.845]
Individual regret vector:  [[40.21469018512241, 19.08973190811851, 8.887752339639874, 3.2619752928876693, 6.72561959771312, 6.531898143160532]]
KL Divergence Data Individual 0:  [11.609149, 11.433234, 11.162902, 11.2435665, 11.637019, 11.176466, 11.374046, 11.202626, 11.215918, 11.663365]
Expected welfare:  131.73833613751376

ITERATION 7:
[1.61819585e-04 2.78569080e-02 2.05791185e-01 1.12707978e-01
 1.38647550e-01 1.34728697e-01 2.24883195e-01 1.55222667e-01] [127.27   97.19   54.21   63.185  78.51   77.215  74.045  47.955]
Individual regret vector:  [[40.21469018512241, 19.08973190811851, 8.887752339639874, 3.2619752928876693, 6.72561959771312, 6.531898143160532, 3.2358319312431263]]
KL Divergence Data Individual 0:  [11.175245, 11.13747, 11.953253, 11.647443, 11.701586, 11.491266, 11.606723, 11.706008, 11.459256, 11.778028]
Expected welfare:  128.77627948853518

ITERATION 8:
[1.00000000e-04 5.27400106e-03 1.52722227e-01 6.52221075e-02
 1.12062295e-01 9.89846711e-02 2.94368748e-01 1.33577142e-01
 1.37688810e-01] [124.415  96.51   54.955  65.71   78.47   76.085  74.54   47.875  54.925]
Individual regret vector:  [[40.21469018512241, 19.08973190811851, 8.887752339639874, 3.2619752928876693, 6.72561959771312, 6.531898143160532, 3.2358319312431263, 2.7068602557324084]]
KL Divergence Data Individual 0:  [12.944012, 12.724673, 12.596514, 12.51476, 12.6319275, 12.953081, 12.198335, 12.516147, 12.331594, 12.3942795]
Expected welfare:  127.01896480536467

ITERATION 9:
[1.00000000e-04 3.04516471e-03 1.11103744e-01 5.08751713e-02
 9.65727360e-02 8.67060333e-02 2.90732825e-01 1.04494346e-01
 1.23897500e-01 1.32472479e-01] [129.345  98.86   54.77   66.65   78.755  81.485  73.82   51.05   52.895
  51.575]
Individual regret vector:  [[40.21469018512241, 19.08973190811851, 8.887752339639874, 3.2619752928876693, 6.72561959771312, 6.531898143160532, 3.2358319312431263, 2.7068602557324084, 3.9405175973176654]]
KL Divergence Data Individual 0:  [12.1983385, 11.876768, 12.160698, 11.899105, 12.088011, 11.74127, 11.873522, 12.02391, 11.909546, 12.240273]
Expected welfare:  126.40459802106497

ITERATION 10:
[1.00000000e-04 1.36308297e-03 7.46503790e-02 3.68327308e-02
 8.26700546e-02 7.04635271e-02 3.07138261e-01 8.79966985e-02
 9.92218404e-02 1.02718924e-01 1.36844501e-01] [129.73   86.62   59.35   51.46   76.43   72.82   71.57   62.53   62.645
  58.915  62.545]
Individual regret vector:  [[40.21469018512241, 19.08973190811851, 8.887752339639874, 3.2619752928876693, 6.72561959771312, 6.531898143160532, 3.2358319312431263, 2.7068602557324084, 3.9405175973176654, 5.857700989467524]]
KL Divergence Data Individual 0:  [12.099043, 11.541769, 11.423727, 11.674482, 11.50835, 12.4023075, 12.179966, 11.862718, 11.917739, 12.165605]
Expected welfare:  127.03584329484904

ITERATION 11:
[1.00000000e-04 1.57692973e-03 5.16794164e-02 2.32414425e-02
 7.81941305e-02 5.90056775e-02 2.54116435e-01 8.34591798e-02
 9.31035355e-02 8.46222435e-02 1.15687339e-01 1.55213671e-01] [132.16   90.68   60.67   51.925  73.67   73.515  71.045  56.35   56.815
  59.28   61.945  55.045]
Individual regret vector:  [[40.21469018512241, 19.08973190811851, 8.887752339639874, 3.2619752928876693, 6.72561959771312, 6.531898143160532, 3.2358319312431263, 2.7068602557324084, 3.9405175973176654, 5.857700989467524, 2.767078352575467]]
KL Divergence Data Individual 0:  [10.462663, 10.494189, 10.652142, 10.821959, 10.48152, 10.363377, 10.422176, 11.077514, 10.686129, 10.511909]
Expected welfare:  127.85456967840948

ITERATION 12:
[1.00000000e-04 6.48982596e-04 3.71316803e-02 1.18934212e-02
 6.90808976e-02 4.91655582e-02 2.72861221e-01 6.54700892e-02
 9.08322351e-02 7.42515770e-02 1.09807877e-01 1.34907998e-01
 8.38484638e-02] [132.035  91.85   60.91   50.24   70.5    73.695  69.125  60.48   58.375
  59.345  57.545  57.065  58.445]
Individual regret vector:  [[40.21469018512241, 19.08973190811851, 8.887752339639874, 3.2619752928876693, 6.72561959771312, 6.531898143160532, 3.2358319312431263, 2.7068602557324084, 3.9405175973176654, 5.857700989467524, 2.767078352575467, 5.707715160795281]]
KL Divergence Data Individual 0:  [11.320723, 11.094547, 11.059868, 11.367044, 11.22267, 11.290193, 11.126555, 11.010868, 11.335923, 11.446072]
Expected welfare:  127.93603976599451

ITERATION 13:
[1.00000000e-04 3.05232710e-04 2.73011834e-02 6.25518531e-03
 5.61331340e-02 4.24300687e-02 2.83758526e-01 5.92946105e-02
 8.55095592e-02 6.98051444e-02 1.02186659e-01 1.14460615e-01
 7.26469712e-02 7.98131105e-02] [131.365  88.155  60.83   50.57   71.97   70.23   70.375  59.085  56.495
  58.55   59.69   55.085  56.03   56.97 ]
Individual regret vector:  [[40.21469018512241, 19.08973190811851, 8.887752339639874, 3.2619752928876693, 6.72561959771312, 6.531898143160532, 3.2358319312431263, 2.7068602557324084, 3.9405175973176654, 5.857700989467524, 2.767078352575467, 5.707715160795281, 4.146980117002734]]
KL Divergence Data Individual 0:  [9.454642, 9.209545, 9.589566, 9.329936, 9.862711, 9.687938, 9.452975, 9.243075, 9.556862, 9.221718]
Expected welfare:  128.39607160081664

ITERATION 14:
[1.00000000e-04 1.12642888e-04 2.13419131e-02 3.33242137e-03
 4.62287144e-02 3.38144094e-02 3.11743359e-01 5.57541241e-02
 8.11735884e-02 6.28320629e-02 9.64014663e-02 1.00767476e-01
 6.43110046e-02 6.98476641e-02 5.22391535e-02] [128.8    90.995  60.26   48.05   72.39   75.67   70.15   61.075  58.085
  59.525  56.2    57.495  60.175  59.73   60.485]
Individual regret vector:  [[40.21469018512241, 19.08973190811851, 8.887752339639874, 3.2619752928876693, 6.72561959771312, 6.531898143160532, 3.2358319312431263, 2.7068602557324084, 3.9405175973176654, 5.857700989467524, 2.767078352575467, 5.707715160795281, 4.146980117002734, 2.7369641995916822]]
KL Divergence Data Individual 0:  [11.207543, 11.702145, 11.590482, 11.897804, 11.9033985, 11.315623, 11.37276, 11.642877, 11.17833, 11.338418]
Expected welfare:  128.99618615544944

ITERATION 15:
[1.00000000e-04 1.00000000e-04 1.42013355e-02 1.45287179e-03
 3.63141578e-02 2.63516878e-02 3.30169865e-01 5.37326194e-02
 7.39896385e-02 5.72579739e-02 8.49755176e-02 8.72639328e-02
 5.79116411e-02 6.00074477e-02 4.49564872e-02 7.12148237e-02] [128.975  84.175  58.545  51.64   72.885  77.24   71.175  58.26   57.42
  60.995  59.04   58.46   58.355  63.4    58.785  60.885]
Individual regret vector:  [[40.21469018512241, 19.08973190811851, 8.887752339639874, 3.2619752928876693, 6.72561959771312, 6.531898143160532, 3.2358319312431263, 2.7068602557324084, 3.9405175973176654, 5.857700989467524, 2.767078352575467, 5.707715160795281, 4.146980117002734, 2.7369641995916822, 1.2369069222752813]]
KL Divergence Data Individual 0:  [10.737035, 10.965163, 11.096549, 10.991868, 10.828725, 10.787441, 10.452677, 10.774269, 10.744144, 10.746218]
Expected welfare:  129.0327749213439

ITERATION 16:
[1.00000000e-04 1.00000000e-04 1.09994616e-02 7.22387198e-04
 3.20995894e-02 2.34436040e-02 3.28197268e-01 4.63132969e-02
 6.88349644e-02 5.60765258e-02 8.07102653e-02 7.34823553e-02
 5.10195454e-02 5.72057136e-02 3.98898282e-02 6.23933674e-02
 6.84118274e-02] [128.355  89.705  60.455  48.62   70.885  72.985  72.535  55.82   59.545
  61.62   60.15   58.715  59.025  60.105  59.985  64.69   55.705]
Individual regret vector:  [[40.21469018512241, 19.08973190811851, 8.887752339639874, 3.2619752928876693, 6.72561959771312, 6.531898143160532, 3.2358319312431263, 2.7068602557324084, 3.9405175973176654, 5.857700989467524, 2.767078352575467, 5.707715160795281, 4.146980117002734, 2.7369641995916822, 1.2369069222752813, 2.618612539328055]]
KL Divergence Data Individual 0:  [10.082123, 10.302586, 10.444041, 10.462628, 10.126919, 10.533285, 10.689284, 10.437013, 10.260654, 10.042932]
Expected welfare:  129.8169022171138

ITERATION 17:
[1.00000000e-04 1.00000000e-04 7.78443256e-03 2.96016695e-04
 2.44119496e-02 1.83074303e-02 3.51797698e-01 3.95648944e-02
 5.88761500e-02 5.31721078e-02 7.90713729e-02 5.80578667e-02
 4.37689071e-02 5.13040169e-02 3.42870889e-02 5.88979672e-02
 5.44282527e-02 6.57738486e-02] [115.045  84.935  55.825  62.645  67.17   69.84   64.55   56.265  60.47
  60.265  58.84   63.445  67.03   61.43   65.405  64.74   62.95   59.63 ]
Individual regret vector:  [[40.21469018512241, 19.08973190811851, 8.887752339639874, 3.2619752928876693, 6.72561959771312, 6.531898143160532, 3.2358319312431263, 2.7068602557324084, 3.9405175973176654, 5.857700989467524, 2.767078352575467, 5.707715160795281, 4.146980117002734, 2.7369641995916822, 1.2369069222752813, 2.618612539328055, 4.576548891443082]]
KL Divergence Data Individual 0:  [10.744776, 10.38702, 10.323628, 10.453845, 10.707148, 10.287526, 10.183367, 10.553657, 10.627163, 10.447994]
Expected welfare:  128.78697622667144

ITERATION 18:
[1.00000000e-04 1.00000000e-04 4.49526543e-03 1.30867002e-04
 1.64833667e-02 1.37105249e-02 3.32591088e-01 3.52332839e-02
 6.03160758e-02 5.18733157e-02 8.08386477e-02 6.11011074e-02
 4.54646371e-02 4.57434405e-02 3.29178659e-02 6.03030601e-02
 5.34364584e-02 5.38792360e-02 5.12817591e-02] [101.885  80.85   54.375  53.6    68.96   70.84   67.53   54.13   60.135
  61.515  57.11   63.745  61.135  59.395  62.1    62.665  59.86   62.795
  55.785]
Individual regret vector:  [[40.21469018512241, 19.08973190811851, 8.887752339639874, 3.2619752928876693, 6.72561959771312, 6.531898143160532, 3.2358319312431263, 2.7068602557324084, 3.9405175973176654, 5.857700989467524, 2.767078352575467, 5.707715160795281, 4.146980117002734, 2.7369641995916822, 1.2369069222752813, 2.618612539328055, 4.576548891443082, 4.0315118866642905]]
KL Divergence Data Individual 0:  [11.519381, 11.648304, 11.840123, 11.813956, 11.661007, 11.707384, 11.85219, 11.664741, 11.64074, 11.564621]
Expected welfare:  129.09782061178046

ITERATION 19:
[1.00000000e-04 1.00000000e-04 2.81145685e-03 1.00000000e-04
 1.21381833e-02 1.04046080e-02 3.52361867e-01 3.16445548e-02
 6.18090403e-02 5.00830697e-02 7.60539852e-02 6.16260574e-02
 4.03203789e-02 4.04122772e-02 3.11565437e-02 5.43921221e-02
 4.85467971e-02 5.03113670e-02 4.31327776e-02 3.24949139e-02] [105.52   76.75   52.025  57.71   68.155  64.475  63.39   58.29   60.82
  58.89   58.375  62.645  61.555  61.11   61.14   59.795  62.1    62.81
  53.605  55.47 ]
Individual regret vector:  [[40.21469018512241, 19.08973190811851, 8.887752339639874, 3.2619752928876693, 6.72561959771312, 6.531898143160532, 3.2358319312431263, 2.7068602557324084, 3.9405175973176654, 5.857700989467524, 2.767078352575467, 5.707715160795281, 4.146980117002734, 2.7369641995916822, 1.2369069222752813, 2.618612539328055, 4.576548891443082, 4.0315118866642905, 3.986089694109765]]
KL Divergence Data Individual 0:  [11.105485, 11.258093, 11.298863, 11.687425, 11.520124, 11.598267, 11.6036215, 11.437554, 11.377802, 11.1690235]
Expected welfare:  129.7914842760408

ITERATION 20:
[1.00000000e-04 1.00000000e-04 1.75168401e-03 1.00000000e-04
 8.50345226e-03 6.91862160e-03 3.86312260e-01 2.89189080e-02
 5.98695183e-02 5.06480429e-02 7.54953264e-02 5.61498621e-02
 3.75844912e-02 3.75396006e-02 2.91062170e-02 4.96158753e-02
 4.65307109e-02 4.94900810e-02 3.37722832e-02 2.74996474e-02
 1.39934182e-02] [101.26   77.28   51.625  56.95   67.225  69.995  66.22   56.65   59.865
  59.515  59.6    57.18   62.69   61.645  59.86   58.27   63.49   59.245
  53.745  52.905  55.545]
Individual regret vector:  [[40.21469018512241, 19.08973190811851, 8.887752339639874, 3.2619752928876693, 6.72561959771312, 6.531898143160532, 3.2358319312431263, 2.7068602557324084, 3.9405175973176654, 5.857700989467524, 2.767078352575467, 5.707715160795281, 4.146980117002734, 2.7369641995916822, 1.2369069222752813, 2.618612539328055, 4.576548891443082, 4.0315118866642905, 3.986089694109765, 1.1592578619796399]]
KL Divergence Data Individual 0:  [11.733113, 11.820061, 11.962274, 11.666506, 11.747662, 11.827797, 11.905537, 11.668878, 11.524824, 11.785932]
Expected welfare:  130.46100424136716

ITERATION 21:
[1.00000000e-04 1.00000000e-04 1.08833614e-03 1.00000000e-04
 6.60920051e-03 4.66956476e-03 4.18819129e-01 2.65749323e-02
 6.18388283e-02 5.10831563e-02 7.54289990e-02 5.02258061e-02
 3.51599910e-02 3.42855274e-02 2.68201619e-02 4.35596063e-02
 4.52673801e-02 4.80998791e-02 2.58266063e-02 2.15344842e-02
 1.10683922e-02 1.17400194e-02] [94.98  79.705 52.365 59.99  68.965 67.2   64.32  60.855 59.585 62.495
 58.805 59.35  62.93  57.14  64.61  57.54  64.1   64.11  56.235 56.68
 56.38  51.455]
Individual regret vector:  [[40.21469018512241, 19.08973190811851, 8.887752339639874, 3.2619752928876693, 6.72561959771312, 6.531898143160532, 3.2358319312431263, 2.7068602557324084, 3.9405175973176654, 5.857700989467524, 2.767078352575467, 5.707715160795281, 4.146980117002734, 2.7369641995916822, 1.2369069222752813, 2.618612539328055, 4.576548891443082, 4.0315118866642905, 3.986089694109765, 1.1592578619796399, 2.7094978793164017]]
KL Divergence Data Individual 0:  [10.695716, 10.362225, 10.712742, 10.474371, 10.683466, 10.774994, 10.520457, 10.712837, 10.346043, 10.89303]
Expected welfare:  131.1440436495003

TRIAL 1:

ITERATION 0:
KL Divergence Data Individual 0:  [6.8162093, 6.639138, 6.7420855, 6.7690287, 6.8242416, 7.212793, 7.118179, 7.1206174, 6.8381767, 6.7812185]
Expected welfare:  183.24485718615543

ITERATION 1:
[0.05439002 0.94560998] [180.41  121.855]
Individual regret vector:  [[36.83257140692231]]
KL Divergence Data Individual 0:  [10.766608, 11.415872, 10.722408, 11.256453, 10.604776, 10.700244, 11.033429, 11.012957, 10.82317, 10.999454]
Expected welfare:  159.72397114284104

ITERATION 2:
[0.02128592 0.43280639 0.54590769] [172.8   118.1    93.535]
Individual regret vector:  [[36.83257140692231, 25.992132135058114]]
KL Divergence Data Individual 0:  [10.863849, 11.133093, 11.331854, 11.016779, 10.954941, 11.415274, 11.204429, 11.340649, 10.97529, 10.74537]
Expected welfare:  150.77314249859091

ITERATION 3:
[0.01620191 0.25192549 0.36307033 0.36880227] [169.11  116.835  94.485  36.58 ]
Individual regret vector:  [[36.83257140692231, 25.992132135058114, 8.453428750704532]]
KL Divergence Data Individual 0:  [13.881143, 13.857548, 13.615182, 13.747455, 13.789684, 13.702735, 13.811241, 13.77545, 13.803489, 13.648521]
Expected welfare:  141.19714198409008

ITERATION 4:
[0.00707555 0.18969858 0.31876615 0.24310381 0.24135591] [164.565 108.805  78.515  83.685  83.48 ]
Individual regret vector:  [[36.83257140692231, 25.992132135058114, 8.453428750704532, 20.41142900795495]]
KL Divergence Data Individual 0:  [11.177502, 11.244448, 11.480505, 11.239364, 11.126463, 11.012934, 11.143806, 10.927709, 11.120286, 11.203889]
Expected welfare:  154.14704246758126

ITERATION 5:
[1.00000000e-04 2.98932026e-02 1.63498205e-01 1.26103436e-01
 1.31563923e-01 5.48841234e-01] [163.895 114.73   69.945  81.99   82.925  91.41 ]
Individual regret vector:  [[36.83257140692231, 25.992132135058114, 8.453428750704532, 20.41142900795495, 12.53147876620939]]
KL Divergence Data Individual 0:  [12.037451, 11.9552555, 11.665561, 12.305557, 12.003899, 11.761413, 11.8890295, 11.905234, 11.924833, 11.918613]
Expected welfare:  156.29933784128045

ITERATION 6:
[1.00000000e-04 1.06744215e-02 5.95094232e-02 7.55319696e-02
 8.12136229e-02 2.91498225e-01 4.81472338e-01] [166.245 114.18   68.21   60.565  59.28   96.305  88.785]
Individual regret vector:  [[36.83257140692231, 25.992132135058114, 8.453428750704532, 20.41142900795495, 12.53147876620939, 7.5353310793597785]]
KL Divergence Data Individual 0:  [12.401599, 12.292715, 12.792148, 12.2692, 12.354022, 12.496256, 12.55511, 12.44127, 12.574556, 12.401202]
Expected welfare:  155.00612118516847

ITERATION 7:
[1.00000000e-04 1.61266885e-02 5.19781028e-02 5.52191048e-02
 5.35561419e-02 2.26228155e-01 3.47145216e-01 2.49646591e-01] [158.58  113.03   71.29   68.59   67.155  93.985  86.545  77.48 ]
Individual regret vector:  [[36.83257140692231, 25.992132135058114, 8.453428750704532, 20.41142900795495, 12.53147876620939, 7.5353310793597785, 8.061939407415764]]
KL Divergence Data Individual 0:  [12.266427, 11.929326, 12.407669, 12.335559, 12.455493, 12.555719, 12.043061, 12.578808, 12.413891, 12.121478]
Expected welfare:  157.0749426742823

ITERATION 8:
[1.00000000e-04 8.29149241e-03 2.94818567e-02 2.90069672e-02
 2.52206837e-02 1.52526238e-01 2.53081890e-01 2.25512620e-01
 2.76778251e-01] [165.22  110.59   61.505  68.885  70.58   93.44   86.835  83.79   82.64 ]
Individual regret vector:  [[36.83257140692231, 25.992132135058114, 8.453428750704532, 20.41142900795495, 12.53147876620939, 7.5353310793597785, 8.061939407415764, 7.202528662858839]]
KL Divergence Data Individual 0:  [11.863184, 11.542894, 11.87323, 11.510776, 11.889948, 11.7323, 11.847783, 11.78996, 11.786478, 11.641798]
Expected welfare:  160.05960512612157

ITERATION 9:
[1.00000000e-04 3.43559485e-03 8.70400941e-03 1.17492506e-02
 1.09216334e-02 9.02325464e-02 1.87452862e-01 1.81167827e-01
 2.27278257e-01 2.78958019e-01] [166.75  111.615  62.195  69.08   69.16   90.24   85.69   84.23   80.82
  85.695]
Individual regret vector:  [[36.83257140692231, 25.992132135058114, 8.453428750704532, 20.41142900795495, 12.53147876620939, 7.5353310793597785, 8.061939407415764, 7.202528662858839, 6.780197436939218]]
KL Divergence Data Individual 0:  [11.9674015, 11.988695, 12.139146, 12.008218, 11.953951, 12.154542, 12.204011, 12.03729, 12.053175, 11.808706]
Expected welfare:  161.314267067153

ITERATION 10:
[1.00000000e-04 7.89888360e-03 1.35850175e-02 1.78482177e-02
 1.77693555e-02 8.72668206e-02 1.57879267e-01 1.47972181e-01
 1.69317860e-01 1.89782516e-01 1.90579882e-01] [166.81  114.025  60.96   68.88   70.835  93.345  86.425  82.815  83.73
  85.61   84.58 ]
Individual regret vector:  [[36.83257140692231, 25.992132135058114, 8.453428750704532, 20.41142900795495, 12.53147876620939, 7.5353310793597785, 8.061939407415764, 7.202528662858839, 6.780197436939218, 6.442866466423482]]
KL Divergence Data Individual 0:  [11.720081, 11.7450285, 11.638834, 11.752277, 11.80674, 11.6071825, 11.6320505, 11.61093, 11.755112, 11.76001]
Expected welfare:  162.9842686402055

ITERATION 11:
[1.00000000e-04 8.48608668e-03 1.18113684e-02 1.65095668e-02
 1.70461390e-02 7.16036885e-02 1.31647553e-01 1.25621800e-01
 1.40746994e-01 1.58520660e-01 1.53721265e-01 1.64184878e-01] [164.34  115.005  61.01   69.46   71.245  88.185  85.985  82.27   84.01
  86.16   85.575  83.095]
Individual regret vector:  [[36.83257140692231, 25.992132135058114, 8.453428750704532, 20.41142900795495, 12.53147876620939, 7.5353310793597785, 8.061939407415764, 7.202528662858839, 6.780197436939218, 6.442866466423482, 7.877865679897255]]
KL Divergence Data Individual 0:  [11.65776, 12.002243, 11.68746, 11.68698, 11.940951, 11.918543, 12.149745, 12.268465, 11.585518, 11.739284]
Expected welfare:  163.42841732981287

ITERATION 12:
[1.00000000e-04 1.00498719e-02 1.24723890e-02 1.81195089e-02
 1.84134955e-02 6.61447456e-02 1.14619088e-01 1.09288803e-01
 1.19148635e-01 1.33168846e-01 1.28908462e-01 1.36445531e-01
 1.33120624e-01] [163.54  112.05   59.28   68.4    67.635  91.525  87.715  81.88   84.955
  85.045  87.83   85.305  83.425]
Individual regret vector:  [[36.83257140692231, 25.992132135058114, 8.453428750704532, 20.41142900795495, 12.53147876620939, 7.5353310793597785, 8.061939407415764, 7.202528662858839, 6.780197436939218, 6.442866466423482, 7.877865679897255, 4.495791335093543]]
KL Divergence Data Individual 0:  [11.80738, 11.753858, 12.198595, 11.992161, 12.429198, 12.038377, 11.958399, 12.344921, 11.774409, 11.890278]
Expected welfare:  164.14839981516917

ITERATION 13:
[1.00000000e-04 9.51660844e-03 1.04498815e-02 1.63183286e-02
 1.68554708e-02 5.87012355e-02 1.00482982e-01 9.86940267e-02
 1.05172058e-01 1.17565961e-01 1.13846600e-01 1.18539848e-01
 1.15070365e-01 1.18686635e-01] [162.95  113.99   62.745  66.785  66.775  91.345  88.77   82.835  84.19
  83.87   85.805  82.315  85.365  85.78 ]
Individual regret vector:  [[36.83257140692231, 25.992132135058114, 8.453428750704532, 20.41142900795495, 12.53147876620939, 7.5353310793597785, 8.061939407415764, 7.202528662858839, 6.780197436939218, 6.442866466423482, 7.877865679897255, 4.495791335093543, 5.370800092415408]]
KL Divergence Data Individual 0:  [11.263662, 11.483399, 11.358593, 11.527277, 11.239535, 11.326438, 11.187676, 11.087415, 11.314498, 11.463983]
Expected welfare:  164.2986814286258

ITERATION 14:
[1.00000000e-04 1.09384632e-02 1.11504470e-02 1.76772115e-02
 1.80128761e-02 5.52009103e-02 8.91200703e-02 8.97147365e-02
 9.35568400e-02 1.04093716e-01 9.98282344e-02 1.05289099e-01
 1.00737766e-01 1.02513422e-01 1.02066208e-01] [162.755 113.62   64.515  57.425  63.86   91.785  84.305  77.15   77.055
  84.865  88.39   89.625  89.715  85.93   87.185]
Individual regret vector:  [[36.83257140692231, 25.992132135058114, 8.453428750704532, 20.41142900795495, 12.53147876620939, 7.5353310793597785, 8.061939407415764, 7.202528662858839, 6.780197436939218, 6.442866466423482, 7.877865679897255, 4.495791335093543, 5.370800092415408, 6.120659285687097]]
KL Divergence Data Individual 0:  [12.658292, 12.744687, 12.420514, 12.544577, 12.55432, 12.96824, 12.639768, 12.912244, 12.711957, 12.746324]
Expected welfare:  164.10404435004264

ITERATION 15:
[0.0001     0.00899312 0.00847383 0.01365042 0.01417185 0.04859114
 0.07927084 0.07987681 0.08301502 0.09849955 0.09323487 0.09843201
 0.09362704 0.09654005 0.09629235 0.08723111] [160.13  110.02   66.845  66.215  67.765  90.81   86.105  81.635  80.97
  86.33   90.06   88.5    88.44   88.38   89.175  78.05 ]
Individual regret vector:  [[36.83257140692231, 25.992132135058114, 8.453428750704532, 20.41142900795495, 12.53147876620939, 7.5353310793597785, 8.061939407415764, 7.202528662858839, 6.780197436939218, 6.442866466423482, 7.877865679897255, 4.495791335093543, 5.370800092415408, 6.120659285687097, 7.237977824978685]]
KL Divergence Data Individual 0:  [12.43463, 12.78762, 12.489243, 12.787193, 12.508245, 12.555775, 12.473119, 12.354511, 12.628049, 12.276186]
Expected welfare:  166.66619960699606

ITERATION 16:
[1.00000000e-04 1.48883033e-03 1.03011854e-03 2.68631554e-03
 2.96124224e-03 2.56349625e-02 5.99084144e-02 6.95031461e-02
 7.06596193e-02 9.88674694e-02 8.81448852e-02 9.78769619e-02
 8.90875928e-02 9.85903048e-02 9.79272555e-02 8.16023972e-02
 1.13930484e-01] [158.69  112.21   62.64   64.035  64.33   93.95   85.55   79.645  84.07
  87.775  90.34   89.34   90.03   90.2    88.055  76.835  82.605]
Individual regret vector:  [[36.83257140692231, 25.992132135058114, 8.453428750704532, 20.41142900795495, 12.53147876620939, 7.5353310793597785, 8.061939407415764, 7.202528662858839, 6.780197436939218, 6.442866466423482, 7.877865679897255, 4.495791335093543, 5.370800092415408, 6.120659285687097, 7.237977824978685, 4.496900196501969]]
KL Divergence Data Individual 0:  [11.395156, 11.841397, 11.998774, 11.6119795, 11.898819, 11.680282, 11.763021, 11.575587, 11.796817, 11.775806]
Expected welfare:  166.91388486222732

ITERATION 17:
[1.00000000e-04 5.15993579e-04 2.75563716e-04 9.96163399e-04
 1.11488082e-03 1.59463352e-02 4.78892508e-02 5.92131924e-02
 6.27777384e-02 9.07744337e-02 7.77395447e-02 8.82844101e-02
 8.04331755e-02 8.83701731e-02 9.33686361e-02 7.06936098e-02
 1.07113060e-01 1.14393839e-01] [156.77  109.48   61.43   63.5    67.915  92.25   85.1    81.77   83.6
  88.21   90.945  88.555  89.84   87.365  89.775  77.895  84.44   81.61 ]
Individual regret vector:  [[36.83257140692231, 25.992132135058114, 8.453428750704532, 20.41142900795495, 12.53147876620939, 7.5353310793597785, 8.061939407415764, 7.202528662858839, 6.780197436939218, 6.442866466423482, 7.877865679897255, 4.495791335093543, 5.370800092415408, 6.120659285687097, 7.237977824978685, 4.496900196501969, 3.803057568886331]]
KL Divergence Data Individual 0:  [11.411477, 11.783318, 11.69071, 11.68042, 11.674045, 11.576733, 11.715813, 12.322484, 11.781171, 11.799717]
Expected welfare:  166.68900831692437

ITERATION 18:
[1.00000000e-04 4.23260861e-04 1.98071852e-04 7.88179882e-04
 8.94203658e-04 1.39079830e-02 4.24346624e-02 5.29376983e-02
 5.76435414e-02 8.41467563e-02 6.96166621e-02 8.17500807e-02
 7.22281506e-02 7.90040894e-02 8.31856330e-02 6.24668691e-02
 9.45330394e-02 9.92278148e-02 1.04513303e-01] [155.37  108.935  65.19   65.13   65.25   90.12   84.765  82.13   82.975
  89.46   88.99   88.47   89.47   88.905  87.785  75.665  83.09   79.615
  80.71 ]
Individual regret vector:  [[36.83257140692231, 25.992132135058114, 8.453428750704532, 20.41142900795495, 12.53147876620939, 7.5353310793597785, 8.061939407415764, 7.202528662858839, 6.780197436939218, 6.442866466423482, 7.877865679897255, 4.495791335093543, 5.370800092415408, 6.120659285687097, 7.237977824978685, 4.496900196501969, 3.803057568886331, 3.7054958415377968]]
KL Divergence Data Individual 0:  [11.711642, 11.7792635, 11.738688, 11.330951, 11.792869, 11.827062, 11.313747, 11.740599, 11.814315, 11.714871]
Expected welfare:  166.37710471734698

ITERATION 19:
[0.0001     0.000618   0.00028626 0.00103318 0.0011839  0.01496153
 0.04074611 0.05095655 0.05547671 0.07437261 0.06506927 0.07441032
 0.06617233 0.07403634 0.0771525  0.05614186 0.0837844  0.08864654
 0.09151738 0.08333422] [156.675 113.135  63.24   64.13   66.145  90.095  85.505  80.495  84.445
  88.05   87.685  89.32   90.52   89.6    88.81   74.07   81.56   81.005
  81.515  80.815]
Individual regret vector:  [[36.83257140692231, 25.992132135058114, 8.453428750704532, 20.41142900795495, 12.53147876620939, 7.5353310793597785, 8.061939407415764, 7.202528662858839, 6.780197436939218, 6.442866466423482, 7.877865679897255, 4.495791335093543, 5.370800092415408, 6.120659285687097, 7.237977824978685, 4.496900196501969, 3.803057568886331, 3.7054958415377968, 1.8514476413265015]]
KL Divergence Data Individual 0:  [12.9298315, 12.79499, 12.989787, 12.86776, 12.764189, 12.873856, 12.784951, 12.956441, 12.928141, 12.918647]
Expected welfare:  166.22263400779295

ITERATION 20:
[0.0001     0.00052035 0.00021465 0.00086108 0.00097559 0.01364467
 0.03714488 0.04731163 0.05153015 0.06930736 0.05948274 0.06915226
 0.06081601 0.06898036 0.0717498  0.05008087 0.07743562 0.08266392
 0.08453873 0.07710885 0.07638046] [157.62  111.135  64.31   66.365  66.58   94.12   83.665  79.1    84.05
  85.74   89.025  90.275  88.4    93.14   89.6    77.35   82.91   79.845
  82.705  81.985  79.205]
Individual regret vector:  [[36.83257140692231, 25.992132135058114, 8.453428750704532, 20.41142900795495, 12.53147876620939, 7.5353310793597785, 8.061939407415764, 7.202528662858839, 6.780197436939218, 6.442866466423482, 7.877865679897255, 4.495791335093543, 5.370800092415408, 6.120659285687097, 7.237977824978685, 4.496900196501969, 3.803057568886331, 3.7054958415377968, 1.8514476413265015, 1.5314366415218927]]
KL Divergence Data Individual 0:  [11.149086, 11.261531, 10.828824, 11.270601, 10.587712, 11.151032, 11.170799, 10.791913, 11.004572, 11.1363535]
Expected welfare:  166.01806448600325

TRIAL 2:

ITERATION 0:
KL Divergence Data Individual 0:  [7.7121425, 7.760051, 7.617107, 7.713771, 7.8604627, 7.557067, 7.673981, 7.790106, 7.834572, 7.5725965]
Expected welfare:  195.83567837198655

ITERATION 1:
[0.0477622 0.9522378] [182.46 134.33]
Individual regret vector:  [[40.94716081400675]]
KL Divergence Data Individual 0:  [9.284225, 9.305487, 9.332202, 9.146142, 9.3695545, 9.30171, 9.280395, 9.350668, 9.163639, 9.4189625]
Expected welfare:  151.02107709836758

ITERATION 2:
[0.01221535 0.3781301  0.60965455] [182.94  132.46   45.015]
Individual regret vector:  [[40.94716081400675, 13.739461450816208]]
KL Divergence Data Individual 0:  [10.42613, 10.829906, 10.384862, 10.437941, 10.64392, 10.815927, 10.881185, 10.27337, 10.56628, 10.52181]
Expected welfare:  141.7001546734067

ITERATION 3:
[0.03963061 0.29143682 0.336091   0.33284156] [187.305 134.585  43.615  46.56 ]
Individual regret vector:  [[40.94716081400675, 13.739461450816208, 9.034922663296655]]
KL Divergence Data Individual 0:  [9.293077, 9.221209, 9.189251, 9.092612, 9.508007, 9.24297, 9.706057, 9.50642, 9.057661, 9.326562]
Expected welfare:  133.99135610423912

ITERATION 4:
[0.04256831 0.22812197 0.23826571 0.24124055 0.24980345] [182.875 135.065  44.73   41.98   41.975]
Individual regret vector:  [[40.94716081400675, 13.739461450816208, 9.034922663296655, 13.764321947880447]]
KL Divergence Data Individual 0:  [9.743645, 9.51067, 9.57632, 9.457617, 9.381786, 10.056397, 9.861266, 9.561135, 9.784091, 9.483576]
Expected welfare:  128.73675005946504

ITERATION 5:
[0.05197645 0.18664428 0.18932481 0.19045423 0.19320427 0.18839595] [183.745 134.93   41.91   44.79   43.825  42.605]
Individual regret vector:  [[40.94716081400675, 13.739461450816208, 9.034922663296655, 13.764321947880447, 14.33662497026748]]
KL Divergence Data Individual 0:  [8.942211, 8.881589, 9.0934725, 9.273011, 8.757507, 9.02788, 8.82069, 9.132606, 9.110047, 9.285579]
Expected welfare:  124.54728990474838

ITERATION 6:
[0.05559524 0.15752714 0.15644741 0.15773709 0.15950594 0.15635576
 0.15683141] [182.965 133.025  42.555  46.61   42.885  45.9    43.85 ]
Individual regret vector:  [[40.94716081400675, 13.739461450816208, 9.034922663296655, 13.764321947880447, 14.33662497026748, 19.111355047625814]]
KL Divergence Data Individual 0:  [10.228906, 10.27764, 10.230445, 10.0215845, 9.841029, 10.054376, 10.165952, 10.0283165, 10.076586, 10.054579]
Expected welfare:  120.80998829359913

ITERATION 7:
[0.05300232 0.13712714 0.13385372 0.13526633 0.13595561 0.13446942
 0.13432775 0.13599772] [187.965 133.655  43.715  42.09   42.445  42.935  41.315  43.755]
Individual regret vector:  [[40.94716081400675, 13.739461450816208, 9.034922663296655, 13.764321947880447, 14.33662497026748, 19.111355047625814, 13.120005853200439]]
KL Divergence Data Individual 0:  [10.333659, 10.346847, 10.1550255, 10.532524, 10.329908, 10.376643, 10.3393135, 9.996839, 9.8983, 10.326079]
Expected welfare:  116.56447206584868

ITERATION 8:
[0.04082765 0.12332013 0.11842732 0.11960873 0.12031449 0.11935745
 0.1185834  0.12068573 0.1188751 ] [105.035  84.49   66.915  66.735  63.955  67.075  65.605  70.545  67.685]
Individual regret vector:  [[40.94716081400675, 13.739461450816208, 9.034922663296655, 13.764321947880447, 14.33662497026748, 19.111355047625814, 13.120005853200439, 15.687763967075668]]
KL Divergence Data Individual 0:  [8.918778, 8.40144, 8.777614, 8.614753, 8.626067, 8.895705, 8.664697, 8.567144, 8.616709, 8.966763]
Expected welfare:  117.23804712896836

ITERATION 9:
[1.00000000e-04 4.57651446e-02 8.67072851e-02 8.65819254e-02
 9.60642469e-02 8.68234096e-02 8.08331531e-02 9.17079579e-02
 8.60594236e-02 3.39357454e-01] [110.595  88.77   73.925  75.34   73.765  72.01   71.245  74.38   70.565
  71.935]
Individual regret vector:  [[40.94716081400675, 13.739461450816208, 9.034922663296655, 13.764321947880447, 14.33662497026748, 19.111355047625814, 13.120005853200439, 15.687763967075668, 16.41097643551582]]
KL Divergence Data Individual 0:  [9.081881, 9.019992, 8.953013, 9.429929, 8.919898, 9.614356, 9.296815, 9.243177, 9.170119, 9.15112]
Expected welfare:  124.81704537764445

ITERATION 10:
[1.00000000e-04 1.30981537e-02 5.97021732e-02 6.16886162e-02
 6.50504434e-02 4.91308181e-02 5.07118098e-02 6.26973997e-02
 5.55026742e-02 8.64393003e-02 4.95878611e-01] [132.575 102.145  74.005  78.27   75.425  74.925  76.825  75.085  75.46
  76.58   71.24 ]
Individual regret vector:  [[40.94716081400675, 13.739461450816208, 9.034922663296655, 13.764321947880447, 14.33662497026748, 19.111355047625814, 13.120005853200439, 15.687763967075668, 16.41097643551582, 12.851477311177774]]
KL Divergence Data Individual 0:  [10.547478, 10.355372, 10.10504, 10.021734, 10.57546, 9.907893, 10.337316, 10.409214, 10.085199, 10.243322]
Expected welfare:  131.1425763536578

ITERATION 11:
[1.00000000e-04 8.69495502e-03 4.18613148e-02 4.32650778e-02
 4.92464558e-02 3.99411551e-02 4.39163466e-02 5.32473380e-02
 5.59811266e-02 3.55308864e-02 1.53570618e-01 4.74644726e-01] [158.545 116.115  71.67   71.95   68.94   67.97   71.15   67.165  71.035
  76.29   70.73   73.325]
Individual regret vector:  [[40.94716081400675, 13.739461450816208, 9.034922663296655, 13.764321947880447, 14.33662497026748, 19.111355047625814, 13.120005853200439, 15.687763967075668, 16.41097643551582, 12.851477311177774, 12.623711823171107]]
KL Divergence Data Individual 0:  [10.236833, 10.59566, 10.458798, 10.207383, 10.5791, 10.741957, 10.48, 10.5783205, 10.099598, 10.523328]
Expected welfare:  143.60715037755597

ITERATION 12:
[1.00000000e-04 1.91182629e-03 2.07168615e-02 2.39433138e-02
 2.10926892e-02 1.63432045e-02 2.24588539e-02 1.58892010e-02
 2.73492610e-02 7.27141190e-03 5.23246560e-02 2.96695084e-01
 4.93903637e-01] [158.435 122.51   59.025  63.555  63.19   62.95   60.895  65.05   61.795
  74.355  79.035  79.11   93.075]
Individual regret vector:  [[40.94716081400675, 13.739461450816208, 9.034922663296655, 13.764321947880447, 14.33662497026748, 19.111355047625814, 13.120005853200439, 15.687763967075668, 16.41097643551582, 12.851477311177774, 12.623711823171107, 13.981424811222027]]
KL Divergence Data Individual 0:  [11.642575, 11.230584, 11.615435, 11.670746, 11.607828, 11.468769, 11.637511, 11.4498625, 11.18998, 11.447405]
Expected welfare:  143.45563592126953

ITERATION 13:
[1.00000000e-04 3.05328874e-03 1.23676140e-02 1.42142197e-02
 1.38999393e-02 1.12578601e-02 1.28118344e-02 1.16359760e-02
 1.71392098e-02 7.14880782e-03 4.43834949e-02 2.07699782e-01
 3.49688942e-01 2.94599031e-01] [160.06  120.015  61.235  55.465  61.16   60.065  58.61   58.09   60.56
  83.075  75.2    82.315  92.96   82.665]
Individual regret vector:  [[40.94716081400675, 13.739461450816208, 9.034922663296655, 13.764321947880447, 14.33662497026748, 19.111355047625814, 13.120005853200439, 15.687763967075668, 16.41097643551582, 12.851477311177774, 12.623711823171107, 13.981424811222027, 13.092182039365213]]
KL Divergence Data Individual 0:  [12.043411, 12.3526325, 12.432279, 11.957028, 12.148318, 12.149163, 12.029317, 11.99088, 12.292551, 12.523436]
Expected welfare:  158.85664239198658

ITERATION 14:
[1.00000000e-04 2.43356145e-04 1.83797601e-03 1.26561889e-03
 2.04713443e-03 1.19117461e-03 1.49503271e-03 1.11954183e-03
 1.16181564e-03 4.66299082e-04 5.01303495e-03 5.07398876e-02
 8.16610307e-02 1.32527852e-01 7.19130245e-01] [165.375 120.27   59.325  59.79   59.06   58.83   53.665  57.165  55.6
  82.805  77.54   79.32   93.055  81.415  89.125]
Individual regret vector:  [[40.94716081400675, 13.739461450816208, 9.034922663296655, 13.764321947880447, 14.33662497026748, 19.111355047625814, 13.120005853200439, 15.687763967075668, 16.41097643551582, 12.851477311177774, 12.623711823171107, 13.981424811222027, 13.092182039365213, 9.61167880400673]]
KL Divergence Data Individual 0:  [12.452782, 12.742478, 12.614294, 11.751119, 12.556242, 12.022936, 12.039818, 12.638665, 12.4803, 12.271722]
Expected welfare:  149.58793805272418

ITERATION 15:
[1.00000000e-04 1.11790643e-03 2.91711646e-03 2.54773479e-03
 3.17387383e-03 2.03206240e-03 2.09780023e-03 1.97369528e-03
 2.26805702e-03 1.51276013e-03 9.31662723e-03 5.45092546e-02
 9.91625628e-02 1.33448706e-01 3.66955386e-01 3.16866457e-01] [160.065 118.425  55.785  60.105  57.085  57.77   58.915  62.015  59.34
  76.615  76.915  82.64   94.205  81.045  91.53   78.54 ]
Individual regret vector:  [[40.94716081400675, 13.739461450816208, 9.034922663296655, 13.764321947880447, 14.33662497026748, 19.111355047625814, 13.120005853200439, 15.687763967075668, 16.41097643551582, 12.851477311177774, 12.623711823171107, 13.981424811222027, 13.092182039365213, 9.61167880400673, 10.396030973637906]]
KL Divergence Data Individual 0:  [11.603095, 11.5944195, 11.5756445, 11.690044, 11.547302, 11.622409, 11.583468, 11.405344, 11.820253, 11.462773]
Expected welfare:  159.74867274040832

ITERATION 16:
[1.00000000e-04 1.34424055e-04 4.36595545e-04 4.49314068e-04
 4.03632064e-04 2.41391742e-04 2.17620504e-04 3.74430468e-04
 2.76026416e-04 1.37564612e-04 1.29653668e-03 8.38899534e-03
 3.05108355e-02 4.56058433e-02 1.17190722e-01 2.22403491e-01
 5.71832577e-01] [154.805 111.135  52.96   53.855  56.86   53.82   52.095  53.305  56.64
  77.57   74.905  84.33   90.035  81.435  90.305  72.405  86.135]
Individual regret vector:  [[40.94716081400675, 13.739461450816208, 9.034922663296655, 13.764321947880447, 14.33662497026748, 19.111355047625814, 13.120005853200439, 15.687763967075668, 16.41097643551582, 12.851477311177774, 12.623711823171107, 13.981424811222027, 13.092182039365213, 9.61167880400673, 10.396030973637906, 6.405663629795825]]
KL Divergence Data Individual 0:  [9.049759, 9.762991, 9.8912735, 9.392522, 9.555452, 9.580538, 9.13515, 9.637084, 9.2765665, 9.208455]
Expected welfare:  159.5604345961386

ITERATION 17:
[1.00000000e-04 1.00000000e-04 1.00000000e-04 1.00000000e-04
 1.00000000e-04 1.00000000e-04 1.00000000e-04 1.00000000e-04
 1.00000000e-04 1.00000000e-04 1.57899032e-04 2.39632563e-03
 1.05311450e-02 2.73461969e-02 5.03461354e-02 1.13175903e-01
 3.91981038e-01 4.03065357e-01] [150.105 111.35   55.345  54.985  52.34   58.23   59.305  58.225  57.83
  73.185  75.105  77.91   88.93   87.26   93.4    74.985  85.765  81.12 ]
Individual regret vector:  [[40.94716081400675, 13.739461450816208, 9.034922663296655, 13.764321947880447, 14.33662497026748, 19.111355047625814, 13.120005853200439, 15.687763967075668, 16.41097643551582, 12.851477311177774, 12.623711823171107, 13.981424811222027, 13.092182039365213, 9.61167880400673, 10.396030973637906, 6.405663629795825, 6.589782701930702]]
KL Divergence Data Individual 0:  [9.979177, 9.892526, 9.916264, 10.127754, 9.88985, 10.089101, 9.600627, 9.626829, 10.489519, 9.775287]
Expected welfare:  162.14790721728167

ITERATION 18:
[1.00000000e-04 1.00000000e-04 1.00000000e-04 1.00000000e-04
 1.00000000e-04 1.00000000e-04 1.00000000e-04 1.00000000e-04
 1.00000000e-04 1.00000000e-04 1.00000000e-04 1.22097488e-03
 5.35544059e-03 2.06293453e-02 2.58688007e-02 5.44394627e-02
 2.10845080e-01 2.62252027e-01 4.18288869e-01] [154.79  109.58   54.17   52.555  55.765  55.24   54.95   53.92   55.265
  74.19   73.6    84.335  92.07   87.29   88.805  73.44   86.08   83.185
  81.51 ]
Individual regret vector:  [[40.94716081400675, 13.739461450816208, 9.034922663296655, 13.764321947880447, 14.33662497026748, 19.111355047625814, 13.120005853200439, 15.687763967075668, 16.41097643551582, 12.851477311177774, 12.623711823171107, 13.981424811222027, 13.092182039365213, 9.61167880400673, 10.396030973637906, 6.405663629795825, 6.589782701930702, 5.451046391359185]]
KL Divergence Data Individual 0:  [12.154732, 12.577122, 12.33217, 12.115483, 12.418688, 12.779082, 12.641735, 12.469675, 12.460856, 12.274581]
Expected welfare:  163.16267836789692

ITERATION 19:
[1.00000000e-04 1.00000000e-04 1.00000000e-04 1.30584318e-04
 1.00000000e-04 1.00000000e-04 1.00000000e-04 1.00000000e-04
 1.00000000e-04 1.00000000e-04 1.00000000e-04 1.02135592e-03
 4.56358160e-03 1.57621621e-02 2.26297553e-02 3.42900737e-02
 1.67764668e-01 1.77702337e-01 3.27537125e-01 2.47598357e-01] [159.315 111.71   58.175  55.6    55.14   57.615  56.075  52.445  54.57
  73.08   73.05   81.405  92.015  86.485  90.28   77.82   88.55   82.34
  81.215  83.13 ]
Individual regret vector:  [[40.94716081400675, 13.739461450816208, 9.034922663296655, 13.764321947880447, 14.33662497026748, 19.111355047625814, 13.120005853200439, 15.687763967075668, 16.41097643551582, 12.851477311177774, 12.623711823171107, 13.981424811222027, 13.092182039365213, 9.61167880400673, 10.396030973637906, 6.405663629795825, 6.589782701930702, 5.451046391359185, 5.283660816051537]]
KL Divergence Data Individual 0:  [11.957228, 12.230306, 12.188177, 11.993036, 12.329032, 12.319904, 12.254066, 12.144687, 12.547157, 11.887403]
Expected welfare:  163.66942670303962

ITERATION 20:
[1.00000000e-04 1.05995402e-04 2.63640908e-04 3.11598478e-04
 2.03993571e-04 1.53498307e-04 2.17657013e-04 2.25528162e-04
 2.13991060e-04 1.00000000e-04 2.62065142e-04 1.88609988e-03
 6.63171439e-03 1.88606549e-02 2.28775350e-02 2.72983726e-02
 1.35956044e-01 1.26433742e-01 2.34450416e-01 1.79405842e-01
 2.44041612e-01] [149.86  111.04   56.855  54.77   56.025  55.905  53.16   56.86   55.925
  72.355  68.735  80.03   93.94   86.31   89.275  77.585  84.72   79.68
  82.44   83.02   80.475]
Individual regret vector:  [[40.94716081400675, 13.739461450816208, 9.034922663296655, 13.764321947880447, 14.33662497026748, 19.111355047625814, 13.120005853200439, 15.687763967075668, 16.41097643551582, 12.851477311177774, 12.623711823171107, 13.981424811222027, 13.092182039365213, 9.61167880400673, 10.396030973637906, 6.405663629795825, 6.589782701930702, 5.451046391359185, 5.283660816051537, 5.635286648480189]]
KL Divergence Data Individual 0:  [11.7565155, 12.282502, 12.02457, 11.89911, 12.2884445, 11.729943, 12.166485, 12.165215, 11.9231205, 11.842017]
Expected welfare:  163.62245684241546

TRIAL 3:

ITERATION 0:
KL Divergence Data Individual 0:  [6.2127, 6.504658, 6.5668373, 6.5605865, 6.637389, 6.7958403, 6.6406317, 6.232121, 6.4407625, 6.6833534]
Expected welfare:  193.13009766362305

ITERATION 1:
[0.05096068 0.94903932] [176.725 134.9  ]
Individual regret vector:  [[40.466381580632955]]
KL Divergence Data Individual 0:  [9.048541, 8.991778, 8.858858, 8.76861, 8.711429, 8.741313, 8.840181, 9.063847, 9.050019, 9.013412]
Expected welfare:  144.74813469807518

ITERATION 2:
[0.01026693 0.35475232 0.63498074] [148.75 116.76  77.89]
Individual regret vector:  [[40.466381580632955, 21.495932650962416]]
KL Divergence Data Individual 0:  [9.197573, 9.358474, 8.882445, 9.0982895, 9.207171, 9.034595, 8.774501, 9.078166, 9.226489, 9.192743]
Expected welfare:  140.79067078934324

ITERATION 3:
[0.00131649 0.14354019 0.38991075 0.46523257] [154.72  118.46   80.48  100.465]
Individual regret vector:  [[40.466381580632955, 21.495932650962416, 28.509664605328396]]
KL Divergence Data Individual 0:  [10.706945, 10.476964, 10.0750475, 10.535166, 10.582268, 10.367547, 10.724338, 10.008105, 9.987308, 10.2403]
Expected welfare:  160.14715267417128

ITERATION 4:
[1.00000000e-04 2.16163636e-02 1.39873242e-01 1.00245924e-01
 7.38164470e-01] [174.205 131.395  48.92   99.465 102.86 ]
Individual regret vector:  [[40.466381580632955, 21.495932650962416, 28.509664605328396, 16.22142366291436]]
KL Divergence Data Individual 0:  [11.047696, 11.297603, 11.217443, 11.159778, 11.213906, 11.448318, 11.48449, 11.244966, 11.262303, 11.71449]
Expected welfare:  146.63663179959485

ITERATION 5:
[1.00000000e-04 3.27811433e-02 6.93176322e-02 9.01564632e-02
 4.81166400e-01 3.26478361e-01] [167.565 123.975  69.665  96.61  100.665  65.695]
Individual regret vector:  [[40.466381580632955, 21.495932650962416, 28.509664605328396, 16.22142366291436, 18.351684100202576]]
KL Divergence Data Individual 0:  [11.515306, 11.681618, 11.4869375, 11.621603, 11.200305, 11.679009, 11.661745, 11.609075, 11.37557, 11.576005]
Expected welfare:  143.30567252103128

ITERATION 6:
[1.00000000e-04 2.50336449e-02 4.06795691e-02 5.50704995e-02
 2.98810258e-01 2.10438890e-01 3.69867138e-01] [163.425 114.995  65.525  92.875  97.94   72.845  80.635]
Individual regret vector:  [[40.466381580632955, 21.495932650962416, 28.509664605328396, 16.22142366291436, 18.351684100202576, 15.102163739484354]]
KL Divergence Data Individual 0:  [11.810038, 11.62302, 11.806039, 11.918154, 12.11175, 12.132379, 11.932042, 11.897421, 12.062101, 12.104657]
Expected welfare:  153.98442131032886

ITERATION 7:
[1.00000000e-04 5.39389457e-03 8.72503784e-03 1.30844390e-02
 1.16708784e-01 1.36986145e-01 2.73115886e-01 4.45885814e-01] [166.935 122.135  56.29   93.935 101.415  48.     79.21   94.795]
Individual regret vector:  [[40.466381580632955, 21.495932650962416, 28.509664605328396, 16.22142366291436, 18.351684100202576, 15.102163739484354, 9.167789344835569]]
KL Divergence Data Individual 0:  [11.942284, 12.157511, 12.115553, 12.182252, 12.164567, 11.933655, 12.420829, 12.118806, 12.465713, 12.164876]
Expected welfare:  153.73257859339472

ITERATION 8:
[1.00000000e-04 6.96366533e-03 7.68380457e-03 1.48955195e-02
 8.57474590e-02 6.55100852e-02 2.16031122e-01 3.21234560e-01
 2.81833784e-01] [163.435 116.745  67.44   90.925  96.065  71.33   71.05   92.345  80.75 ]
Individual regret vector:  [[40.466381580632955, 21.495932650962416, 28.509664605328396, 16.22142366291436, 18.351684100202576, 15.102163739484354, 9.167789344835569, 9.64871070330264]]
KL Divergence Data Individual 0:  [11.149249, 11.321617, 11.681301, 11.237236, 11.567617, 11.389786, 11.397503, 11.566765, 11.260097, 11.487482]
Expected welfare:  159.02414080925135

ITERATION 9:
[1.00000000e-04 2.98992389e-03 3.36653785e-03 6.23278804e-03
 4.60853954e-02 3.95246533e-02 1.33732696e-01 2.06836608e-01
 2.47965710e-01 3.13165687e-01] [163.355 118.825  65.84   91.635  95.125  68.485  73.125  89.37   80.83
  79.965]
Individual regret vector:  [[40.466381580632955, 21.495932650962416, 28.509664605328396, 16.22142366291436, 18.351684100202576, 15.102163739484354, 9.167789344835569, 9.64871070330264, 5.967929595374343]]
KL Divergence Data Individual 0:  [11.014115, 11.194019, 11.274476, 11.149114, 11.062106, 11.509261, 10.682378, 11.414213, 10.861207, 10.958362]
Expected welfare:  159.33384387854935

ITERATION 10:
[1.00000000e-04 5.39632389e-03 5.95826558e-03 9.58315606e-03
 4.73622789e-02 4.95065521e-02 1.10595634e-01 1.57608499e-01
 1.96634597e-01 2.20748778e-01 1.96505916e-01] [163.015 116.365  67.505  89.64   94.13   69.395  72.285  90.015  80.995
  83.335  81.79 ]
Individual regret vector:  [[40.466381580632955, 21.495932650962416, 28.509664605328396, 16.22142366291436, 18.351684100202576, 15.102163739484354, 9.167789344835569, 9.64871070330264, 5.967929595374343, 6.053078060725326]]
KL Divergence Data Individual 0:  [11.814459, 11.584339, 11.673325, 11.529879, 11.625077, 11.199322, 11.246203, 11.155303, 11.264772, 11.631505]
Expected welfare:  159.76622272719007

ITERATION 11:
[1.00000000e-04 7.37786907e-03 8.51804183e-03 1.18722135e-02
 4.73050889e-02 4.85254443e-02 9.82544785e-02 1.30957008e-01
 1.63969589e-01 1.72504257e-01 1.56708976e-01 1.53907034e-01] [157.575 117.45   59.085  86.38   94.025  59.775  74.34   90.205  71.01
  89.16   90.525  92.325]
Individual regret vector:  [[40.466381580632955, 21.495932650962416, 28.509664605328396, 16.22142366291436, 18.351684100202576, 15.102163739484354, 9.167789344835569, 9.64871070330264, 5.967929595374343, 6.053078060725326, 6.756888636404952]]
KL Divergence Data Individual 0:  [11.74674, 11.56531, 11.204624, 11.926683, 11.541557, 11.762275, 11.676832, 11.643015, 11.578626, 11.712882]
Expected welfare:  161.4880897641974

ITERATION 12:
[1.00000000e-04 3.43517341e-03 3.78787373e-03 6.31620750e-03
 2.99244487e-02 2.98059106e-02 6.96502878e-02 1.04426984e-01
 1.47855604e-01 1.62789548e-01 1.43107681e-01 1.38858388e-01
 1.59941893e-01] [159.79  113.66   64.89   82.665  89.88   66.14   73.35   89.635  76.165
  89.93   90.86   90.315  83.76 ]
Individual regret vector:  [[40.466381580632955, 21.495932650962416, 28.509664605328396, 16.22142366291436, 18.351684100202576, 15.102163739484354, 9.167789344835569, 9.64871070330264, 5.967929595374343, 6.053078060725326, 6.756888636404952, 5.455955117901283]]
KL Divergence Data Individual 0:  [10.8312025, 10.509359, 10.547289, 10.669047, 11.160846, 11.076293, 10.902695, 11.084473, 10.549285, 10.385139]
Expected welfare:  163.87030032013786

ITERATION 13:
[1.00000000e-04 1.05025935e-03 1.30619659e-03 2.56812946e-03
 1.55128239e-02 1.58035772e-02 4.61114039e-02 7.16965522e-02
 1.49915837e-01 1.36560371e-01 1.23649148e-01 1.18136025e-01
 1.42308469e-01 1.75281207e-01] [155.525 109.64   54.345  77.49   82.55   50.825  68.835  90.32   76.1
  90.835  89.785  91.835  87.535  87.855]
Individual regret vector:  [[40.466381580632955, 21.495932650962416, 28.509664605328396, 16.22142366291436, 18.351684100202576, 15.102163739484354, 9.167789344835569, 9.64871070330264, 5.967929595374343, 6.053078060725326, 6.756888636404952, 5.455955117901283, 5.094849839931072]]
KL Divergence Data Individual 0:  [11.297205, 11.359917, 11.364083, 11.360538, 11.283663, 12.07234, 11.687943, 11.576886, 11.784458, 11.678074]
Expected welfare:  167.32002081634013

ITERATION 14:
[1.00000000e-04 1.00000000e-04 1.00000000e-04 1.00000000e-04
 8.68133702e-04 2.30682166e-04 4.96206666e-03 1.78710975e-02
 8.10926213e-02 9.16747062e-02 8.55975060e-02 7.45191869e-02
 1.32334927e-01 2.05919422e-01 3.04529650e-01] [158.75  109.41   58.79   77.05   81.98   56.955  68.645  90.575  71.69
  89.32   88.175  87.955  86.185  87.25   81.71 ]
Individual regret vector:  [[40.466381580632955, 21.495932650962416, 28.509664605328396, 16.22142366291436, 18.351684100202576, 15.102163739484354, 9.167789344835569, 9.64871070330264, 5.967929595374343, 6.053078060725326, 6.756888636404952, 5.455955117901283, 5.094849839931072, 6.349989591829939]]
KL Divergence Data Individual 0:  [13.859164, 13.743007, 13.836802, 14.260235, 14.250748, 14.056744, 13.999274, 14.2759, 13.725369, 13.989333]
Expected welfare:  166.7226956462796

ITERATION 15:
[1.00000000e-04 1.00000000e-04 1.00000000e-04 1.00000000e-04
 2.80908417e-03 1.02488174e-03 8.26086919e-03 2.60603088e-02
 6.84399080e-02 9.50872759e-02 8.89747986e-02 8.52295238e-02
 1.27929145e-01 1.55905197e-01 1.98016524e-01 1.41862484e-01] [154.965 107.745  63.195  74.855  81.47   64.905  71.585  88.66   82.095
  89.16   89.815  88.96   87.785  87.245  89.91   86.005]
Individual regret vector:  [[40.466381580632955, 21.495932650962416, 28.509664605328396, 16.22142366291436, 18.351684100202576, 15.102163739484354, 9.167789344835569, 9.64871070330264, 5.967929595374343, 6.053078060725326, 6.756888636404952, 5.455955117901283, 5.094849839931072, 6.349989591829939, 7.02365217686021]]
KL Divergence Data Individual 0:  [12.388788, 12.020991, 12.242941, 12.089388, 11.937423, 12.353259, 12.184989, 12.020988, 12.378382, 12.248493]
Expected welfare:  167.36519975938063

ITERATION 16:
[1.00000000e-04 1.00000000e-04 1.00000000e-04 1.00000000e-04
 1.81454531e-03 2.41836448e-04 3.97889528e-03 1.25452158e-02
 4.84505578e-02 6.15196066e-02 6.30775466e-02 6.23519210e-02
 8.41026301e-02 1.01705742e-01 1.55197477e-01 1.18132864e-01
 2.86481162e-01] [150.68  106.075  63.375  75.835  82.085  67.375  71.11   88.385  85.91
  90.705  91.075  87.975  86.67   88.485  88.895  87.665  83.495]
Individual regret vector:  [[40.466381580632955, 21.495932650962416, 28.509664605328396, 16.22142366291436, 18.351684100202576, 15.102163739484354, 9.167789344835569, 9.64871070330264, 5.967929595374343, 6.053078060725326, 6.756888636404952, 5.455955117901283, 5.094849839931072, 6.349989591829939, 7.02365217686021, 6.267400120309688]]
KL Divergence Data Individual 0:  [11.604377, 11.454299, 10.818788, 11.19326, 11.646702, 11.046639, 11.617654, 11.473768, 11.62955, 11.701818]
Expected welfare:  167.31295406753242

ITERATION 17:
[1.00000000e-04 1.00000000e-04 1.00000000e-04 1.59770202e-04
 4.54360658e-03 9.23570378e-04 5.65612663e-03 1.91058674e-02
 5.34152132e-02 5.52316840e-02 5.58940356e-02 6.52982009e-02
 7.96692004e-02 8.62387017e-02 1.19181814e-01 9.04008562e-02
 1.59603092e-01 2.04378260e-01] [156.755 105.93   59.995  73.36   82.59   65.22   69.91   88.305  83.415
  87.535  90.98   91.755  85.65   88.25   87.23   87.28   82.595  81.35 ]
Individual regret vector:  [[40.466381580632955, 21.495932650962416, 28.509664605328396, 16.22142366291436, 18.351684100202576, 15.102163739484354, 9.167789344835569, 9.64871070330264, 5.967929595374343, 6.053078060725326, 6.756888636404952, 5.455955117901283, 5.094849839931072, 6.349989591829939, 7.02365217686021, 6.267400120309688, 5.868522966233797]]
KL Divergence Data Individual 0:  [11.892815, 11.840408, 12.189742, 11.868023, 11.779625, 11.977354, 11.820084, 11.940472, 11.953289, 11.561422]
Expected welfare:  166.42946176744644

ITERATION 18:
[1.00000000e-04 2.86041969e-04 2.69727446e-04 1.06212827e-03
 1.05478472e-02 3.63654993e-03 1.24263270e-02 3.08679779e-02
 6.42498666e-02 6.26062196e-02 6.14183228e-02 6.69740460e-02
 7.37097796e-02 8.24830510e-02 9.02975579e-02 7.91384470e-02
 1.14480720e-01 1.26910447e-01 1.18534943e-01] [148.535 107.23   62.055  73.295  81.905  67.84   69.195  88.43   82.485
  89.735  88.96   87.39   86.235  88.925  88.085  86.87   80.87   83.62
  84.125]
Individual regret vector:  [[40.466381580632955, 21.495932650962416, 28.509664605328396, 16.22142366291436, 18.351684100202576, 15.102163739484354, 9.167789344835569, 9.64871070330264, 5.967929595374343, 6.053078060725326, 6.756888636404952, 5.455955117901283, 5.094849839931072, 6.349989591829939, 7.02365217686021, 6.267400120309688, 5.868522966233797, 7.480269116276787]]
KL Divergence Data Individual 0:  [11.673103, 11.270733, 11.779381, 11.030264, 11.196566, 11.66373, 11.054714, 11.627474, 11.369169, 10.903635]
Expected welfare:  166.74986007044294

ITERATION 19:
[1.00000000e-04 1.00000000e-04 1.00000000e-04 4.98405855e-04
 8.10535376e-03 1.73739114e-03 6.39743356e-03 2.32835257e-02
 5.70764552e-02 4.83473680e-02 4.93491945e-02 5.59358135e-02
 5.60646861e-02 7.02527694e-02 8.21046275e-02 7.07406846e-02
 1.11645384e-01 1.17676547e-01 1.16012279e-01 1.24472081e-01] [161.725 105.465  59.84   76.23   80.31   63.64   71.495  91.185  81.34
  88.8    88.56   88.305  86.325  86.83   87.21   86.065  79.54   80.71
  82.84   81.94 ]
Individual regret vector:  [[40.466381580632955, 21.495932650962416, 28.509664605328396, 16.22142366291436, 18.351684100202576, 15.102163739484354, 9.167789344835569, 9.64871070330264, 5.967929595374343, 6.053078060725326, 6.756888636404952, 5.455955117901283, 5.094849839931072, 6.349989591829939, 7.02365217686021, 6.267400120309688, 5.868522966233797, 7.480269116276787, 8.865069964778527]]
KL Divergence Data Individual 0:  [11.248434, 11.0735445, 11.029732, 11.130616, 10.800718, 10.974517, 11.338077, 11.315839, 11.368685, 11.21237]
Expected welfare:  166.76620468869334

ITERATION 20:
[1.00000000e-04 1.00000000e-04 1.00000000e-04 2.97833367e-04
 6.93599166e-03 9.18895898e-04 3.73496288e-03 1.75792299e-02
 4.77760121e-02 3.96154861e-02 4.33116414e-02 4.75447532e-02
 4.96174936e-02 6.24491425e-02 7.53972164e-02 6.89324628e-02
 1.13545609e-01 1.08382154e-01 1.06083969e-01 1.24041759e-01
 8.35353864e-02] [158.445 110.565  58.79   69.155  91.24   61.84   75.395  93.     78.16
  85.61   89.425  94.185  86.275  92.695  86.52   81.54   91.495  88.69
  88.645  90.47   86.085]
Individual regret vector:  [[40.466381580632955, 21.495932650962416, 28.509664605328396, 16.22142366291436, 18.351684100202576, 15.102163739484354, 9.167789344835569, 9.64871070330264, 5.967929595374343, 6.053078060725326, 6.756888636404952, 5.455955117901283, 5.094849839931072, 6.349989591829939, 7.02365217686021, 6.267400120309688, 5.868522966233797, 7.480269116276787, 8.865069964778527, 6.70189765565334]]
KL Divergence Data Individual 0:  [11.73258, 11.73594, 11.537339, 11.633486, 10.867925, 11.62991, 11.645238, 11.158879, 11.675422, 11.848891]
Expected welfare:  163.32105407153358

TRIAL 4:

ITERATION 0:
KL Divergence Data Individual 0:  [8.392868, 8.362313, 8.44817, 8.41833, 8.5311, 8.64415, 8.450944, 8.528804, 8.713286, 8.587601]
Expected welfare:  189.1624324155477

ITERATION 1:
[0.05086361 0.94913639] [175.745 126.285]
Individual regret vector:  [[34.54878379222616]]
KL Divergence Data Individual 0:  [9.838941, 9.904209, 9.576842, 9.646546, 9.785367, 9.839965, 10.000076, 10.000186, 9.665676, 9.843582]
Expected welfare:  157.16155710406125

ITERATION 2:
[0.00521789 0.33177951 0.6630026 ] [168.15  113.36   89.825]
Individual regret vector:  [[34.54878379222616, 19.46134346567071]]
KL Divergence Data Individual 0:  [11.187102, 11.001485, 11.336396, 11.303115, 11.248015, 11.356093, 11.341475, 11.080127, 11.117809, 11.328488]
Expected welfare:  151.63415073882274

ITERATION 3:
[0.00729183 0.20368573 0.42817755 0.3608449 ] [161.7   117.35   79.095  78.47 ]
Individual regret vector:  [[34.54878379222616, 19.46134346567071, 13.537924630588634]]
KL Divergence Data Individual 0:  [10.709275, 10.558797, 10.815089, 10.848015, 10.685212, 10.674558, 10.721336, 10.919568, 10.562024, 10.615185]
Expected welfare:  152.96159703635377

ITERATION 4:
[0.00138177 0.09230574 0.31068167 0.24657918 0.34905165] [157.695 117.085  83.335  75.68   78.825]
Individual regret vector:  [[34.54878379222616, 19.46134346567071, 13.537924630588634, 8.389201481823122]]
KL Divergence Data Individual 0:  [12.684962, 12.722679, 12.63115, 12.6783495, 12.864009, 12.794252, 12.713758, 12.61903, 12.95459, 12.870654]
Expected welfare:  156.5493280492292

ITERATION 5:
[0.0076337  0.10523186 0.23082281 0.19535751 0.23000848 0.23094564] [159.245 119.02   80.97   76.095  78.72   74.66 ]
Individual regret vector:  [[34.54878379222616, 19.46134346567071, 13.537924630588634, 8.389201481823122, 6.4653359753854005]]
KL Divergence Data Individual 0:  [12.358482, 12.084233, 11.922111, 12.066144, 12.068608, 11.834271, 12.187099, 11.876683, 12.022981, 11.972026]
Expected welfare:  157.23958224029673

ITERATION 6:
[0.01312023 0.0994854  0.18610266 0.16253886 0.17835307 0.17849569
 0.18190408] [164.5   115.4    59.905  80.865  90.875  94.315  94.625]
Individual regret vector:  [[34.54878379222616, 19.46134346567071, 13.537924630588634, 8.389201481823122, 6.4653359753854005, 10.635208879851618]]
KL Divergence Data Individual 0:  [12.176088, 12.160009, 12.099879, 12.19422, 12.22216, 11.974776, 12.10596, 12.389132, 12.195317, 12.294326]
Expected welfare:  151.25892376986977

ITERATION 7:
[0.003374   0.06404928 0.14254674 0.13816424 0.15632728 0.16146662
 0.1610619  0.17300993] [166.96  117.01   64.345  83.23   92.515  91.59   94.445  41.91 ]
Individual regret vector:  [[34.54878379222616, 19.46134346567071, 13.537924630588634, 8.389201481823122, 6.4653359753854005, 10.635208879851618, 4.813531553933629]]
KL Divergence Data Individual 0:  [12.376647, 12.628273, 12.350951, 12.3050785, 12.45296, 12.130163, 12.441208, 12.563756, 12.518454, 12.384416]
Expected welfare:  149.09263606935778

ITERATION 8:
[0.01232765 0.07953646 0.11999489 0.12531652 0.13268232 0.13394496
 0.13485154 0.12782811 0.13351755] [169.855 117.985  80.885  84.235  86.72   88.09   89.84   65.725  66.   ]
Individual regret vector:  [[34.54878379222616, 19.46134346567071, 13.537924630588634, 8.389201481823122, 6.4653359753854005, 10.635208879851618, 4.813531553933629, 9.827673353051068]]
KL Divergence Data Individual 0:  [12.512585, 12.561328, 12.483126, 12.526998, 12.759697, 12.516176, 12.50093, 12.431615, 12.823134, 12.471998]
Expected welfare:  148.8298311871637

ITERATION 9:
[1.00000000e-04 1.31843494e-03 3.27999625e-02 5.95454485e-02
 7.25826643e-02 9.32598769e-02 9.52150661e-02 9.20326660e-02
 1.26350031e-01 4.26795850e-01] [145.32  105.165  80.77   64.725  91.28   89.58   89.295  69.675  69.59
  88.34 ]
Individual regret vector:  [[34.54878379222616, 19.46134346567071, 13.537924630588634, 8.389201481823122, 6.4653359753854005, 10.635208879851618, 4.813531553933629, 9.827673353051068, 9.745084406418144]]
KL Divergence Data Individual 0:  [13.336668, 13.167014, 13.294487, 13.286304, 13.256153, 13.36277, 13.329814, 13.050791, 13.178316, 13.425661]
Expected welfare:  146.8657815092229

ITERATION 10:
[1.00000000e-04 2.03084824e-03 3.12153690e-02 3.58848304e-02
 7.42998241e-02 8.48485231e-02 8.90521670e-02 7.64743957e-02
 9.74941242e-02 3.15485160e-01 1.93114758e-01] [139.99  105.785  72.795  78.01   89.92   86.91   88.99   68.91   66.93
  86.21   66.405]
Individual regret vector:  [[34.54878379222616, 19.46134346567071, 13.537924630588634, 8.389201481823122, 6.4653359753854005, 10.635208879851618, 4.813531553933629, 9.827673353051068, 9.745084406418144, 7.527109245388559]]
KL Divergence Data Individual 0:  [11.967574, 12.316194, 12.123817, 11.838957, 12.019916, 12.177584, 12.100464, 12.0288725, 12.092833, 12.400452]
Expected welfare:  147.9864191147267

ITERATION 11:
[1.00000000e-04 6.88180080e-04 1.28316855e-02 1.41952279e-02
 4.34954167e-02 5.39115798e-02 4.80419934e-02 4.89436272e-02
 5.40509378e-02 2.76007327e-01 1.39903430e-01 3.07830594e-01] [131.22  100.405  70.835  87.335  90.755  89.255  88.75   61.075  58.38
  89.31   70.46   83.29 ]
Individual regret vector:  [[34.54878379222616, 19.46134346567071, 13.537924630588634, 8.389201481823122, 6.4653359753854005, 10.635208879851618, 4.813531553933629, 9.827673353051068, 9.745084406418144, 7.527109245388559, 10.551790442636673]]
KL Divergence Data Individual 0:  [11.459113, 11.647552, 11.681971, 11.795416, 11.484138, 11.883891, 11.460936, 11.4437475, 11.386897, 11.264918]
Expected welfare:  152.3151856230429

ITERATION 12:
[1.00000000e-04 1.00000000e-04 1.57178617e-03 3.42321177e-03
 1.41512390e-02 1.55306268e-02 1.53702493e-02 9.71977295e-03
 7.23486756e-03 1.09807543e-01 4.07744561e-02 1.72490135e-01
 6.09726112e-01] [132.43  100.74   67.035  85.795  90.12   91.05   89.475  58.475  57.415
  90.     72.42   83.53   76.355]
Individual regret vector:  [[34.54878379222616, 19.46134346567071, 13.537924630588634, 8.389201481823122, 6.4653359753854005, 10.635208879851618, 4.813531553933629, 9.827673353051068, 9.745084406418144, 7.527109245388559, 10.551790442636673, 6.0474071884785445]]
KL Divergence Data Individual 0:  [12.485517, 12.681395, 12.433995, 12.623622, 12.282756, 12.458652, 12.461779, 12.483837, 12.190646, 12.299857]
Expected welfare:  152.19036801757406

ITERATION 13:
[1.00000000e-04 2.24711134e-04 2.81779547e-03 6.34489988e-03
 1.71177644e-02 1.86631869e-02 2.02445866e-02 8.40107552e-03
 7.83629452e-03 8.42539760e-02 3.95826135e-02 1.23203409e-01
 3.23950653e-01 3.47259034e-01] [140.445 102.765  64.025  79.855  84.255  85.005  86.49   50.28   51.68
  85.34   59.45   84.485  79.65   79.75 ]
Individual regret vector:  [[34.54878379222616, 19.46134346567071, 13.537924630588634, 8.389201481823122, 6.4653359753854005, 10.635208879851618, 4.813531553933629, 9.827673353051068, 9.745084406418144, 7.527109245388559, 10.551790442636673, 6.0474071884785445, 8.094815991212968]]
KL Divergence Data Individual 0:  [11.620692, 11.931417, 11.617844, 11.895164, 11.773772, 11.860442, 11.607461, 11.657925, 11.593045, 11.8059225]
Expected welfare:  151.82740043289596

ITERATION 14:
[1.00000000e-04 1.85484737e-04 1.63153759e-03 5.77538471e-03
 1.33771349e-02 1.34517484e-02 1.80191071e-02 3.84812821e-03
 3.42352578e-03 5.88093451e-02 1.87692027e-02 9.73361163e-02
 2.97590648e-01 2.74938659e-01 1.92743978e-01] [135.83  107.43   66.365  74.14   89.15   88.01   89.795  55.89   49.075
  89.295  54.51   78.365  81.685  81.845  72.73 ]
Individual regret vector:  [[34.54878379222616, 19.46134346567071, 13.537924630588634, 8.389201481823122, 6.4653359753854005, 10.635208879851618, 4.813531553933629, 9.827673353051068, 9.745084406418144, 7.527109245388559, 10.551790442636673, 6.0474071884785445, 8.094815991212968, 10.191299783552026]]
KL Divergence Data Individual 0:  [11.533175, 11.285877, 11.250619, 11.482455, 11.29973, 11.386202, 11.102279, 11.114923, 11.378972, 11.517436]
Expected welfare:  148.98620387405242

ITERATION 15:
[1.00000000e-04 8.00680000e-04 3.85535132e-03 9.92178500e-03
 2.25786808e-02 2.25285611e-02 2.64282853e-02 7.20252642e-03
 6.29120085e-03 6.52856320e-02 2.04468002e-02 9.03929823e-02
 2.25788400e-01 2.12072348e-01 1.40055211e-01 1.46251555e-01] [159.085 109.215  63.565  85.7    88.03   87.355  90.94   50.345  50.725
  88.735  56.81   86.55   84.035  82.48   78.08   68.54 ]
Individual regret vector:  [[34.54878379222616, 19.46134346567071, 13.537924630588634, 8.389201481823122, 6.4653359753854005, 10.635208879851618, 4.813531553933629, 9.827673353051068, 9.745084406418144, 7.527109245388559, 10.551790442636673, 6.0474071884785445, 8.094815991212968, 10.191299783552026, 8.116898062973789]]
KL Divergence Data Individual 0:  [10.110472, 10.481921, 10.58494, 10.574264, 10.230329, 10.724344, 10.821373, 10.668256, 10.3656845, 10.866314]
Expected welfare:  152.31380203625974

ITERATION 16:
[1.00000000e-04 1.00000000e-04 1.00000000e-04 1.40622310e-03
 3.31514225e-03 3.40048385e-03 5.83798441e-03 1.00000000e-04
 1.00000000e-04 1.41525821e-02 6.10858329e-04 3.03968898e-02
 1.57145266e-01 1.74029146e-01 1.03998136e-01 1.16584274e-01
 3.88623015e-01] [149.715 105.725  66.21   68.615  87.76   83.305  82.74   52.55   52.725
  90.065  54.875  82.075  81.99   84.93   85.165  71.625  83.72 ]
Individual regret vector:  [[34.54878379222616, 19.46134346567071, 13.537924630588634, 8.389201481823122, 6.4653359753854005, 10.635208879851618, 4.813531553933629, 9.827673353051068, 9.745084406418144, 7.527109245388559, 10.551790442636673, 6.0474071884785445, 8.094815991212968, 10.191299783552026, 8.116898062973789, 8.628098981870139]]
KL Divergence Data Individual 0:  [10.270132, 9.987302, 9.955341, 10.0993595, 10.32553, 9.87316, 9.968531, 10.12909, 10.309629, 9.921378]
Expected welfare:  154.60956402583645

ITERATION 17:
[1.00000000e-04 1.00000000e-04 1.00000000e-04 1.73320052e-04
 1.30740926e-03 1.31174970e-03 1.78893867e-03 1.00000000e-04
 1.00000000e-04 6.04345034e-03 1.00000000e-04 1.31651552e-02
 7.56362723e-02 7.47676895e-02 6.35390798e-02 5.25155330e-02
 3.05519923e-01 4.03631479e-01] [153.34  106.7    57.205  71.15   81.115  79.565  78.965  46.57   44.07
  81.93   54.84   84.465  85.475  82.555  87.565  72.995  82.95   83.505]
Individual regret vector:  [[34.54878379222616, 19.46134346567071, 13.537924630588634, 8.389201481823122, 6.4653359753854005, 10.635208879851618, 4.813531553933629, 9.827673353051068, 9.745084406418144, 7.527109245388559, 10.551790442636673, 6.0474071884785445, 8.094815991212968, 10.191299783552026, 8.116898062973789, 8.628098981870139, 7.755217987081778]]
KL Divergence Data Individual 0:  [12.353506, 12.521106, 12.474012, 12.344991, 12.336071, 12.720514, 12.246845, 12.132019, 12.500954, 12.234748]
Expected welfare:  154.86733514815614

ITERATION 18:
[1.00000000e-04 1.00000000e-04 1.00000000e-04 1.00000000e-04
 1.10574076e-04 1.29790844e-04 2.37773929e-04 1.00000000e-04
 1.00000000e-04 8.84682480e-04 1.00000000e-04 2.72347031e-03
 1.89263791e-02 1.57012335e-02 2.84456437e-02 1.10031547e-02
 1.26632667e-01 2.75090764e-01 5.19413867e-01] [144.48  107.245  51.51   62.235  75.41   76.195  76.81   51.54   55.92
  84.66   56.74   88.99   88.225  85.285  84.385  66.62   85.645  86.435
  84.99 ]
Individual regret vector:  [[34.54878379222616, 19.46134346567071, 13.537924630588634, 8.389201481823122, 6.4653359753854005, 10.635208879851618, 4.813531553933629, 9.827673353051068, 9.745084406418144, 7.527109245388559, 10.551790442636673, 6.0474071884785445, 8.094815991212968, 10.191299783552026, 8.116898062973789, 8.628098981870139, 7.755217987081778, 9.926332425921927]]
KL Divergence Data Individual 0:  [11.136249, 10.944445, 10.8932295, 11.014161, 10.995037, 10.83501, 11.221576, 10.938364, 11.033367, 10.940523]
Expected welfare:  152.66893292628887

ITERATION 19:
[1.00000000e-04 1.00000000e-04 1.00000000e-04 1.00000000e-04
 2.28896367e-04 2.28043961e-04 4.05819421e-04 1.00000000e-04
 1.00000000e-04 1.49106917e-03 1.00000000e-04 4.20813426e-03
 1.86327004e-02 1.73038848e-02 2.75111708e-02 1.21260004e-02
 1.28483686e-01 2.49612126e-01 3.41485959e-01 1.97582509e-01] [138.27  105.065  59.335  74.785  80.325  82.235  78.725  48.19   44.8
  81.48   58.9    87.195  80.105  83.505  84.01   75.225  83.875  82.975
  77.19   72.88 ]
Individual regret vector:  [[34.54878379222616, 19.46134346567071, 13.537924630588634, 8.389201481823122, 6.4653359753854005, 10.635208879851618, 4.813531553933629, 9.827673353051068, 9.745084406418144, 7.527109245388559, 10.551790442636673, 6.0474071884785445, 8.094815991212968, 10.191299783552026, 8.116898062973789, 8.628098981870139, 7.755217987081778, 9.926332425921927, 6.290533536855563]]
KL Divergence Data Individual 0:  [11.900552, 11.324306, 11.818663, 11.487169, 11.725686, 11.73381, 11.793002, 11.661427, 11.917838, 11.379651]
Expected welfare:  152.05504922126852

Calculating alternate RRD Welfares
Traceback (most recent call last):
  File "/home/anrigu/srg_research/open_spiel/./open_spiel/python/examples/data/analyze.py", line 355, in <module>
    app.run(main)
  File "/home/anrigu/.local/lib/python3.10/site-packages/absl/app.py", line 308, in run
    _run_main(main, args)
  File "/home/anrigu/.local/lib/python3.10/site-packages/absl/app.py", line 254, in _run_main
    sys.exit(main(argv))
  File "/home/anrigu/srg_research/open_spiel/./open_spiel/python/examples/data/analyze.py", line 350, in main
    print(welfare_runner([utilities[0], utilities[1]]))
NameError: name 'welfare_runner' is not defined
