Job Id listed below:
56105392

Lmod is automatically replacing "clang/2022.1.2" with "intel/2022.1.2".


Lmod is automatically replacing "gcc/10.3.0" with "clang/2022.1.2".

-------------------------------------------------------------------------------
The following dependent module(s) are not currently loaded: gcc/10.3.0 (required by: python/3.10.4)
-------------------------------------------------------------------------------

Lmod is automatically replacing "clang/2022.1.2" with "gcc/10.3.0".

2023-07-19 22:50:37.652258: I tensorflow/core/platform/cpu_feature_guard.cc:182] This TensorFlow binary is optimized to use available CPU instructions in performance-critical operations.
To enable the following instructions: AVX2 AVX512F FMA, in other operations, rebuild TensorFlow with the appropriate compiler flags.
2023-07-19 22:50:40.083976: W tensorflow/compiler/tf2tensorrt/utils/py_utils.cc:38] TF-TRT Warning: Could not find TensorRT
WARNING:tensorflow:From /home/anrigu/.local/lib/python3.10/site-packages/tensorflow/python/compat/v2_compat.py:107: disable_resource_variables (from tensorflow.python.ops.variable_scope) is deprecated and will be removed in a future version.
Instructions for updating:
non-resource variables are not supported in the long term
I0719 22:50:45.237364 22719718763392 rl_environment.py:187] Using game instance: harvest
Num cpu cores:  36
 
 Did not find gpu device. Using cpu. 
 
Agent Arguments: 
batch_size: 64
discount_factor: 0.99
double: True
epsilon_decay_duration: 100000
hidden_layers_sizes: [50, 50]
learn_every: 1
learning_rate: 0.0003
min_buffer_size_to_learn: 20000
num_actions: 8
optimizer_str: adam
replay_buffer_capacity: 100000
session: <tensorflow.python.client.session.Session object at 0x14a982c46d40>
state_representation_size: 84
symmetric: True
update_target_network_every: 500


Consensus Arguments: 
alpha: 5.0
batch_size: 128
beta: 0.5
clear_trajectories: False
consensus_imitation: False
consensus_oracle: trajectory_deep
deep_network_lr: 0.0003
device: /cpu:0
discount: 0.99
entropy_decay_duration: 0.5
epochs_ppo: 10
eps_clip: 0.1
eps_clip_value: 0.5
eta: 0.05
fine_tune: True
fine_tune_policy_lr: 3e-05
fine_tune_value_lr: 0.0003
hidden_layer_size: 50
imitation_mode: prob_action
joint_action: False
max_buffer_size_fine_tune: 100000
min_buffer_size_fine_tune: 10000
minibatches_ppo: 50
minimum_entropy: 0.8
n_hidden_layers: 2
num_players: 2
num_simulations_fit: 1
perturb_all: False
policy_constraint: 0.1
policy_constraint_steps: 20
ppo_entropy_regularization: 0.05
pretrained_policy_steps: 500
recovery_window: 200
regret_calculation_steps: 1500000
rewards_joint: False
session: <tensorflow.python.client.session.Session object at 0x14a982c46d40>
sims_per_entry: 200
state_representation_size: 84
steps_fine_tune: 8000000
symmetric: True
tau: 0.001
training_epochs: 1
training_steps: 1000
transfer_policy_minimum_entropy: 0.0
update_target_every: 1


2023-07-19 22:50:45.792855: I tensorflow/compiler/mlir/mlir_graph_optimization_pass.cc:353] MLIR V1 optimization pass is not enabled
2023-07-19 22:50:46.405418: W tensorflow/c/c_api.cc:300] Operation '{name:'mlp_2/bias_2/Adam_1/Assign' id:1071 op device:{requested: '', assigned: ''} def:{{{node mlp_2/bias_2/Adam_1/Assign}} = Assign[T=DT_FLOAT, _class=["loc:@mlp_2/bias_2"], _has_manual_control_dependencies=true, use_locking=true, validate_shape=true](mlp_2/bias_2/Adam_1, mlp_2/bias_2/Adam_1/Initializer/zeros)}}' was changed by setting attribute after it was run by a session. This mutation will have no effect, and will trigger an error in the future. Either don't modify nodes after running them or create a new session.
Using 200 sims per entry.
Rectifier : 
Perturbating oracle outputs : False
Sampling from marginals : True
Using prd_collab as strategy method.
Using probabilistic as training strategy selector.
Estimating current strategies:  (0, 0)
Current player 0 and current strategies (0, 0) took 18.85 seconds to finish estimate with resulting utilities: [50.045 47.82 ]
Exited RRD with total regret 0.0 that was less than regret lambda 2.0 after 0 iterations 

 Metagame display:
Player 0 Payoff matrix: 

           0      
    0    48.93      

 

Player 1 Payoff matrix: 

           0      
    0    48.93      

 

Social Welfare Sum Matrix: 

           0      
    0    97.87      

 

Iteration : 0
Time so far: 0.00018286705017089844
Approximating Best Response
Training best response:  True 0.1
rtg values check:  (?,) (?, 1)
2023-07-19 22:51:06.208545: W tensorflow/c/c_api.cc:300] Operation '{name:'mlp_6/weights_2/Adam_1/Assign' id:1925 op device:{requested: '', assigned: ''} def:{{{node mlp_6/weights_2/Adam_1/Assign}} = Assign[T=DT_FLOAT, _class=["loc:@mlp_6/weights_2"], _has_manual_control_dependencies=true, use_locking=true, validate_shape=true](mlp_6/weights_2/Adam_1, mlp_6/weights_2/Adam_1/Initializer/zeros)}}' was changed by setting attribute after it was run by a session. This mutation will have no effect, and will trigger an error in the future. Either don't modify nodes after running them or create a new session.
Setting to fine tune mode: 
Loading policies from offline learning: 

Training each of the policies for 8000000 steps. 
Mean PPO Actor + Value losses, entropy, and kl last 20 updates...and num env steps...and policy constraint weight:  -0.1261116087436676 21.6327486038208 2.070779013633728 0.0015661274548619986 10640 0
slurmstepd: error: *** JOB 56105392 ON gl3032 CANCELLED AT 2023-07-19T22:52:35 ***
