Job Id listed below:
56334903

Lmod is automatically replacing "clang/2022.1.2" with "intel/2022.1.2".


Lmod is automatically replacing "gcc/10.3.0" with "clang/2022.1.2".

-------------------------------------------------------------------------------
The following dependent module(s) are not currently loaded: gcc/10.3.0 (required by: python/3.10.4)
-------------------------------------------------------------------------------

Lmod is automatically replacing "clang/2022.1.2" with "gcc/10.3.0".

GAME IS SYMMETRIC. ONLY 1 SET OF RETURNS

TRIAL 0:

ITERATION 0:
KL Divergence Data Individual 0:  [7.2335024, 7.4935856, 7.55033, 7.3581996, 7.4643326, 7.3796244, 7.6598544, 7.6373305, 7.0867476, 7.313307]
Expected welfare:  190.91127237039527

ITERATION 1:
[0.05080154 0.94919846] [176.23  123.635]
Individual regret vector:  [[33.20436381480236]]
KL Divergence Data Individual 0:  [9.013766, 9.049911, 9.092527, 9.121402, 8.733483, 8.858482, 9.154077, 9.015524, 9.010153, 9.027612]
Expected welfare:  154.16385315291046

ITERATION 2:
[0.04164606 0.46436067 0.49399327] [173.1   119.66   78.445]
Individual regret vector:  [[33.20436381480236, 29.023073423544773]]
KL Divergence Data Individual 0:  [9.812928, 8.872387, 9.763577, 10.033246, 9.867065, 9.5391245, 10.013252, 9.661507, 9.796653, 9.488713]
Expected welfare:  156.39624624501923

ITERATION 3:
[3.38890382e-04 9.04666422e-02 2.78517089e-01 6.30677378e-01] [173.19 121.01  76.61  80.43]
Individual regret vector:  [[33.20436381480236, 29.023073423544773, 10.351876877490383]]
KL Divergence Data Individual 0:  [12.200203, 12.437147, 12.285135, 12.129734, 12.305264, 12.405525, 12.502791, 12.355259, 12.534932, 12.50095]
Expected welfare:  158.59925057670412

ITERATION 4:
[0.0026214  0.09703419 0.2438188  0.31957596 0.33694965] [161.73  122.505  47.29   98.035  99.385]
Individual regret vector:  [[33.20436381480236, 29.023073423544773, 10.351876877490383, 13.475374711647945]]
KL Divergence Data Individual 0:  [12.599484, 12.725465, 12.641029, 12.724467, 12.519327, 12.579802, 12.894785, 12.459839, 12.371736, 13.1032095]
Expected welfare:  151.8001294127139

ITERATION 5:
[0.00081463 0.05993096 0.16543827 0.24667131 0.25478643 0.2723584 ] [155.825 120.24   49.765  93.61   98.35   80.07 ]
Individual regret vector:  [[33.20436381480236, 29.023073423544773, 10.351876877490383, 13.475374711647945, 10.859935293643048]]
KL Divergence Data Individual 0:  [13.576072, 13.27, 13.809407, 13.64949, 13.399635, 13.176803, 13.543685, 13.893025, 13.661297, 13.88335]
Expected welfare:  146.5379880779197

ITERATION 6:
[0.0014401  0.06361153 0.12487308 0.20498867 0.20049082 0.21528362
 0.18931218] [161.13  117.95   53.365  93.41   91.84   56.5    68.235]
Individual regret vector:  [[33.20436381480236, 29.023073423544773, 10.351876877490383, 13.475374711647945, 10.859935293643048, 7.211005961040172]]
KL Divergence Data Individual 0:  [15.395524, 15.679341, 15.288689, 15.386744, 15.545978, 15.610189, 15.405943, 15.484746, 15.145204, 15.347113]
Expected welfare:  146.7705512062259

ITERATION 7:
[0.00798847 0.08148813 0.11918508 0.16053687 0.15627701 0.15932014
 0.15551811 0.15968619] [161.395 118.65   56.08   92.265  94.075  58.345  69.905  73.65 ]
Individual regret vector:  [[33.20436381480236, 29.023073423544773, 10.351876877490383, 13.475374711647945, 10.859935293643048, 7.211005961040172, 5.698098943888269]]
KL Divergence Data Individual 0:  [15.818304, 15.976091, 15.880303, 15.967961, 16.225307, 15.926485, 15.736089, 16.000568, 15.860498, 16.090244]
Expected welfare:  145.66761689405877

ITERATION 8:
[0.00257062 0.05397298 0.09400772 0.13942632 0.13586551 0.13700457
 0.14529471 0.14159282 0.15026476] [162.135 118.735  58.79   94.535  95.29   57.15   65.28   71.43   68.9  ]
Individual regret vector:  [[33.20436381480236, 29.023073423544773, 10.351876877490383, 13.475374711647945, 10.859935293643048, 7.211005961040172, 5.698098943888269, 5.056191552970617]]
KL Divergence Data Individual 0:  [15.207511, 15.240976, 14.894491, 14.88168, 14.786229, 15.0082245, 15.170406, 15.076289, 15.064423, 15.073829]
Expected welfare:  145.57185391573339

ITERATION 9:
[0.00333531 0.05172036 0.08783791 0.12073747 0.11783207 0.11576652
 0.12883521 0.12010896 0.12605615 0.12777003] [164.515 118.745  55.895  94.035  92.545  59.205  65.105  68.42   71.945
  68.475]
Individual regret vector:  [[33.20436381480236, 29.023073423544773, 10.351876877490383, 13.475374711647945, 10.859935293643048, 7.211005961040172, 5.698098943888269, 5.056191552970617, 5.334073042133312]]
KL Divergence Data Individual 0:  [15.769908, 15.818738, 15.930824, 15.745824, 15.861252, 15.996375, 15.693244, 15.734999, 15.718613, 15.786512]
Expected welfare:  144.70413681188768

ITERATION 10:
[0.00137767 0.0371975  0.07514621 0.1082629  0.10525442 0.10186363
 0.1212871  0.10712452 0.11413445 0.11577784 0.11257377] [162.945 118.045  51.225  94.645  94.235  59.35   66.31   70.355  70.76
  70.85   70.855]
Individual regret vector:  [[33.20436381480236, 29.023073423544773, 10.351876877490383, 13.475374711647945, 10.859935293643048, 7.211005961040172, 5.698098943888269, 5.056191552970617, 5.334073042133312, 4.222931594056163]]
KL Divergence Data Individual 0:  [15.735311, 15.893112, 16.007057, 16.003744, 15.961284, 15.964336, 15.881361, 15.92804, 15.928092, 15.7849865]
Expected welfare:  144.36437931689875

Traceback (most recent call last):
  File "/home/anrigu/srg_research/open_spiel/./open_spiel/python/examples/data/analyze.py", line 316, in <module>
    app.run(main)
  File "/home/anrigu/.local/lib/python3.10/site-packages/absl/app.py", line 308, in run
    _run_main(main, args)
  File "/home/anrigu/.local/lib/python3.10/site-packages/absl/app.py", line 254, in _run_main
    sys.exit(main(argv))
  File "/home/anrigu/srg_research/open_spiel/./open_spiel/python/examples/data/analyze.py", line 313, in main
    get_data(trial_data_directory)
  File "/home/anrigu/srg_research/open_spiel/./open_spiel/python/examples/data/analyze.py", line 302, in get_data
    graph_regret(regret_individuals, trial_graph_path)
  File "/home/anrigu/srg_research/open_spiel/./open_spiel/python/examples/data/analyze.py", line 203, in graph_regret
    ax.plot(x=[ind + 1 for ind in range(len(data[player_index]))],
  File "/home/anrigu/.local/lib/python3.10/site-packages/matplotlib/axes/_axes.py", line 1688, in plot
    lines = [*self._get_lines(*args, data=data, **kwargs)]
  File "/home/anrigu/.local/lib/python3.10/site-packages/matplotlib/axes/_base.py", line 246, in __call__
    raise _api.kwarg_error(self.command, pos_only)
TypeError: plot() got an unexpected keyword argument 'x'
