Job Id listed below:
56606916

Lmod is automatically replacing "clang/2022.1.2" with "intel/2022.1.2".


Lmod is automatically replacing "gcc/10.3.0" with "clang/2022.1.2".

-------------------------------------------------------------------------------
The following dependent module(s) are not currently loaded: gcc/10.3.0 (required by: python/3.10.4)
-------------------------------------------------------------------------------

Lmod is automatically replacing "clang/2022.1.2" with "gcc/10.3.0".

2023-07-27 00:03:41.339499: I tensorflow/core/platform/cpu_feature_guard.cc:182] This TensorFlow binary is optimized to use available CPU instructions in performance-critical operations.
To enable the following instructions: AVX2 AVX512F FMA, in other operations, rebuild TensorFlow with the appropriate compiler flags.
2023-07-27 00:03:52.005956: W tensorflow/compiler/tf2tensorrt/utils/py_utils.cc:38] TF-TRT Warning: Could not find TensorRT
GAME IS SYMMETRIC. ONLY 1 SET OF RETURNS

TRIAL 0:

ITERATION 0:
KL Divergence Data Individual 0:  [6.7987714, 6.7418656, 6.7706094, 6.7091427, 6.4545226, 6.7650857, 6.7096944, 6.9332747, 6.7790637, 6.944074]
Expected welfare:  193.0423188473602

ITERATION 1:
[0.00990045 0.99009955] [172.97 134.87]
Individual regret vector:  [[38.78884057631991]]
KL Divergence Data Individual 0:  [9.342002, 9.626043, 9.496888, 9.536696, 9.599541, 9.743036, 9.727847, 9.639674, 9.779502, 9.609652]
Expected welfare:  119.2594887780202

ITERATION 2:
[1.00000000e-04 1.65360866e-01 8.34539134e-01] [173.365 134.295  46.76 ]
Individual regret vector:  [[38.78884057631991, 18.330255610989894]]
KL Divergence Data Individual 0:  [12.435663, 12.891686, 13.116641, 13.103451, 12.657624, 12.625372, 13.092397, 12.788257, 12.918025, 12.979006]
Expected welfare:  113.84622754500606

ITERATION 3:
[1.00000000e-04 1.32650518e-01 4.69254366e-01 3.97995116e-01] [122.35  111.81   73.91   74.365]
Individual regret vector:  [[38.78884057631991, 18.330255610989894, 28.196886227496975]]
KL Divergence Data Individual 0:  [11.0312, 10.872283, 11.119967, 10.451773, 10.731491, 10.727802, 10.953927, 10.961167, 10.881322, 10.746913]
Expected welfare:  107.21178427513028

ITERATION 4:
[1.00000000e-04 7.20081568e-03 1.30783940e-01 8.27194830e-02
 7.79195761e-01] [102.88  103.59   63.115  58.68   81.665]
Individual regret vector:  [[38.78884057631991, 18.330255610989894, 28.196886227496975, 26.204107862434853]]
KL Divergence Data Individual 0:  [10.7251215, 11.05337, 10.529745, 11.124334, 10.709286, 10.617106, 10.819871, 10.823524, 10.633536, 10.845096]
Expected welfare:  114.17170064037643

ITERATION 5:
[1.00000000e-04 4.84403006e-04 1.98100979e-02 3.84043018e-03
 1.95846355e-01 7.79918714e-01] [117.22  104.67   62.745  58.57   77.675  73.645]
Individual regret vector:  [[38.78884057631991, 18.330255610989894, 28.196886227496975, 26.204107862434853, 17.093972043541896]]
KL Divergence Data Individual 0:  [10.948102, 10.998292, 10.9308605, 11.273059, 11.051532, 11.112015, 11.2973385, 11.066373, 11.076185, 10.995768]
Expected welfare:  117.60176327801828

ITERATION 6:
[1.00000000e-04 2.67371916e-04 3.38339766e-03 1.65680390e-03
 2.58923029e-02 2.28295028e-01 7.40405096e-01] [139.93  110.63   59.8    61.635  73.59   70.22   74.91 ]
Individual regret vector:  [[38.78884057631991, 18.330255610989894, 28.196886227496975, 26.204107862434853, 17.093972043541896, 16.63411836099086]]
KL Divergence Data Individual 0:  [13.87691, 13.670222, 13.806467, 13.688919, 13.908305, 13.899519, 13.996518, 14.0128, 13.966771, 13.718039]
Expected welfare:  126.20604287271142

ITERATION 7:
[1.00000000e-04 1.17644790e-03 1.84369262e-03 1.66565167e-03
 9.87790548e-03 1.00201598e-01 4.43049469e-01 4.42085236e-01] [144.77  114.815  59.285  60.21   82.045  66.415  71.495  80.71 ]
Individual regret vector:  [[38.78884057631991, 18.330255610989894, 28.196886227496975, 26.204107862434853, 17.093972043541896, 16.63411836099086, 15.266978563644287]]
KL Divergence Data Individual 0:  [11.856294, 12.148086, 12.110921, 12.356037, 11.823358, 12.087483, 12.091327, 12.0353, 11.9799185, 12.05456]
Expected welfare:  149.71538669501356

ITERATION 8:
[1.00000000e-04 1.00000000e-04 1.00000000e-04 1.00000000e-04
 5.79150116e-04 1.46310342e-03 1.76452621e-01 1.28014142e-01
 6.93090984e-01] [162.355 115.55   68.385  63.145  77.82   85.875  82.695  78.48   97.245]
Individual regret vector:  [[38.78884057631991, 18.330255610989894, 28.196886227496975, 26.204107862434853, 17.093972043541896, 16.63411836099086, 15.266978563644287, 19.557306652493224]]
KL Divergence Data Individual 0:  [11.391993, 11.251215, 11.585893, 11.59539, 11.743156, 11.5895, 11.362764, 11.670269, 11.54327, 11.812604]
Expected welfare:  140.47128352775113

ITERATION 9:
[1.00000000e-04 4.04867179e-04 1.00000000e-04 1.00000000e-04
 1.32337418e-04 6.35459673e-04 2.22969085e-02 8.12850476e-03
 1.39719000e-01 8.28382922e-01] [159.185 119.4    46.33   43.185  86.355  78.555  70.185  94.895  92.115
  89.56 ]
Individual regret vector:  [[38.78884057631991, 18.330255610989894, 28.196886227496975, 26.204107862434853, 17.093972043541896, 16.63411836099086, 15.266978563644287, 19.557306652493224, 22.99935823612445]]
KL Divergence Data Individual 0:  [12.088828, 11.679083, 11.723584, 11.94209, 11.744621, 11.191312, 12.195094, 12.049267, 11.936479, 11.997525]
Expected welfare:  166.06775361520346

ITERATION 10:
[1.00000000e-04 1.00000000e-04 1.00000000e-04 1.00000000e-04
 1.00000000e-04 1.00000000e-04 1.00000000e-04 1.00000000e-04
 1.50229404e-04 8.75400673e-02 9.11509703e-01] [152.1   116.805  45.135  46.22   71.905  78.365  65.855  77.49   95.815
  77.305  89.795]
Individual regret vector:  [[38.78884057631991, 18.330255610989894, 28.196886227496975, 26.204107862434853, 17.093972043541896, 16.63411836099086, 15.266978563644287, 19.557306652493224, 22.99935823612445, 8.401123192398273]]
KL Divergence Data Individual 0:  [12.312511, 12.226578, 12.11162, 12.149595, 12.376308, 12.4405155, 12.323479, 12.3078, 12.583577, 12.310236]
Expected welfare:  163.5807843450499

ITERATION 11:
[1.00000000e-04 1.00000000e-04 1.00000000e-04 1.00000000e-04
 1.00000000e-04 1.00000000e-04 1.00000000e-04 1.00000000e-04
 1.00000000e-04 8.50067755e-03 6.23401108e-01 3.67198214e-01] [137.66  115.38   43.29   43.13   72.04   75.785  64.335  75.475  93.095
  83.98   91.21   79.51 ]
Individual regret vector:  [[38.78884057631991, 18.330255610989894, 28.196886227496975, 26.204107862434853, 17.093972043541896, 16.63411836099086, 15.266978563644287, 19.557306652493224, 22.99935823612445, 8.401123192398273, 7.564607827475058]]
KL Divergence Data Individual 0:  [10.382529, 10.503848, 10.581389, 10.753921, 10.268799, 10.726704, 10.673284, 10.640991, 10.433901, 10.547732]
Expected welfare:  163.27419514886887

ITERATION 12:
[1.00000000e-04 1.00000000e-04 1.00000000e-04 1.00000000e-04
 1.00000000e-04 1.00000000e-04 1.00000000e-04 1.00000000e-04
 1.00000000e-04 1.00000000e-04 1.28160212e-01 1.56019190e-01
 7.14820599e-01] [144.34  113.92   40.4    42.575  66.9    75.865  60.65   76.89   87.175
  85.725  86.305  76.43   83.665]
Individual regret vector:  [[38.78884057631991, 18.330255610989894, 28.196886227496975, 26.204107862434853, 17.093972043541896, 16.63411836099086, 15.266978563644287, 19.557306652493224, 22.99935823612445, 8.401123192398273, 7.564607827475058, 5.60790242556557]]
KL Divergence Data Individual 0:  [11.5160885, 11.54277, 11.786417, 11.448166, 11.54287, 11.32809, 11.14263, 11.765522, 11.367082, 11.55828]
Expected welfare:  161.68149139398506

ITERATION 13:
[1.00000000e-04 1.00000000e-04 1.00000000e-04 1.00000000e-04
 1.00000000e-04 1.00000000e-04 1.00000000e-04 1.00000000e-04
 1.00000000e-04 1.00000000e-04 2.77228101e-02 4.15984164e-03
 5.00781682e-01 4.66335666e-01] [155.83  119.515  45.39   44.49   75.06   73.285  70.545  80.295  91.95
  86.825  86.525  78.745  88.495  85.955]
Individual regret vector:  [[38.78884057631991, 18.330255610989894, 28.196886227496975, 26.204107862434853, 17.093972043541896, 16.63411836099086, 15.266978563644287, 19.557306652493224, 22.99935823612445, 8.401123192398273, 7.564607827475058, 5.60790242556557, 7.369254303007466]]
KL Divergence Data Individual 0:  [11.070758, 11.084459, 11.04137, 11.017243, 10.73342, 11.0893345, 10.879761, 11.154815, 11.0099945, 10.9737215]
Expected welfare:  161.3540094776825

ITERATION 14:
[1.00000000e-04 1.00000000e-04 1.00000000e-04 1.00000000e-04
 1.00000000e-04 1.00000000e-04 1.00000000e-04 1.00000000e-04
 1.00000000e-04 1.00000000e-04 1.31752883e-02 2.67963915e-03
 2.28102007e-01 1.98385640e-01 5.56657426e-01] [153.095 115.295  39.805  42.045  63.88   79.63   64.125  80.585  94.89
  89.37   92.28   84.86   87.635  85.57   86.09 ]
Individual regret vector:  [[38.78884057631991, 18.330255610989894, 28.196886227496975, 26.204107862434853, 17.093972043541896, 16.63411836099086, 15.266978563644287, 19.557306652493224, 22.99935823612445, 8.401123192398273, 7.564607827475058, 5.60790242556557, 7.369254303007466, 8.487995261158744]]
KL Divergence Data Individual 0:  [10.963555, 10.830701, 10.999704, 10.843519, 10.937315, 10.665933, 11.169551, 11.065028, 10.818079, 10.971301]
Expected welfare:  173.05750101645984

ITERATION 15:
[1.00000000e-04 1.00000000e-04 1.00000000e-04 1.00000000e-04
 1.00000000e-04 1.00000000e-04 1.00000000e-04 1.00000000e-04
 1.00000000e-04 1.00000000e-04 1.00000000e-04 1.00000000e-04
 1.00000000e-04 2.05774082e-02 1.03145092e-01 8.74977500e-01] [149.03  120.41   41.12   40.745  68.075  65.615  60.6    72.91   80.31
  73.22   76.345  74.925  83.995  87.255  73.02   90.025]
Individual regret vector:  [[38.78884057631991, 18.330255610989894, 28.196886227496975, 26.204107862434853, 17.093972043541896, 16.63411836099086, 15.266978563644287, 19.557306652493224, 22.99935823612445, 8.401123192398273, 7.564607827475058, 5.60790242556557, 7.369254303007466, 8.487995261158744, 4.176249491770065]]
KL Divergence Data Individual 0:  [10.981323, 11.046124, 11.287983, 10.917465, 10.943639, 10.925576, 11.084457, 10.94525, 10.651494, 10.994905]
Expected welfare:  172.26299991900743

ITERATION 16:
[1.00000000e-04 1.00000000e-04 1.00000000e-04 1.00000000e-04
 1.00000000e-04 1.00000000e-04 1.00000000e-04 1.00000000e-04
 1.00000000e-04 1.00000000e-04 1.00000000e-04 1.00000000e-04
 1.00000000e-04 1.00000000e-04 1.00000000e-04 7.90158908e-01
 2.08341092e-01] [154.155 121.825  40.73   41.16   65.88   67.585  63.58   74.4    84.995
  80.725  77.02   71.145  81.705  83.755  71.925  90.49   69.33 ]
Individual regret vector:  [[38.78884057631991, 18.330255610989894, 28.196886227496975, 26.204107862434853, 17.093972043541896, 16.63411836099086, 15.266978563644287, 19.557306652493224, 22.99935823612445, 8.401123192398273, 7.564607827475058, 5.60790242556557, 7.369254303007466, 8.487995261158744, 4.176249491770065, 3.1535000404963114]]
KL Divergence Data Individual 0:  [10.46285, 9.877543, 10.267559, 10.621197, 10.484089, 10.037186, 10.486069, 10.280286, 10.488955, 10.304584]
Expected welfare:  171.89892743450133

ITERATION 17:
[1.00000000e-04 1.00000000e-04 1.00000000e-04 1.00000000e-04
 1.00000000e-04 1.00000000e-04 1.00000000e-04 1.00000000e-04
 1.00000000e-04 1.00000000e-04 1.00000000e-04 1.00000000e-04
 1.00000000e-04 1.00000000e-04 1.00000000e-04 7.69060696e-01
 1.34665677e-01 9.47736267e-02] [151.785 120.285  44.66   45.365  68.075  70.075  65.175  67.5    82.915
  72.38   76.165  71.215  79.985  85.85   70.135  86.775  73.505  74.985]
Individual regret vector:  [[38.78884057631991, 18.330255610989894, 28.196886227496975, 26.204107862434853, 17.093972043541896, 16.63411836099086, 15.266978563644287, 19.557306652493224, 22.99935823612445, 8.401123192398273, 7.564607827475058, 5.60790242556557, 7.369254303007466, 8.487995261158744, 4.176249491770065, 3.1535000404963114, 4.500536282749337]]
KL Divergence Data Individual 0:  [11.735936, 11.746302, 11.673333, 11.555325, 11.786436, 11.340825, 11.505934, 11.65262, 11.302377, 11.610446]
Expected welfare:  172.1368716831171

ITERATION 18:
[1.00000000e-04 1.00000000e-04 1.00000000e-04 1.00000000e-04
 1.00000000e-04 1.00000000e-04 1.00000000e-04 1.00000000e-04
 1.00000000e-04 1.00000000e-04 1.00000000e-04 1.00000000e-04
 1.00000000e-04 1.00000000e-04 1.00000000e-04 7.80540281e-01
 2.17759719e-01 1.00000000e-04 1.00000000e-04] [148.575 118.44   45.085  45.215  64.96   63.03   58.995  64.055  81.06
  74.29   74.585  72.585  78.65   84.415  71.02   89.59   77.105  76.8
  82.545]
Individual regret vector:  [[38.78884057631991, 18.330255610989894, 28.196886227496975, 26.204107862434853, 17.093972043541896, 16.63411836099086, 15.266978563644287, 19.557306652493224, 22.99935823612445, 8.401123192398273, 7.564607827475058, 5.60790242556557, 7.369254303007466, 8.487995261158744, 4.176249491770065, 3.1535000404963114, 4.500536282749337, 3.0115641584414874]]
KL Divergence Data Individual 0:  [10.687221, 10.797294, 10.868509, 10.707032, 11.104995, 10.450123, 10.607148, 10.857469, 10.221621, 10.419313]
Expected welfare:  160.18559322555

ITERATION 19:
[1.000e-04 1.000e-04 1.000e-04 1.000e-04 1.000e-04 1.000e-04 1.000e-04
 1.000e-04 1.000e-04 1.000e-04 1.000e-04 1.000e-04 1.000e-04 1.000e-04
 1.000e-04 1.000e-04 1.000e-04 1.000e-04 1.000e-04 9.981e-01] [142.27  115.75   45.46   43.43   52.955  61.31   61.87   60.82   82.89
  68.935  72.51   73.19   79.49   81.85   72.25   85.18   82.865  82.86
  84.48   84.55 ]
Individual regret vector:  [[38.78884057631991, 18.330255610989894, 28.196886227496975, 26.204107862434853, 17.093972043541896, 16.63411836099086, 15.266978563644287, 19.557306652493224, 22.99935823612445, 8.401123192398273, 7.564607827475058, 5.60790242556557, 7.369254303007466, 8.487995261158744, 4.176249491770065, 3.1535000404963114, 4.500536282749337, 3.0115641584414874, 8.097203387224994]]
KL Divergence Data Individual 0:  [11.191083, 11.336791, 11.421515, 11.057556, 11.134774, 11.154468, 11.479517, 11.083035, 10.855643, 11.0691185]
Expected welfare:  168.11950826744834

ITERATION 20:
[1.0000000e-04 1.0000000e-04 1.0000000e-04 1.0000000e-04 1.0000000e-04
 1.0000000e-04 1.0000000e-04 1.0000000e-04 1.0000000e-04 1.0000000e-04
 1.0000000e-04 1.0000000e-04 1.0000000e-04 1.0000000e-04 1.0000000e-04
 1.0000000e-04 1.0000000e-04 1.0000000e-04 1.0000000e-04 2.8421997e-01
 7.1388003e-01] [143.    115.915  41.295  45.91   52.74   65.4    64.645  59.9    76.375
  60.08   63.905  59.47   72.37   78.125  72.865  78.695  75.795  75.97
  72.025  82.395  87.42 ]
Individual regret vector:  [[38.78884057631991, 18.330255610989894, 28.196886227496975, 26.204107862434853, 17.093972043541896, 16.63411836099086, 15.266978563644287, 19.557306652493224, 22.99935823612445, 8.401123192398273, 7.564607827475058, 5.60790242556557, 7.369254303007466, 8.487995261158744, 4.176249491770065, 3.1535000404963114, 4.500536282749337, 3.0115641584414874, 8.097203387224994, 5.495245866275852]]
KL Divergence Data Individual 0:  [10.182972, 10.730985, 11.075967, 10.240189, 10.141161, 9.700454, 10.383145, 10.097182, 10.135763, 9.518401]
Expected welfare:  168.11844828858491

ITERATION 21:
[1.00000000e-04 1.00000000e-04 1.00000000e-04 1.00000000e-04
 1.00000000e-04 1.00000000e-04 1.00000000e-04 1.00000000e-04
 1.00000000e-04 1.00000000e-04 1.00000000e-04 1.00000000e-04
 1.00000000e-04 1.00000000e-04 1.00000000e-04 1.00000000e-04
 1.00000000e-04 1.00000000e-04 1.00000000e-04 2.84203236e-01
 7.13796764e-01 1.00000000e-04] [146.895 112.62   44.775  46.265  53.36   66.585  65.7    60.955  74.77
  58.135  62.015  64.285  66.545  76.36   72.9    74.845  78.65   81.415
  67.99   84.755  93.04   56.2  ]
Individual regret vector:  [[38.78884057631991, 18.330255610989894, 28.196886227496975, 26.204107862434853, 17.093972043541896, 16.63411836099086, 15.266978563644287, 19.557306652493224, 22.99935823612445, 8.401123192398273, 7.564607827475058, 5.60790242556557, 7.369254303007466, 8.487995261158744, 4.176249491770065, 3.1535000404963114, 4.500536282749337, 3.0115641584414874, 8.097203387224994, 5.495245866275852, 7.4607758557075385]]
KL Divergence Data Individual 0:  [12.487235, 12.316635, 12.409429, 12.316085, 12.710789, 12.538086, 12.714889, 12.405694, 12.457521, 12.743928]
Expected welfare:  168.1179490631106

ITERATION 22:
[1.00000000e-04 1.00000000e-04 1.00000000e-04 1.00000000e-04
 1.00000000e-04 1.00000000e-04 1.00000000e-04 1.00000000e-04
 1.00000000e-04 1.00000000e-04 1.00000000e-04 1.00000000e-04
 1.00000000e-04 1.00000000e-04 1.00000000e-04 1.00000000e-04
 1.00000000e-04 1.00000000e-04 1.00000000e-04 2.84315141e-01
 7.13584859e-01 1.00000000e-04 1.00000000e-04] [141.5   113.7    44.24   45.285  55.82   69.2    65.68   61.09   71.535
  61.52   61.     60.93   70.105  77.08   72.04   80.725  76.96   78.28
  68.27   84.485  87.4    61.77   71.67 ]
Individual regret vector:  [[38.78884057631991, 18.330255610989894, 28.196886227496975, 26.204107862434853, 17.093972043541896, 16.63411836099086, 15.266978563644287, 19.557306652493224, 22.99935823612445, 8.401123192398273, 7.564607827475058, 5.60790242556557, 7.369254303007466, 8.487995261158744, 4.176249491770065, 3.1535000404963114, 4.500536282749337, 3.0115641584414874, 8.097203387224994, 5.495245866275852, 7.4607758557075385, 6.236025468444723]]
KL Divergence Data Individual 0:  [11.299165, 11.053272, 11.310499, 11.124045, 11.391604, 11.307161, 10.922959, 11.2872925, 10.981126, 11.013147]
Expected welfare:  160.77014316335232

ITERATION 23:
[1.00000000e-04 1.00000000e-04 1.00000000e-04 1.00000000e-04
 1.00000000e-04 1.00000000e-04 1.00000000e-04 1.00000000e-04
 1.00000000e-04 1.00000000e-04 1.00000000e-04 1.00000000e-04
 1.00000000e-04 1.00000000e-04 1.00000000e-04 1.00000000e-04
 1.00000000e-04 1.00000000e-04 1.00000000e-04 2.61631535e-01
 2.63504611e-01 1.00000000e-04 4.72763853e-01 1.00000000e-04] [140.075 112.965  43.695  46.415  59.275  63.385  61.815  62.555  71.515
  69.4    75.285  70.33   77.675  79.515  67.595  84.305  74.705  76.
  84.03   84.195  88.17   80.22   79.76   82.04 ]
Individual regret vector:  [[38.78884057631991, 18.330255610989894, 28.196886227496975, 26.204107862434853, 17.093972043541896, 16.63411836099086, 15.266978563644287, 19.557306652493224, 22.99935823612445, 8.401123192398273, 7.564607827475058, 5.60790242556557, 7.369254303007466, 8.487995261158744, 4.176249491770065, 3.1535000404963114, 4.500536282749337, 3.0115641584414874, 8.097203387224994, 5.495245866275852, 7.4607758557075385, 6.236025468444723, 4.984928418323847]]
KL Divergence Data Individual 0:  [11.276857, 11.205332, 10.707764, 10.894099, 10.660342, 10.929315, 10.968606, 10.715547, 11.159614, 10.901782]
Expected welfare:  158.11385082929948

ITERATION 24:
[1.00000000e-04 1.00000000e-04 1.00000000e-04 1.00000000e-04
 1.00000000e-04 1.00000000e-04 1.00000000e-04 1.00000000e-04
 1.00000000e-04 1.00000000e-04 1.00000000e-04 1.00000000e-04
 1.00000000e-04 1.00000000e-04 1.00000000e-04 1.00000000e-04
 1.00000000e-04 1.00000000e-04 1.00000000e-04 1.00000000e-04
 1.00000000e-04 1.00000000e-04 4.60897065e-01 1.00000000e-04
 5.36802935e-01] [143.515 116.28   42.23   45.09   57.805  60.335  60.355  62.44   76.6
  69.545  76.035  69.31   75.53   80.15   72.615  85.     74.345  75.225
  82.27   82.935  87.165  79.17   84.13   79.23   85.09 ]
Individual regret vector:  [[38.78884057631991, 18.330255610989894, 28.196886227496975, 26.204107862434853, 17.093972043541896, 16.63411836099086, 15.266978563644287, 19.557306652493224, 22.99935823612445, 8.401123192398273, 7.564607827475058, 5.60790242556557, 7.369254303007466, 8.487995261158744, 4.176249491770065, 3.1535000404963114, 4.500536282749337, 3.0115641584414874, 8.097203387224994, 5.495245866275852, 7.4607758557075385, 6.236025468444723, 4.984928418323847, 6.0080745853502435]]
KL Divergence Data Individual 0:  [10.968935, 10.705553, 10.142007, 9.74214, 10.695589, 10.357855, 9.966885, 10.141525, 10.233929, 10.315844]
Expected welfare:  164.5197731589837

ITERATION 25:
[1.00000000e-04 1.00000000e-04 1.00000000e-04 1.00000000e-04
 1.00000000e-04 1.00000000e-04 1.00000000e-04 1.00000000e-04
 1.00000000e-04 1.00000000e-04 1.00000000e-04 1.00000000e-04
 1.00000000e-04 1.00000000e-04 1.00000000e-04 1.00000000e-04
 1.00000000e-04 1.00000000e-04 1.00000000e-04 1.00000000e-04
 1.00000000e-04 1.00000000e-04 1.54371845e-01 1.00000000e-04
 1.00000000e-04 8.43228155e-01] [144.925 113.255  44.07   41.445  56.12   60.865  64.075  64.445  78.725
  73.985  73.585  66.095  76.87   79.25   73.     83.465  74.735  75.8
  81.51   81.375  86.71   78.58   78.38   80.04   83.26   83.23 ]
Individual regret vector:  [[38.78884057631991, 18.330255610989894, 28.196886227496975, 26.204107862434853, 17.093972043541896, 16.63411836099086, 15.266978563644287, 19.557306652493224, 22.99935823612445, 8.401123192398273, 7.564607827475058, 5.60790242556557, 7.369254303007466, 8.487995261158744, 4.176249491770065, 3.1535000404963114, 4.500536282749337, 3.0115641584414874, 8.097203387224994, 5.495245866275852, 7.4607758557075385, 6.236025468444723, 4.984928418323847, 6.0080745853502435, 4.220113420508142]]
KL Divergence Data Individual 0:  [11.585596, 11.845281, 11.845843, 12.114353, 11.669919, 11.774744, 11.811834, 11.9101095, 12.001054, 11.675192]
Expected welfare:  164.5188843829416

ITERATION 26:
[1.00000000e-04 1.00000000e-04 1.00000000e-04 1.00000000e-04
 1.00000000e-04 1.00000000e-04 1.00000000e-04 1.00000000e-04
 1.00000000e-04 1.00000000e-04 1.00000000e-04 1.00000000e-04
 1.00000000e-04 1.00000000e-04 1.00000000e-04 1.00000000e-04
 1.00000000e-04 1.00000000e-04 1.00000000e-04 1.00000000e-04
 1.00000000e-04 1.00000000e-04 1.54394988e-01 1.00000000e-04
 1.00000000e-04 8.43105012e-01 1.00000000e-04] [136.075 117.525  39.73   43.53   50.675  59.985  59.47   59.74   73.455
  64.915  69.815  67.33   72.37   80.875  65.595  83.775  74.485  74.035
  81.545  82.155  86.61   79.32   79.965  82.     86.505  84.805  83.105]
Individual regret vector:  [[38.78884057631991, 18.330255610989894, 28.196886227496975, 26.204107862434853, 17.093972043541896, 16.63411836099086, 15.266978563644287, 19.557306652493224, 22.99935823612445, 8.401123192398273, 7.564607827475058, 5.60790242556557, 7.369254303007466, 8.487995261158744, 4.176249491770065, 3.1535000404963114, 4.500536282749337, 3.0115641584414874, 8.097203387224994, 5.495245866275852, 7.4607758557075385, 6.236025468444723, 4.984928418323847, 6.0080745853502435, 4.220113420508142, 5.810557808529211]]
KL Divergence Data Individual 0:  [9.905138, 10.318992, 9.9028845, 10.398784, 10.159616, 9.514689, 9.8591385, 10.462687, 10.537108, 10.259949]
Expected welfare:  164.2891353876502

ITERATION 27:
[1.00000000e-04 1.00000000e-04 1.00000000e-04 1.00000000e-04
 1.00000000e-04 1.00000000e-04 1.00000000e-04 1.00000000e-04
 1.00000000e-04 1.00000000e-04 1.00000000e-04 1.00000000e-04
 1.00000000e-04 1.00000000e-04 1.00000000e-04 1.00000000e-04
 1.00000000e-04 1.00000000e-04 1.00000000e-04 1.00000000e-04
 1.00000000e-04 1.00000000e-04 1.00000000e-04 1.07532497e-01
 1.00000000e-04 1.00000000e-04 1.00000000e-04 8.89867503e-01] [129.305 107.74   38.88   39.55   55.46   62.92   58.355  56.8    64.665
  57.785  66.17   58.665  66.835  69.67   66.225  79.84   73.745  74.75
  73.675  79.83   85.41   66.175  77.445  77.95   83.3    83.895  81.305
  84.37 ]
Individual regret vector:  [[38.78884057631991, 18.330255610989894, 28.196886227496975, 26.204107862434853, 17.093972043541896, 16.63411836099086, 15.266978563644287, 19.557306652493224, 22.99935823612445, 8.401123192398273, 7.564607827475058, 5.60790242556557, 7.369254303007466, 8.487995261158744, 4.176249491770065, 3.1535000404963114, 4.500536282749337, 3.0115641584414874, 8.097203387224994, 5.495245866275852, 7.4607758557075385, 6.236025468444723, 4.984928418323847, 6.0080745853502435, 4.220113420508142, 5.810557808529211, 2.995432306174905]]
KL Divergence Data Individual 0:  [11.976705, 11.988982, 11.921413, 12.083964, 11.890835, 12.063487, 11.914521, 11.755134, 11.578487, 11.721794]
Expected welfare:  164.1552724736

ITERATION 28:
[1.000e-04 1.000e-04 1.000e-04 1.000e-04 1.000e-04 1.000e-04 1.000e-04
 1.000e-04 1.000e-04 1.000e-04 1.000e-04 1.000e-04 1.000e-04 1.000e-04
 1.000e-04 1.000e-04 1.000e-04 1.000e-04 1.000e-04 1.000e-04 1.000e-04
 1.000e-04 1.000e-04 1.000e-04 1.000e-04 1.000e-04 1.000e-04 1.000e-04
 9.972e-01] [126.24  109.75   45.61   43.185  51.95   56.955  55.     49.905  66.24
  60.315  65.575  60.17   71.43   77.125  70.24   80.495  73.43   73.58
  77.91   82.645  85.23   74.865  78.42   78.485  82.9    82.135  80.405
  80.48   80.965]
Individual regret vector:  [[38.78884057631991, 18.330255610989894, 28.196886227496975, 26.204107862434853, 17.093972043541896, 16.63411836099086, 15.266978563644287, 19.557306652493224, 22.99935823612445, 8.401123192398273, 7.564607827475058, 5.60790242556557, 7.369254303007466, 8.487995261158744, 4.176249491770065, 3.1535000404963114, 4.500536282749337, 3.0115641584414874, 8.097203387224994, 5.495245866275852, 7.4607758557075385, 6.236025468444723, 4.984928418323847, 6.0080745853502435, 4.220113420508142, 5.810557808529211, 2.995432306174905, 2.6073637631999986]]
KL Divergence Data Individual 0:  [11.142287, 11.114639, 11.253504, 11.281204, 10.971049, 11.047702, 11.287334, 10.87259, 11.065235, 11.142158]
Expected welfare:  164.15461863285003

ITERATION 29:
[1.000e-04 1.000e-04 1.000e-04 1.000e-04 1.000e-04 1.000e-04 1.000e-04
 1.000e-04 1.000e-04 1.000e-04 1.000e-04 1.000e-04 1.000e-04 1.000e-04
 1.000e-04 1.000e-04 1.000e-04 1.000e-04 1.000e-04 1.000e-04 1.000e-04
 1.000e-04 1.000e-04 1.000e-04 1.000e-04 1.000e-04 1.000e-04 1.000e-04
 9.971e-01 1.000e-04] [138.69  115.73   44.575  50.775  61.305  58.635  58.755  58.86   68.025
  64.195  64.815  66.145  69.09   79.65   69.05   80.895  76.315  73.575
  78.005  79.51   86.42   71.875  81.64   80.545  83.235  83.935  79.58
  79.83   87.37   77.455]
Individual regret vector:  [[38.78884057631991, 18.330255610989894, 28.196886227496975, 26.204107862434853, 17.093972043541896, 16.63411836099086, 15.266978563644287, 19.557306652493224, 22.99935823612445, 8.401123192398273, 7.564607827475058, 5.60790242556557, 7.369254303007466, 8.487995261158744, 4.176249491770065, 3.1535000404963114, 4.500536282749337, 3.0115641584414874, 8.097203387224994, 5.495245866275852, 7.4607758557075385, 6.236025468444723, 4.984928418323847, 6.0080745853502435, 4.220113420508142, 5.810557808529211, 2.995432306174905, 2.6073637631999986, 8.142690683574997]]
KL Divergence Data Individual 0:  [11.875742, 11.59988, 11.582568, 11.686357, 11.597342, 11.659243, 11.660436, 11.176041, 11.342934, 11.581523]
Expected welfare:  164.285565268

TRIAL 1:

ITERATION 0:
KL Divergence Data Individual 0:  [6.594481, 6.5596795, 6.645834, 6.7071204, 6.6211524, 6.485076, 6.537082, 6.814063, 6.383459, 6.558566]
Expected welfare:  193.13064705900572

ITERATION 1:
[0.01031433 0.98968567] [179.65 130.3 ]
Individual regret vector:  [[34.24368882668763]]
KL Divergence Data Individual 0:  [11.181314, 11.030159, 11.036159, 11.145441, 11.015827, 10.728872, 11.045368, 11.185161, 10.964808, 10.713182]
Expected welfare:  137.6358362848434

ITERATION 2:
[1.00000000e-04 3.11918049e-01 6.87981951e-01] [148.66  114.165  76.605]
Individual regret vector:  [[34.24368882668763, 24.4270818575783]]
KL Divergence Data Individual 0:  [8.687614, 8.815859, 8.737011, 8.708844, 8.763261, 8.677793, 8.6013, 8.913423, 8.4598055, 8.700917]
Expected welfare:  122.90761531322404

ITERATION 3:
[1.00000000e-04 6.36584529e-02 4.61691815e-01 4.74549732e-01] [78.875 76.16  65.075 75.985]
Individual regret vector:  [[34.24368882668763, 24.4270818575783, 14.95119234338798]]
KL Divergence Data Individual 0:  [11.721191, 11.678627, 11.627287, 11.724554, 11.749106, 11.6748905, 11.599749, 11.903285, 11.631386, 11.829294]
Expected welfare:  109.58235542811327

ITERATION 4:
[1.00000000e-04 3.45387853e-04 1.12069338e-01 1.64660291e-01
 7.22824982e-01] [76.01  75.085 37.185 65.83  59.815]
Individual regret vector:  [[34.24368882668763, 24.4270818575783, 14.95119234338798, 13.378822285943372]]
KL Divergence Data Individual 0:  [12.429161, 12.47351, 12.423202, 11.960344, 12.365016, 11.959724, 12.061087, 12.511856, 11.86849, 12.004706]
Expected welfare:  95.77099715948606

ITERATION 5:
[1.00000000e-04 1.00000000e-04 2.18721928e-02 8.10012422e-02
 6.15508203e-01 2.81418362e-01] [71.655 79.13  39.275 69.31  66.51  21.19 ]
Individual regret vector:  [[34.24368882668763, 24.4270818575783, 14.95119234338798, 13.378822285943372, 14.96450142025698]]
KL Divergence Data Individual 0:  [12.935899, 12.971755, 12.893417, 12.768396, 13.106016, 12.924225, 12.928595, 12.854362, 12.851608, 12.866969]
Expected welfare:  94.89789629915518

ITERATION 6:
[1.00000000e-04 1.00000000e-04 2.48899464e-02 8.00708398e-02
 5.17656541e-01 7.39866682e-03 3.69784006e-01] [68.26  68.105 52.895 63.94  60.215 37.585 37.595]
Individual regret vector:  [[34.24368882668763, 24.4270818575783, 14.95119234338798, 13.378822285943372, 14.96450142025698, 8.891051850422414]]
KL Divergence Data Individual 0:  [11.861084, 11.689014, 11.872725, 11.716015, 11.550557, 11.669545, 12.030646, 11.665413, 11.3994665, 11.76676]
Expected welfare:  91.54230883752336

ITERATION 7:
[1.00000000e-04 1.00000000e-04 2.15888622e-02 2.69139588e-02
 1.65917459e-01 7.41046531e-03 3.07531588e-01 4.70437667e-01] [92.67  86.26  47.045 78.575 63.48  34.465 36.82  58.725]
Individual regret vector:  [[34.24368882668763, 24.4270818575783, 14.95119234338798, 13.378822285943372, 14.96450142025698, 8.891051850422414, 11.888845581238314]]
KL Divergence Data Individual 0:  [13.459415, 13.220255, 13.8098955, 12.824611, 13.453719, 12.945849, 13.465335, 13.387339, 13.599164, 13.581061]
Expected welfare:  107.11622388758569

ITERATION 8:
[1.00000000e-04 1.00000000e-04 1.33462084e-02 7.31526854e-02
 1.36415206e-02 5.43868446e-04 3.71654770e-03 9.06579730e-03
 8.86333372e-01] [87.85  85.53  46.67  75.02  62.28  36.    35.595 54.055 57.005]
Individual regret vector:  [[34.24368882668763, 24.4270818575783, 14.95119234338798, 13.378822285943372, 14.96450142025698, 8.891051850422414, 11.888845581238314, 14.846888056207163]]
KL Divergence Data Individual 0:  [11.354614, 11.550985, 11.431474, 11.412883, 11.592849, 11.241016, 11.274185, 11.4010105, 11.585509, 11.52098]
Expected welfare:  105.45179600181234

ITERATION 9:
[1.00000000e-04 1.96867438e-04 4.88809078e-03 6.61726362e-02
 1.29646866e-02 9.69178952e-04 2.01823637e-03 5.21005084e-03
 5.36989345e-01 3.70490908e-01] [99.435 85.125 47.055 75.86  61.025 36.055 35.485 61.115 66.995 53.605]
Individual regret vector:  [[34.24368882668763, 24.4270818575783, 14.95119234338798, 13.378822285943372, 14.96450142025698, 8.891051850422414, 11.888845581238314, 14.846888056207163, 14.004101999093841]]
KL Divergence Data Individual 0:  [11.2587385, 11.734804, 11.461231, 11.408443, 11.982521, 11.601719, 11.849817, 11.211691, 11.39003, 11.56297]
Expected welfare:  109.4751907375412

ITERATION 10:
[1.00000000e-04 1.00000000e-04 1.00000000e-04 9.48247525e-03
 1.00000000e-04 1.00000000e-04 1.00000000e-04 1.00000000e-04
 8.13636608e-02 4.26376064e-02 8.65816258e-01] [91.105 85.735 44.925 78.715 63.665 36.975 35.005 53.68  62.485 53.525
 56.5  ]
Individual regret vector:  [[34.24368882668763, 24.4270818575783, 14.95119234338798, 13.378822285943372, 14.96450142025698, 8.891051850422414, 11.888845581238314, 14.846888056207163, 14.004101999093841, 2.3347314495942086]]
KL Divergence Data Individual 0:  [12.994299, 12.547347, 12.992774, 12.615868, 13.175789, 13.01607, 12.733988, 12.915524, 13.001472, 13.12938]
Expected welfare:  110.79253156234543

ITERATION 11:
[1.00000000e-04 1.00000000e-04 1.00000000e-04 1.58118263e-03
 1.00000000e-04 1.00000000e-04 1.00000000e-04 1.00000000e-04
 7.58629644e-03 2.59669743e-03 2.36110509e-01 7.51425314e-01] [97.995 86.92  44.49  74.6   62.425 35.58  36.855 60.4   65.35  51.445
 57.425 55.07 ]
Individual regret vector:  [[34.24368882668763, 24.4270818575783, 14.95119234338798, 13.378822285943372, 14.96450142025698, 8.891051850422414, 11.888845581238314, 14.846888056207163, 14.004101999093841, 2.3347314495942086, 7.193734218827281]]
KL Divergence Data Individual 0:  [14.119248, 13.95347, 14.16226, 14.282409, 14.031156, 14.28333, 13.935138, 14.2727, 13.918714, 14.107258]
Expected welfare:  111.4244065241499

ITERATION 12:
[1.00000000e-04 1.00000000e-04 1.00000000e-04 1.15114729e-03
 1.00000000e-04 1.00000000e-04 1.00000000e-04 1.00000000e-04
 1.24715165e-02 3.03316066e-03 2.24724737e-01 3.25792424e-01
 4.32127015e-01] [100.44   81.49   41.215  61.585  67.015  32.855  32.505  56.51   65.09
  58.84   61.115  62.125  65.79 ]
Individual regret vector:  [[34.24368882668763, 24.4270818575783, 14.95119234338798, 13.378822285943372, 14.96450142025698, 8.891051850422414, 11.888845581238314, 14.846888056207163, 14.004101999093841, 2.3347314495942086, 7.193734218827281, 12.612796737925045]]
KL Divergence Data Individual 0:  [11.677347, 12.042539, 12.1647835, 11.87019, 11.708784, 12.051376, 11.830063, 11.928296, 11.834892, 11.896528]
Expected welfare:  103.37044092939693

ITERATION 13:
[1.00000000e-04 1.00000000e-04 1.00000000e-04 1.06694339e-02
 1.00000000e-04 1.00000000e-04 1.00000000e-04 1.00000000e-04
 1.06425179e-04 3.21039591e-03 3.09263259e-02 3.76221080e-02
 3.27100677e-02 8.84055243e-01] [92.95  83.13  33.95  64.41  61.44  31.995 30.525 59.12  62.82  55.03
 54.68  60.495 59.36  54.13 ]
Individual regret vector:  [[34.24368882668763, 24.4270818575783, 14.95119234338798, 13.378822285943372, 14.96450142025698, 8.891051850422414, 11.888845581238314, 14.846888056207163, 14.004101999093841, 2.3347314495942086, 7.193734218827281, 12.612796737925045, 12.084779535301529]]
KL Divergence Data Individual 0:  [11.141152, 11.0802965, 10.994679, 10.756366, 10.990739, 11.724893, 10.961309, 11.267152, 11.08873, 11.383632]
Expected welfare:  104.01277883860499

ITERATION 14:
[1.00000000e-04 1.00000000e-04 1.00000000e-04 1.00000000e-04
 1.00000000e-04 1.00000000e-04 1.00000000e-04 1.00000000e-04
 1.00000000e-04 1.00000000e-04 1.00000000e-04 2.39083217e-03
 5.62102090e-04 3.89612303e-01 6.06334763e-01] [91.785 85.79  38.025 64.615 59.585 31.415 30.705 59.77  66.45  53.75
 57.82  53.375 58.365 55.77  47.665]
Individual regret vector:  [[34.24368882668763, 24.4270818575783, 14.95119234338798, 13.378822285943372, 14.96450142025698, 8.891051850422414, 11.888845581238314, 14.846888056207163, 14.004101999093841, 2.3347314495942086, 7.193734218827281, 12.612796737925045, 12.084779535301529, 1.6136105806975038]]
KL Divergence Data Individual 0:  [11.794654, 11.908173, 11.769503, 11.905055, 11.68124, 11.19649, 11.3540945, 11.743195, 11.4356785, 11.719232]
Expected welfare:  103.80236135446869

ITERATION 15:
[1.00000000e-04 1.00000000e-04 1.00000000e-04 1.00000000e-04
 1.00000000e-04 1.00000000e-04 1.00000000e-04 1.00000000e-04
 1.00000000e-04 1.00000000e-04 1.00000000e-04 1.00000000e-04
 1.00000000e-04 3.88676545e-01 5.66946924e-01 4.30765305e-02] [93.775 84.47  40.565 66.47  61.76  31.305 29.495 58.66  66.255 54.485
 55.575 60.42  54.325 55.71  48.055 45.9  ]
Individual regret vector:  [[34.24368882668763, 24.4270818575783, 14.95119234338798, 13.378822285943372, 14.96450142025698, 8.891051850422414, 11.888845581238314, 14.846888056207163, 14.004101999093841, 2.3347314495942086, 7.193734218827281, 12.612796737925045, 12.084779535301529, 1.6136105806975038, 3.2038193227656464]]
KL Divergence Data Individual 0:  [10.818022, 10.879368, 10.68768, 10.296122, 10.414728, 10.927894, 10.521002, 10.691685, 11.1024, 10.771418]
Expected welfare:  103.6288117072782

ITERATION 16:
[1.00000000e-04 1.00000000e-04 1.00000000e-04 2.49464003e-03
 1.00000000e-04 1.00000000e-04 1.00000000e-04 1.00000000e-04
 1.00000000e-04 1.00000000e-04 2.94117625e-03 3.47323983e-03
 6.18330586e-03 5.21087339e-01 1.68082619e-01 1.41015064e-01
 1.53822616e-01] [86.97  82.61  39.605 67.99  57.095 30.95  31.38  59.575 63.46  56.995
 54.705 59.075 58.69  53.    45.195 51.7   45.975]
Individual regret vector:  [[34.24368882668763, 24.4270818575783, 14.95119234338798, 13.378822285943372, 14.96450142025698, 8.891051850422414, 11.888845581238314, 14.846888056207163, 14.004101999093841, 2.3347314495942086, 7.193734218827281, 12.612796737925045, 12.084779535301529, 1.6136105806975038, 3.2038193227656464, 3.400594146360902]]
KL Divergence Data Individual 0:  [10.8793745, 10.988053, 10.899822, 10.844007, 11.049738, 10.95448, 10.892774, 11.308536, 11.1782675, 10.934194]
Expected welfare:  103.62821257837149

ITERATION 17:
[1.00000000e-04 1.00000000e-04 1.00000000e-04 1.00000000e-04
 1.00000000e-04 1.00000000e-04 1.00000000e-04 1.00000000e-04
 1.00000000e-04 1.00000000e-04 1.00000000e-04 1.00000000e-04
 1.00000000e-04 5.38926829e-01 6.45129204e-02 2.08186247e-01
 1.78381219e-01 8.69278443e-03] [91.495 82.64  36.4   62.165 61.9   27.87  28.39  58.625 64.605 53.75
 57.475 54.17  55.33  56.03  46.515 46.165 50.185 51.705]
Individual regret vector:  [[34.24368882668763, 24.4270818575783, 14.95119234338798, 13.378822285943372, 14.96450142025698, 8.891051850422414, 11.888845581238314, 14.846888056207163, 14.004101999093841, 2.3347314495942086, 7.193734218827281, 12.612796737925045, 12.084779535301529, 1.6136105806975038, 3.2038193227656464, 3.400594146360902, 5.470893710814266]]
KL Divergence Data Individual 0:  [10.867703, 10.927085, 11.060408, 10.708028, 10.651972, 10.615241, 10.716157, 11.208119, 10.7822695, 10.753086]
Expected welfare:  104.34234341752862

ITERATION 18:
[1.00000000e-04 1.00000000e-04 1.00000000e-04 1.00000000e-04
 1.00000000e-04 1.00000000e-04 1.00000000e-04 1.00000000e-04
 1.00000000e-04 1.00000000e-04 1.00000000e-04 1.00000000e-04
 1.00000000e-04 5.40795737e-01 1.90837748e-03 1.39500744e-01
 9.80092053e-02 1.06961230e-02 2.07789813e-01] [95.32  81.905 37.23  64.44  63.845 30.825 31.285 57.385 65.385 56.735
 56.675 58.66  56.26  51.61  47.48  47.84  49.035 45.905 49.525]
Individual regret vector:  [[34.24368882668763, 24.4270818575783, 14.95119234338798, 13.378822285943372, 14.96450142025698, 8.891051850422414, 11.888845581238314, 14.846888056207163, 14.004101999093841, 2.3347314495942086, 7.193734218827281, 12.612796737925045, 12.084779535301529, 1.6136105806975038, 3.2038193227656464, 3.400594146360902, 5.470893710814266, 2.158828291235686]]
KL Divergence Data Individual 0:  [11.886509, 12.24051, 12.113017, 12.43619, 12.240521, 12.104522, 12.493774, 12.298012, 12.496699, 12.182378]
Expected welfare:  104.39052620077373

ITERATION 19:
[1.00000000e-04 1.00000000e-04 1.00000000e-04 1.00000000e-04
 1.00000000e-04 1.00000000e-04 1.00000000e-04 1.00000000e-04
 1.00000000e-04 1.00000000e-04 1.00000000e-04 1.00000000e-04
 1.00000000e-04 5.43566776e-01 1.00000000e-04 1.35940666e-01
 8.63826471e-02 3.37137964e-03 2.29238532e-01 1.00000000e-04] [90.075 84.94  40.13  60.415 62.935 29.575 31.35  56.635 64.705 54.69
 56.71  61.29  56.655 53.835 49.175 48.685 47.085 50.215 48.625 49.82 ]
Individual regret vector:  [[34.24368882668763, 24.4270818575783, 14.95119234338798, 13.378822285943372, 14.96450142025698, 8.891051850422414, 11.888845581238314, 14.846888056207163, 14.004101999093841, 2.3347314495942086, 7.193734218827281, 12.612796737925045, 12.084779535301529, 1.6136105806975038, 3.2038193227656464, 3.400594146360902, 5.470893710814266, 2.158828291235686, 1.5747368996131428]]
KL Divergence Data Individual 0:  [10.303208, 10.984602, 10.426779, 10.661969, 11.062144, 10.467393, 9.749541, 10.599643, 10.487251, 10.33676]
Expected welfare:  104.67287369548474

ITERATION 20:
[1.00000000e-04 1.00000000e-04 1.00000000e-04 1.00000000e-04
 1.00000000e-04 1.00000000e-04 1.00000000e-04 1.00000000e-04
 1.00000000e-04 1.00000000e-04 1.00000000e-04 1.00000000e-04
 1.00000000e-04 6.27514999e-01 1.00000000e-04 3.70585001e-01
 1.00000000e-04 1.00000000e-04 1.00000000e-04 1.00000000e-04
 1.00000000e-04] [91.05  85.495 39.31  66.51  62.56  27.815 29.125 56.68  68.51  53.57
 54.88  56.98  55.55  53.27  46.86  45.605 50.44  47.91  48.965 50.355
 48.27 ]
Individual regret vector:  [[34.24368882668763, 24.4270818575783, 14.95119234338798, 13.378822285943372, 14.96450142025698, 8.891051850422414, 11.888845581238314, 14.846888056207163, 14.004101999093841, 2.3347314495942086, 7.193734218827281, 12.612796737925045, 12.084779535301529, 1.6136105806975038, 3.2038193227656464, 3.400594146360902, 5.470893710814266, 2.158828291235686, 1.5747368996131428, 1.3635631522576261]]
KL Divergence Data Individual 0:  [12.405205, 11.881939, 12.100076, 11.832856, 11.963479, 12.416183, 12.544942, 12.280032, 11.896759, 11.995754]
Expected welfare:  104.67237300993818

ITERATION 21:
[1.00000000e-04 1.00000000e-04 1.00000000e-04 1.00000000e-04
 1.00000000e-04 1.00000000e-04 1.00000000e-04 1.00000000e-04
 1.00000000e-04 1.00000000e-04 1.00000000e-04 1.00000000e-04
 1.00000000e-04 6.27511448e-01 1.00000000e-04 3.70488552e-01
 1.00000000e-04 1.00000000e-04 1.00000000e-04 1.00000000e-04
 1.00000000e-04 1.00000000e-04] [88.995 83.725 36.755 65.75  62.14  33.165 30.48  56.85  63.885 54.975
 60.88  59.265 55.305 56.19  48.805 47.965 48.435 50.08  48.495 46.87
 44.315 46.42 ]
Individual regret vector:  [[34.24368882668763, 24.4270818575783, 14.95119234338798, 13.378822285943372, 14.96450142025698, 8.891051850422414, 11.888845581238314, 14.846888056207163, 14.004101999093841, 2.3347314495942086, 7.193734218827281, 12.612796737925045, 12.084779535301529, 1.6136105806975038, 3.2038193227656464, 3.400594146360902, 5.470893710814266, 2.158828291235686, 1.5747368996131428, 1.3635631522576261, 3.8038134950309086]]
KL Divergence Data Individual 0:  [10.434807, 10.641841, 10.461051, 10.293169, 10.843498, 10.564329, 10.300067, 10.313411, 10.553082, 10.796394]
Expected welfare:  104.31201709055811

ITERATION 22:
[1.00000000e-04 1.00000000e-04 1.00000000e-04 1.00000000e-04
 1.00000000e-04 1.00000000e-04 1.00000000e-04 1.00000000e-04
 1.00000000e-04 1.00000000e-04 1.00000000e-04 1.00000000e-04
 1.00000000e-04 5.03763530e-01 1.00000000e-04 1.00000000e-04
 1.14148702e-01 1.00000000e-04 3.80087768e-01 1.00000000e-04
 1.00000000e-04 1.00000000e-04 1.00000000e-04] [86.625 84.255 36.465 66.115 58.035 28.7   29.12  57.22  67.725 54.355
 57.59  55.875 57.935 55.695 45.11  50.93  44.745 48.87  50.21  51.755
 49.015 47.755 48.15 ]
Individual regret vector:  [[34.24368882668763, 24.4270818575783, 14.95119234338798, 13.378822285943372, 14.96450142025698, 8.891051850422414, 11.888845581238314, 14.846888056207163, 14.004101999093841, 2.3347314495942086, 7.193734218827281, 12.612796737925045, 12.084779535301529, 1.6136105806975038, 3.2038193227656464, 3.400594146360902, 5.470893710814266, 2.158828291235686, 1.5747368996131428, 1.3635631522576261, 3.8038134950309086, 4.673991454720941]]
KL Divergence Data Individual 0:  [11.093721, 10.621453, 11.139255, 10.874031, 10.897258, 10.179803, 10.531031, 10.269541, 10.800097, 10.532721]
Expected welfare:  104.37503369111522

ITERATION 23:
[1.00000000e-04 1.00000000e-04 1.00000000e-04 1.00000000e-04
 1.00000000e-04 1.00000000e-04 1.00000000e-04 1.00000000e-04
 1.00000000e-04 1.00000000e-04 1.00000000e-04 1.00000000e-04
 1.00000000e-04 4.88900570e-01 1.00000000e-04 1.45999558e-01
 1.00000000e-04 1.00000000e-04 1.00000000e-04 1.00000000e-04
 1.00000000e-04 1.00000000e-04 1.00000000e-04 3.62999872e-01] [86.325 82.985 39.97  69.26  60.765 30.695 31.745 58.225 62.665 56.34
 54.58  56.75  61.395 54.365 48.37  47.135 46.89  46.295 46.845 47.445
 46.33  47.67  48.66  48.015]
Individual regret vector:  [[34.24368882668763, 24.4270818575783, 14.95119234338798, 13.378822285943372, 14.96450142025698, 8.891051850422414, 11.888845581238314, 14.846888056207163, 14.004101999093841, 2.3347314495942086, 7.193734218827281, 12.612796737925045, 12.084779535301529, 1.6136105806975038, 3.2038193227656464, 3.400594146360902, 5.470893710814266, 2.158828291235686, 1.5747368996131428, 1.3635631522576261, 3.8038134950309086, 4.673991454720941, 2.4924831544423824]]
KL Divergence Data Individual 0:  [11.066693, 10.476599, 11.185189, 10.737609, 10.858581, 10.870078, 11.30451, 11.033165, 10.801096, 11.257955]
Expected welfare:  104.3745042521667

ITERATION 24:
[1.00000000e-04 1.00000000e-04 1.00000000e-04 1.00000000e-04
 1.00000000e-04 1.00000000e-04 1.00000000e-04 1.00000000e-04
 1.00000000e-04 1.00000000e-04 1.00000000e-04 1.00000000e-04
 1.00000000e-04 4.88903092e-01 1.00000000e-04 1.45954239e-01
 1.00000000e-04 1.00000000e-04 1.00000000e-04 1.00000000e-04
 1.00000000e-04 1.00000000e-04 1.00000000e-04 3.62942669e-01
 1.00000000e-04] [92.305 82.515 36.96  60.03  61.87  32.41  30.32  54.525 63.98  51.28
 55.13  58.905 57.395 56.445 44.52  48.99  48.325 50.47  48.37  49.675
 47.44  48.73  45.29  47.65  46.125]
Individual regret vector:  [[34.24368882668763, 24.4270818575783, 14.95119234338798, 13.378822285943372, 14.96450142025698, 8.891051850422414, 11.888845581238314, 14.846888056207163, 14.004101999093841, 2.3347314495942086, 7.193734218827281, 12.612796737925045, 12.084779535301529, 1.6136105806975038, 3.2038193227656464, 3.400594146360902, 5.470893710814266, 2.158828291235686, 1.5747368996131428, 1.3635631522576261, 3.8038134950309086, 4.673991454720941, 2.4924831544423824, 6.062747873916635]]
KL Divergence Data Individual 0:  [10.878806, 10.90962, 10.58225, 10.998486, 11.525246, 11.065478, 11.214876, 10.828047, 10.799423, 11.167328]
Expected welfare:  104.37486484084923

ITERATION 25:
[1.00000000e-04 1.00000000e-04 1.00000000e-04 1.00000000e-04
 1.00000000e-04 1.00000000e-04 1.00000000e-04 1.00000000e-04
 1.00000000e-04 1.00000000e-04 1.00000000e-04 1.00000000e-04
 1.00000000e-04 4.88925471e-01 1.00000000e-04 1.45890528e-01
 1.00000000e-04 1.00000000e-04 1.00000000e-04 1.00000000e-04
 1.00000000e-04 1.00000000e-04 1.00000000e-04 3.62884001e-01
 1.00000000e-04 1.00000000e-04] [75.825 73.515 40.465 61.845 56.72  27.305 28.9   53.56  56.105 48.18
 57.775 54.845 54.86  51.36  48.62  49.485 52.21  48.64  50.63  45.915
 49.565 50.06  48.625 47.9   47.59  50.085]
Individual regret vector:  [[34.24368882668763, 24.4270818575783, 14.95119234338798, 13.378822285943372, 14.96450142025698, 8.891051850422414, 11.888845581238314, 14.846888056207163, 14.004101999093841, 2.3347314495942086, 7.193734218827281, 12.612796737925045, 12.084779535301529, 1.6136105806975038, 3.2038193227656464, 3.400594146360902, 5.470893710814266, 2.158828291235686, 1.5747368996131428, 1.3635631522576261, 3.8038134950309086, 4.673991454720941, 2.4924831544423824, 6.062747873916635, 3.312567579575365]]
KL Divergence Data Individual 0:  [12.479451, 12.3693075, 12.305963, 12.43024, 12.682061, 12.399321, 12.478625, 12.229166, 12.250441, 12.274737]
Expected welfare:  104.37331734479427

ITERATION 26:
[1.00000000e-04 1.00000000e-04 1.00000000e-04 1.00000000e-04
 1.00000000e-04 1.00000000e-04 1.00000000e-04 1.00000000e-04
 1.00000000e-04 1.00000000e-04 1.00000000e-04 1.00000000e-04
 1.00000000e-04 4.88918589e-01 1.00000000e-04 1.45861490e-01
 1.00000000e-04 1.00000000e-04 1.00000000e-04 1.00000000e-04
 1.00000000e-04 1.00000000e-04 1.00000000e-04 3.62819921e-01
 1.00000000e-04 1.00000000e-04 1.00000000e-04] [60.475 73.555 37.955 64.785 54.615 31.01  28.24  48.905 54.35  53.575
 56.31  54.465 54.78  49.555 46.39  47.03  48.32  47.53  46.975 48.94
 48.735 48.12  46.77  48.465 49.655 49.195 48.365]
Individual regret vector:  [[34.24368882668763, 24.4270818575783, 14.95119234338798, 13.378822285943372, 14.96450142025698, 8.891051850422414, 11.888845581238314, 14.846888056207163, 14.004101999093841, 2.3347314495942086, 7.193734218827281, 12.612796737925045, 12.084779535301529, 1.6136105806975038, 3.2038193227656464, 3.400594146360902, 5.470893710814266, 2.158828291235686, 1.5747368996131428, 1.3635631522576261, 3.8038134950309086, 4.673991454720941, 2.4924831544423824, 6.062747873916635, 3.312567579575365, 0.0033413276028610994]]
KL Divergence Data Individual 0:  [11.769361, 11.183394, 11.175428, 11.336004, 11.492747, 11.193868, 11.292552, 11.639103, 11.122095, 11.438887]
Expected welfare:  104.37084188053629

ITERATION 27:
[1.00000000e-04 1.00000000e-04 1.00000000e-04 1.00000000e-04
 1.00000000e-04 1.00000000e-04 1.00000000e-04 1.00000000e-04
 1.00000000e-04 1.00000000e-04 1.00000000e-04 1.00000000e-04
 1.00000000e-04 4.88870695e-01 1.00000000e-04 1.45700837e-01
 1.00000000e-04 1.00000000e-04 1.00000000e-04 1.00000000e-04
 1.00000000e-04 1.00000000e-04 1.00000000e-04 3.62928468e-01
 1.00000000e-04 1.00000000e-04 1.00000000e-04 1.00000000e-04] [61.675 69.6   33.33  60.575 48.655 30.18  25.22  48.285 49.35  47.4
 51.58  51.355 52.015 49.    48.79  48.92  49.82  51.23  46.87  50.355
 49.32  49.175 47.595 47.06  51.515 46.9   46.23  41.765]
Individual regret vector:  [[34.24368882668763, 24.4270818575783, 14.95119234338798, 13.378822285943372, 14.96450142025698, 8.891051850422414, 11.888845581238314, 14.846888056207163, 14.004101999093841, 2.3347314495942086, 7.193734218827281, 12.612796737925045, 12.084779535301529, 1.6136105806975038, 3.2038193227656464, 3.400594146360902, 5.470893710814266, 2.158828291235686, 1.5747368996131428, 1.3635631522576261, 3.8038134950309086, 4.673991454720941, 2.4924831544423824, 6.062747873916635, 3.312567579575365, 0.0033413276028610994, 7.279579059731859]]
KL Divergence Data Individual 0:  [11.87764, 11.937105, 12.036776, 11.929583, 12.242669, 12.237645, 11.963402, 12.072781, 12.117222, 12.28066]
Expected welfare:  104.36779046431606

ITERATION 28:
[1.00000000e-04 1.00000000e-04 1.00000000e-04 1.00000000e-04
 1.00000000e-04 1.00000000e-04 1.00000000e-04 1.00000000e-04
 1.00000000e-04 1.00000000e-04 1.00000000e-04 1.00000000e-04
 1.00000000e-04 4.88844996e-01 1.00000000e-04 1.45598735e-01
 1.00000000e-04 1.00000000e-04 1.00000000e-04 1.00000000e-04
 1.00000000e-04 1.00000000e-04 1.00000000e-04 3.62956269e-01
 1.00000000e-04 1.00000000e-04 1.00000000e-04 1.00000000e-04
 1.00000000e-04] [67.2   65.22  31.825 61.49  50.59  29.69  26.475 45.94  48.09  45.135
 48.395 47.38  51.79  51.84  47.505 52.445 48.055 47.245 50.37  48.74
 47.875 52.53  50.195 44.485 47.59  46.03  45.515 44.92  41.265]
Individual regret vector:  [[34.24368882668763, 24.4270818575783, 14.95119234338798, 13.378822285943372, 14.96450142025698, 8.891051850422414, 11.888845581238314, 14.846888056207163, 14.004101999093841, 2.3347314495942086, 7.193734218827281, 12.612796737925045, 12.084779535301529, 1.6136105806975038, 3.2038193227656464, 3.400594146360902, 5.470893710814266, 2.158828291235686, 1.5747368996131428, 1.3635631522576261, 3.8038134950309086, 4.673991454720941, 2.4924831544423824, 6.062747873916635, 3.312567579575365, 0.0033413276028610994, 7.279579059731859, 3.65610476784196]]
KL Divergence Data Individual 0:  [10.142785, 10.0892105, 10.02564, 10.103229, 10.351679, 10.559528, 10.190747, 9.569602, 10.334451, 10.044329]
Expected welfare:  104.36573149077253

ITERATION 29:
[1.00000000e-04 1.00000000e-04 1.00000000e-04 1.00000000e-04
 1.00000000e-04 1.00000000e-04 1.00000000e-04 1.00000000e-04
 1.00000000e-04 1.00000000e-04 1.00000000e-04 1.00000000e-04
 1.00000000e-04 4.88826456e-01 1.00000000e-04 1.45592410e-01
 1.00000000e-04 1.00000000e-04 1.00000000e-04 1.00000000e-04
 1.00000000e-04 1.00000000e-04 1.00000000e-04 3.62881134e-01
 1.00000000e-04 1.00000000e-04 1.00000000e-04 1.00000000e-04
 1.00000000e-04 1.00000000e-04] [62.9   67.05  33.53  58.9   50.12  29.915 27.58  43.375 48.555 43.26
 48.525 50.055 53.25  53.42  50.805 48.525 50.765 48.52  52.44  51.115
 51.24  48.68  49.34  49.555 51.245 49.965 45.25  42.88  41.945 44.26 ]
Individual regret vector:  [[34.24368882668763, 24.4270818575783, 14.95119234338798, 13.378822285943372, 14.96450142025698, 8.891051850422414, 11.888845581238314, 14.846888056207163, 14.004101999093841, 2.3347314495942086, 7.193734218827281, 12.612796737925045, 12.084779535301529, 1.6136105806975038, 3.2038193227656464, 3.400594146360902, 5.470893710814266, 2.158828291235686, 1.5747368996131428, 1.3635631522576261, 3.8038134950309086, 4.673991454720941, 2.4924831544423824, 6.062747873916635, 3.312567579575365, 0.0033413276028610994, 7.279579059731859, 3.65610476784196, 5.5621342546137384]]
KL Divergence Data Individual 0:  [10.385457, 10.5556, 10.154098, 10.092488, 10.151451, 10.083409, 10.258977, 10.066057, 10.539706, 10.477358]
Expected welfare:  104.36374606640594

Calculating alternate RRD Welfares
Exited RRD with total regret 0.0009999933175777187 that was less than regret lambda 0.001 after 26338 iterations 
Exited RRD with total regret 0.0009999972115863898 that was less than regret lambda 0.001 after 27070 iterations 
Exited RRD with total regret 0.0009999571238736848 that was less than regret lambda 0.001 after 31901 iterations 
Exited RRD with total regret 0.0009998442218730474 that was less than regret lambda 0.001 after 18217 iterations 
Exited RRD with total regret 0.000999903733529095 that was less than regret lambda 0.001 after 26996 iterations 
Exited RRD with total regret 0.0009998950898406633 that was less than regret lambda 0.001 after 24598 iterations 
Exited RRD with total regret 0.0009998939034758791 that was less than regret lambda 0.001 after 23142 iterations 
Exited RRD with total regret 0.000999891212885018 that was less than regret lambda 0.001 after 20642 iterations 
Exited RRD with total regret 0.0009999105247970874 that was less than regret lambda 0.001 after 31194 iterations 
Exited RRD with total regret 0.0009999946433154605 that was less than regret lambda 0.001 after 25653 iterations 
Exited RRD with total regret 0.0009999506471558561 that was less than regret lambda 0.001 after 23633 iterations 
Exited RRD with total regret 0.000999994234113899 that was less than regret lambda 0.001 after 26525 iterations 
Exited RRD with total regret 0.000999901467828579 that was less than regret lambda 0.001 after 20893 iterations 
Exited RRD with total regret 0.0009999424688444947 that was less than regret lambda 0.001 after 27211 iterations 
Exited RRD with total regret 0.0009999955214397005 that was less than regret lambda 0.001 after 23040 iterations 
Exited RRD with total regret 0.0009999791549049064 that was less than regret lambda 0.001 after 27725 iterations 
Exited RRD with total regret 0.0009999619644176505 that was less than regret lambda 0.001 after 25494 iterations 
Exited RRD with total regret 0.0009999977850299047 that was less than regret lambda 0.001 after 27282 iterations 
Exited RRD with total regret 0.0009999347771270095 that was less than regret lambda 0.001 after 24581 iterations 
Exited RRD with total regret 0.0009998871511314178 that was less than regret lambda 0.001 after 25421 iterations 
Exited RRD with total regret 0.0009999420118518287 that was less than regret lambda 0.001 after 33288 iterations 
Exited RRD with total regret 0.0009999114784235985 that was less than regret lambda 0.001 after 26556 iterations 
Exited RRD with total regret 0.0009999491113603654 that was less than regret lambda 0.001 after 28500 iterations 
Exited RRD with total regret 0.0009999384194401273 that was less than regret lambda 0.001 after 26695 iterations 
Exited RRD with total regret 0.0009999266847984245 that was less than regret lambda 0.001 after 30178 iterations 
Exited RRD with total regret 0.0009999804148037583 that was less than regret lambda 0.001 after 29175 iterations 
Exited RRD with total regret 0.0009999319863993605 that was less than regret lambda 0.001 after 23262 iterations 
Exited RRD with total regret 0.0009999181349442665 that was less than regret lambda 0.001 after 26839 iterations 
Exited RRD with total regret 0.0009999345994629039 that was less than regret lambda 0.001 after 24631 iterations 
Exited RRD with total regret 0.0009999486855747364 that was less than regret lambda 0.001 after 25914 iterations 
Exited RRD with total regret 0.0009999076462392509 that was less than regret lambda 0.001 after 27046 iterations 
Exited RRD with total regret 0.000999986494349514 that was less than regret lambda 0.001 after 17312 iterations 
Exited RRD with total regret 0.0009999738110266776 that was less than regret lambda 0.001 after 27119 iterations 
Exited RRD with total regret 0.0009999919358563147 that was less than regret lambda 0.001 after 18195 iterations 
Exited RRD with total regret 0.0009999751782956423 that was less than regret lambda 0.001 after 27182 iterations 
Exited RRD with total regret 0.0009999896721097912 that was less than regret lambda 0.001 after 32093 iterations 
Exited RRD with total regret 0.0009998863665359181 that was less than regret lambda 0.001 after 26415 iterations 
Exited RRD with total regret 0.0009999044432902338 that was less than regret lambda 0.001 after 25042 iterations 
Exited RRD with total regret 0.0009999049906994628 that was less than regret lambda 0.001 after 24183 iterations 
Exited RRD with total regret 0.0009999201284998094 that was less than regret lambda 0.001 after 31929 iterations 
Exited RRD with total regret 0.0009999805809428608 that was less than regret lambda 0.001 after 24603 iterations 
Exited RRD with total regret 0.0009999768351747207 that was less than regret lambda 0.001 after 25135 iterations 
Exited RRD with total regret 0.0009999126860691376 that was less than regret lambda 0.001 after 29299 iterations 
Exited RRD with total regret 0.0009999409193710562 that was less than regret lambda 0.001 after 24613 iterations 
Exited RRD with total regret 0.000999957276405894 that was less than regret lambda 0.001 after 27722 iterations 
Exited RRD with total regret 0.0009999555393989112 that was less than regret lambda 0.001 after 27200 iterations 
Exited RRD with total regret 0.0009999638532818267 that was less than regret lambda 0.001 after 22424 iterations 
Exited RRD with total regret 0.0009999476043063282 that was less than regret lambda 0.001 after 29756 iterations 
Exited RRD with total regret 0.0009999491802190619 that was less than regret lambda 0.001 after 26988 iterations 
Exited RRD with total regret 0.0009999059112857367 that was less than regret lambda 0.001 after 26668 iterations 
Exited RRD with total regret 0.0009999203272741397 that was less than regret lambda 0.001 after 26304 iterations 
Exited RRD with total regret 0.0009998909341533135 that was less than regret lambda 0.001 after 18345 iterations 
Exited RRD with total regret 0.000999949168864589 that was less than regret lambda 0.001 after 38057 iterations 
Exited RRD with total regret 0.0009999171165873122 that was less than regret lambda 0.001 after 28938 iterations 
Exited RRD with total regret 0.0009998928896166603 that was less than regret lambda 0.001 after 38223 iterations 
Exited RRD with total regret 0.000999896054466376 that was less than regret lambda 0.001 after 21403 iterations 
Exited RRD with total regret 0.0009998932952086648 that was less than regret lambda 0.001 after 24523 iterations 
Exited RRD with total regret 0.0009999185285138878 that was less than regret lambda 0.001 after 27012 iterations 
Exited RRD with total regret 0.0009999384988645943 that was less than regret lambda 0.001 after 24423 iterations 
Exited RRD with total regret 0.0009998968023268162 that was less than regret lambda 0.001 after 26125 iterations 
Exited RRD with total regret 0.0009998897926450923 that was less than regret lambda 0.001 after 31315 iterations 
Exited RRD with total regret 0.0009999579531125846 that was less than regret lambda 0.001 after 26155 iterations 
Exited RRD with total regret 0.000999967237660826 that was less than regret lambda 0.001 after 28675 iterations 
Exited RRD with total regret 0.0009999384962142699 that was less than regret lambda 0.001 after 28900 iterations 
Exited RRD with total regret 0.0009999199216252919 that was less than regret lambda 0.001 after 33428 iterations 
Exited RRD with total regret 0.000999972437874419 that was less than regret lambda 0.001 after 23265 iterations 
Exited RRD with total regret 0.0009999743972457509 that was less than regret lambda 0.001 after 27955 iterations 
Exited RRD with total regret 0.0009998977795149244 that was less than regret lambda 0.001 after 30200 iterations 
Exited RRD with total regret 0.000999927958275748 that was less than regret lambda 0.001 after 25720 iterations 
Exited RRD with total regret 0.000999926129118478 that was less than regret lambda 0.001 after 31547 iterations 
Exited RRD with total regret 0.0009999802541145186 that was less than regret lambda 0.001 after 28949 iterations 
Exited RRD with total regret 0.0009998953497500906 that was less than regret lambda 0.001 after 27505 iterations 
Exited RRD with total regret 0.0009999790521320051 that was less than regret lambda 0.001 after 28389 iterations 
Exited RRD with total regret 0.000999946615429792 that was less than regret lambda 0.001 after 24595 iterations 
Exited RRD with total regret 0.0009999145887675809 that was less than regret lambda 0.001 after 26244 iterations 
Exited RRD with total regret 0.0009999506633278088 that was less than regret lambda 0.001 after 32828 iterations 
Exited RRD with total regret 0.0009999156465667625 that was less than regret lambda 0.001 after 29493 iterations 
Exited RRD with total regret 0.000999954937618952 that was less than regret lambda 0.001 after 16909 iterations 
Exited RRD with total regret 0.0009999183028028824 that was less than regret lambda 0.001 after 22543 iterations 
Exited RRD with total regret 0.0009999076271469676 that was less than regret lambda 0.001 after 22834 iterations 
Exited RRD with total regret 0.0009999210254036939 that was less than regret lambda 0.001 after 26138 iterations 
Exited RRD with total regret 0.0009999888792151523 that was less than regret lambda 0.001 after 24778 iterations 
Exited RRD with total regret 0.0009999113574110652 that was less than regret lambda 0.001 after 26878 iterations 
Exited RRD with total regret 0.0009999452078233162 that was less than regret lambda 0.001 after 33117 iterations 
Exited RRD with total regret 0.0009999056522147498 that was less than regret lambda 0.001 after 25510 iterations 
Exited RRD with total regret 0.0009998909340964701 that was less than regret lambda 0.001 after 26835 iterations 
Exited RRD with total regret 0.000999919453960274 that was less than regret lambda 0.001 after 26642 iterations 
Exited RRD with total regret 0.0009999020444269036 that was less than regret lambda 0.001 after 28858 iterations 
Exited RRD with total regret 0.0009999507405140662 that was less than regret lambda 0.001 after 19698 iterations 
Exited RRD with total regret 0.0009999125620154814 that was less than regret lambda 0.001 after 29283 iterations 
Exited RRD with total regret 0.0009999630726369446 that was less than regret lambda 0.001 after 27848 iterations 
Exited RRD with total regret 0.000999969153390623 that was less than regret lambda 0.001 after 21120 iterations 
Exited RRD with total regret 0.0009999595666201344 that was less than regret lambda 0.001 after 19882 iterations 
Exited RRD with total regret 0.000999911273609655 that was less than regret lambda 0.001 after 35850 iterations 
Exited RRD with total regret 0.000999855882390932 that was less than regret lambda 0.001 after 15416 iterations 
Exited RRD with total regret 0.0009999644922302764 that was less than regret lambda 0.001 after 24338 iterations 
Exited RRD with total regret 0.0009999234825173176 that was less than regret lambda 0.001 after 24985 iterations 
Exited RRD with total regret 0.0009998861650970525 that was less than regret lambda 0.001 after 26795 iterations 
Exited RRD with total regret 0.0009998872458609753 that was less than regret lambda 0.001 after 17875 iterations 
Exited RRD with total regret 0.00099995399162367 that was less than regret lambda 0.001 after 23501 iterations 
([array([1.00000000e-06, 1.00000000e-06, 1.00000000e-06, 1.00000000e-06,
       1.00000000e-06, 1.00000000e-06, 1.00000000e-06, 1.00000000e-06,
       1.00000000e-06, 1.00000000e-06, 1.00000000e-06, 1.00000000e-06,
       1.00000000e-06, 1.00000000e-06, 1.00000000e-06, 1.00000000e-06,
       1.00000000e-06, 1.00000000e-06, 1.00000000e-06, 1.00000000e-06,
       1.00000000e-06, 1.00000000e-06, 1.17701478e-03, 1.00000000e-06,
       1.00000000e-06, 9.98793985e-01, 1.00000000e-06, 1.00000000e-06,
       1.00000000e-06, 1.00000000e-06, 1.00000000e-06]), array([1.0000e-06, 1.0000e-06, 1.0000e-06, 1.0000e-06, 1.0000e-06,
       1.0000e-06, 1.0000e-06, 1.0000e-06, 1.0000e-06, 1.0000e-06,
       1.0000e-06, 1.0000e-06, 1.0000e-06, 9.9997e-01, 1.0000e-06,
       1.0000e-06, 1.0000e-06, 1.0000e-06, 1.0000e-06, 1.0000e-06,
       1.0000e-06, 1.0000e-06, 1.0000e-06, 1.0000e-06, 1.0000e-06,
       1.0000e-06, 1.0000e-06, 1.0000e-06, 1.0000e-06, 1.0000e-06,
       1.0000e-06])], 56.60713750090586)
